<?xml version="1.0" encoding="utf-8"?>
<CoverageSession xmlns:xsd="http://www.w3.org/2001/XMLSchema" xmlns:xsi="http://www.w3.org/2001/XMLSchema-instance" Version="0.0.0.0">
  <Summary numSequencePoints="308" visitedSequencePoints="228" numBranchPoints="0" visitedBranchPoints="0" sequenceCoverage="74.03" branchCoverage="0.0" maxCyclomaticComplexity="0" minCyclomaticComplexity="0" maxCrapScore="0" minCrapScore="0" visitedClasses="12" numClasses="14" visitedMethods="39" numMethods="46" />
  <Modules>
    <Module>
      <Summary numSequencePoints="210" visitedSequencePoints="138" numBranchPoints="0" visitedBranchPoints="0" sequenceCoverage="65.71" branchCoverage="0.0" maxCyclomaticComplexity="0" minCyclomaticComplexity="0" maxCrapScore="0" minCrapScore="0" visitedClasses="5" numClasses="6" visitedMethods="29" numMethods="35" />
      <ModuleTime>0001-01-01T00:00:00</ModuleTime>
      <ModuleName>GameLogic</ModuleName>
      <Files>
        <File uid="9" fullPath="C:/Users/ITWORK/Desktop/Unity/TimeSplit/Assets/Scripts/DungeonCreator/AbstractNode.cs" />
        <File uid="10" fullPath="C:/Users/ITWORK/Desktop/Unity/TimeSplit/Assets/Scripts/DungeonCreator/BinarySpacePartitioner.cs" />
        <File uid="11" fullPath="C:/Users/ITWORK/Desktop/Unity/TimeSplit/Assets/Scripts/DungeonCreator/CorridorNode.cs" />
        <File uid="12" fullPath="C:/Users/ITWORK/Desktop/Unity/TimeSplit/Assets/Scripts/DungeonCreator/CorridorsGenerator.cs" />
        <File uid="13" fullPath="C:/Users/ITWORK/Desktop/Unity/TimeSplit/Assets/Scripts/DungeonCreator/DungeonGenerator.cs" />
        <File uid="14" fullPath="C:/Users/ITWORK/Desktop/Unity/TimeSplit/Assets/Scripts/DungeonCreator/DungeonMaker.cs" />
        <File uid="15" fullPath="C:/Users/ITWORK/Desktop/Unity/TimeSplit/Assets/Scripts/DungeonCreator/Line.cs" />
        <File uid="16" fullPath="C:/Users/ITWORK/Desktop/Unity/TimeSplit/Assets/Scripts/DungeonCreator/RoomGenerator.cs" />
        <File uid="17" fullPath="C:/Users/ITWORK/Desktop/Unity/TimeSplit/Assets/Scripts/DungeonCreator/RoomNode.cs" />
        <File uid="18" fullPath="C:/Users/ITWORK/Desktop/Unity/TimeSplit/Assets/Scripts/DungeonCreator/StructureHelper.cs" />
        <File uid="19" fullPath="C:/Users/ITWORK/Desktop/Unity/TimeSplit/Assets/Scripts/Enemies/Bullet.cs" />
        <File uid="20" fullPath="C:/Users/ITWORK/Desktop/Unity/TimeSplit/Assets/Scripts/Enemies/Enemy.cs" />
        <File uid="21" fullPath="C:/Users/ITWORK/Desktop/Unity/TimeSplit/Assets/Scripts/Enemies/EnemyHealth.cs" />
        <File uid="22" fullPath="C:/Users/ITWORK/Desktop/Unity/TimeSplit/Assets/Scripts/Enemies/EnemyPath.cs" />
        <File uid="23" fullPath="C:/Users/ITWORK/Desktop/Unity/TimeSplit/Assets/Scripts/Enemies/EnemyStates/AttackState.cs" />
        <File uid="24" fullPath="C:/Users/ITWORK/Desktop/Unity/TimeSplit/Assets/Scripts/Enemies/EnemyStates/CloseAttackState.cs" />
        <File uid="25" fullPath="C:/Users/ITWORK/Desktop/Unity/TimeSplit/Assets/Scripts/Enemies/EnemyStates/PatrolState.cs" />
        <File uid="26" fullPath="C:/Users/ITWORK/Desktop/Unity/TimeSplit/Assets/Scripts/Enemies/EnemyStates/SearchState.cs" />
        <File uid="27" fullPath="C:/Users/ITWORK/Desktop/Unity/TimeSplit/Assets/Scripts/Enemies/EnemyStates/StationaryState.cs" />
        <File uid="28" fullPath="C:/Users/ITWORK/Desktop/Unity/TimeSplit/Assets/Scripts/Enemies/PatrollingEnemy.cs" />
        <File uid="29" fullPath="C:/Users/ITWORK/Desktop/Unity/TimeSplit/Assets/Scripts/Enemies/StateMachine.cs" />
        <File uid="30" fullPath="C:/Users/ITWORK/Desktop/Unity/TimeSplit/Assets/Scripts/Enemies/StationaryEnemy.cs" />
        <File uid="31" fullPath="C:/Users/ITWORK/Desktop/Unity/TimeSplit/Assets/Scripts/Enviroment/LevelEnder.cs" />
        <File uid="32" fullPath="C:/Users/ITWORK/Desktop/Unity/TimeSplit/Assets/Scripts/Generic/MonoSingleton.cs" />
        <File uid="33" fullPath="C:/Users/ITWORK/Desktop/Unity/TimeSplit/Assets/Scripts/HealthAbstract.cs" />
        <File uid="34" fullPath="C:/Users/ITWORK/Desktop/Unity/TimeSplit/Assets/Scripts/InputManager.cs" />
        <File uid="35" fullPath="C:/Users/ITWORK/Desktop/Unity/TimeSplit/Assets/Scripts/Inputs/InputSystem_Actions.cs" />
        <File uid="36" fullPath="C:/Users/ITWORK/Desktop/Unity/TimeSplit/Assets/Scripts/Interactables/AbstractInteractable.cs" />
        <File uid="37" fullPath="C:/Users/ITWORK/Desktop/Unity/TimeSplit/Assets/Scripts/Interactables/PickupableInteractable.cs" />
        <File uid="38" fullPath="C:/Users/ITWORK/Desktop/Unity/TimeSplit/Assets/Scripts/LevelManager.cs" />
        <File uid="39" fullPath="C:/Users/ITWORK/Desktop/Unity/TimeSplit/Assets/Scripts/Player/PlayerHealth.cs" />
        <File uid="40" fullPath="C:/Users/ITWORK/Desktop/Unity/TimeSplit/Assets/Scripts/Player/PlayerHold.cs" />
        <File uid="41" fullPath="C:/Users/ITWORK/Desktop/Unity/TimeSplit/Assets/Scripts/Player/PlayerInteract.cs" />
        <File uid="42" fullPath="C:/Users/ITWORK/Desktop/Unity/TimeSplit/Assets/Scripts/Player/PlayerLook.cs" />
        <File uid="43" fullPath="C:/Users/ITWORK/Desktop/Unity/TimeSplit/Assets/Scripts/Player/PlayerMovement.cs" />
        <File uid="44" fullPath="C:/Users/ITWORK/Desktop/Unity/TimeSplit/Assets/Scripts/TimeControl/CircularArray.cs" />
        <File uid="45" fullPath="C:/Users/ITWORK/Desktop/Unity/TimeSplit/Assets/Scripts/TimeControl/PressToRewind.cs" />
        <File uid="46" fullPath="C:/Users/ITWORK/Desktop/Unity/TimeSplit/Assets/Scripts/TimeControl/RewindAbstract.cs" />
        <File uid="47" fullPath="C:/Users/ITWORK/Desktop/Unity/TimeSplit/Assets/Scripts/TimeControl/RewindController.cs" />
        <File uid="48" fullPath="C:/Users/ITWORK/Desktop/Unity/TimeSplit/Assets/Scripts/TimeControl/RewindHealth.cs" />
        <File uid="49" fullPath="C:/Users/ITWORK/Desktop/Unity/TimeSplit/Assets/Scripts/TimeControl/RewindPoints.cs" />
        <File uid="50" fullPath="C:/Users/ITWORK/Desktop/Unity/TimeSplit/Assets/Scripts/TimeControl/RewindPosition.cs" />
        <File uid="51" fullPath="C:/Users/ITWORK/Desktop/Unity/TimeSplit/Assets/Scripts/TimeControl/RewindRigidbody.cs" />
        <File uid="52" fullPath="C:/Users/ITWORK/Desktop/Unity/TimeSplit/Assets/Scripts/UI/PointsController.cs" />
        <File uid="53" fullPath="C:/Users/ITWORK/Desktop/Unity/TimeSplit/Assets/Scripts/UI/PostProcessingManager.cs" />
        <File uid="54" fullPath="C:/Users/ITWORK/Desktop/Unity/TimeSplit/Assets/Scripts/UI/TimeClockHandController.cs" />
        <File uid="55" fullPath="C:/Users/ITWORK/Desktop/Unity/TimeSplit/Assets/Scripts/UI/TitleUiManager.cs" />
        <File uid="56" fullPath="C:/Users/ITWORK/Desktop/Unity/TimeSplit/Assets/Scripts/UI/UIManager.cs" />
        <File uid="57" fullPath="C:/Users/ITWORK/Desktop/Unity/TimeSplit/Assets/Scripts/Utils/FuzzyCompare.cs" />
        <File uid="58" fullPath="C:/Users/ITWORK/Desktop/Unity/TimeSplit/Assets/Scripts/Weapons/ShootableObject.cs" />
      </Files>
      <Classes>
        <Class>
          <Summary numSequencePoints="68" visitedSequencePoints="38" numBranchPoints="0" visitedBranchPoints="0" sequenceCoverage="55.88" branchCoverage="0.0" maxCyclomaticComplexity="0" minCyclomaticComplexity="0" maxCrapScore="0" minCrapScore="0" visitedClasses="1" numClasses="1" visitedMethods="5" numMethods="6" />
          <FullName>MonoSingleton[T]</FullName>
          <Methods>
            <Method visited="true" cyclomaticComplexity="0" nPathComplexity="0" sequenceCoverage="60.00" branchCoverage="0" crapScore="0" isConstructor="false" isStatic="true" isGetter="true" isSetter="false">
              <Summary numSequencePoints="15" visitedSequencePoints="9" numBranchPoints="0" visitedBranchPoints="0" sequenceCoverage="60.00" branchCoverage="0" maxCyclomaticComplexity="0" minCyclomaticComplexity="0" maxCrapScore="0" minCrapScore="0" visitedClasses="0" numClasses="0" visitedMethods="1" numMethods="1" />
              <MetadataToken>100663435</MetadataToken>
              <Name>static T MonoSingleton[T]::get_instance()</Name>
              <FileRef uid="32" />
              <SequencePoints>
                <SequencePoint vc="39" uspid="5144" ordinal="0" offset="0" sl="33" sc="0" el="33" ec="0" bec="0" bev="0" fileid="32" />
                <SequencePoint vc="39" uspid="5145" ordinal="0" offset="1" sl="35" sc="0" el="35" ec="0" bec="0" bev="0" fileid="32" />
                <SequencePoint vc="2" uspid="5146" ordinal="0" offset="21" sl="36" sc="0" el="36" ec="0" bec="0" bev="0" fileid="32" />
                <SequencePoint vc="2" uspid="5147" ordinal="0" offset="22" sl="37" sc="0" el="37" ec="0" bec="0" bev="0" fileid="32" />
                <SequencePoint vc="37" uspid="5148" ordinal="0" offset="30" sl="40" sc="0" el="40" ec="0" bec="0" bev="0" fileid="32" />
                <SequencePoint vc="37" uspid="5149" ordinal="0" offset="36" sl="41" sc="0" el="41" ec="0" bec="0" bev="0" fileid="32" />
                <SequencePoint vc="37" uspid="5150" ordinal="0" offset="51" sl="42" sc="0" el="42" ec="0" bec="0" bev="0" fileid="32" />
                <SequencePoint vc="37" uspid="5151" ordinal="0" offset="52" sl="43" sc="0" el="43" ec="0" bec="0" bev="0" fileid="32" />
                <SequencePoint vc="0" uspid="5152" ordinal="0" offset="65" sl="46" sc="0" el="46" ec="0" bec="0" bev="0" fileid="32" />
                <SequencePoint vc="0" uspid="5153" ordinal="0" offset="107" sl="47" sc="0" el="47" ec="0" bec="0" bev="0" fileid="32" />
                <SequencePoint vc="0" uspid="5154" ordinal="0" offset="118" sl="48" sc="0" el="48" ec="0" bec="0" bev="0" fileid="32" />
                <SequencePoint vc="0" uspid="5155" ordinal="0" offset="119" sl="49" sc="0" el="49" ec="0" bec="0" bev="0" fileid="32" />
                <SequencePoint vc="0" uspid="5156" ordinal="0" offset="141" sl="50" sc="0" el="50" ec="0" bec="0" bev="0" fileid="32" />
                <SequencePoint vc="0" uspid="5157" ordinal="0" offset="142" sl="51" sc="0" el="51" ec="0" bec="0" bev="0" fileid="32" />
                <SequencePoint vc="39" uspid="5158" ordinal="0" offset="150" sl="52" sc="0" el="52" ec="0" bec="0" bev="0" fileid="32" />
              </SequencePoints>
              <BranchPoints />
            </Method>
            <Method visited="true" cyclomaticComplexity="0" nPathComplexity="0" sequenceCoverage="58.33" branchCoverage="0" crapScore="0" isConstructor="false" isStatic="false" isGetter="false" isSetter="false">
              <Summary numSequencePoints="12" visitedSequencePoints="7" numBranchPoints="0" visitedBranchPoints="0" sequenceCoverage="58.33" branchCoverage="0" maxCyclomaticComplexity="0" minCyclomaticComplexity="0" maxCrapScore="0" minCrapScore="0" visitedClasses="0" numClasses="0" visitedMethods="1" numMethods="1" />
              <MetadataToken>100663436</MetadataToken>
              <Name>System.Void MonoSingleton[T]::Awake()</Name>
              <FileRef uid="32" />
              <SequencePoints>
                <SequencePoint vc="2" uspid="5159" ordinal="0" offset="0" sl="58" sc="0" el="58" ec="0" bec="0" bev="0" fileid="32" />
                <SequencePoint vc="2" uspid="5160" ordinal="0" offset="1" sl="59" sc="0" el="59" ec="0" bec="0" bev="0" fileid="32" />
                <SequencePoint vc="2" uspid="5161" ordinal="0" offset="66" sl="60" sc="0" el="60" ec="0" bec="0" bev="0" fileid="32" />
                <SequencePoint vc="2" uspid="5162" ordinal="0" offset="67" sl="61" sc="0" el="61" ec="0" bec="0" bev="0" fileid="32" />
                <SequencePoint vc="2" uspid="5163" ordinal="0" offset="78" sl="62" sc="0" el="62" ec="0" bec="0" bev="0" fileid="32" />
                <SequencePoint vc="0" uspid="5164" ordinal="0" offset="81" sl="63" sc="0" el="63" ec="0" bec="0" bev="0" fileid="32" />
                <SequencePoint vc="0" uspid="5165" ordinal="0" offset="101" sl="64" sc="0" el="64" ec="0" bec="0" bev="0" fileid="32" />
                <SequencePoint vc="0" uspid="5166" ordinal="0" offset="102" sl="65" sc="0" el="65" ec="0" bec="0" bev="0" fileid="32" />
                <SequencePoint vc="0" uspid="5167" ordinal="0" offset="124" sl="66" sc="0" el="66" ec="0" bec="0" bev="0" fileid="32" />
                <SequencePoint vc="0" uspid="5168" ordinal="0" offset="131" sl="67" sc="0" el="67" ec="0" bec="0" bev="0" fileid="32" />
                <SequencePoint vc="2" uspid="5169" ordinal="0" offset="133" sl="69" sc="0" el="69" ec="0" bec="0" bev="0" fileid="32" />
                <SequencePoint vc="2" uspid="5170" ordinal="0" offset="149" sl="70" sc="0" el="70" ec="0" bec="0" bev="0" fileid="32" />
              </SequencePoints>
              <BranchPoints />
            </Method>
            <Method visited="true" cyclomaticComplexity="0" nPathComplexity="0" sequenceCoverage="50.00" branchCoverage="0" crapScore="0" isConstructor="false" isStatic="false" isGetter="false" isSetter="false">
              <Summary numSequencePoints="16" visitedSequencePoints="8" numBranchPoints="0" visitedBranchPoints="0" sequenceCoverage="50.00" branchCoverage="0" maxCyclomaticComplexity="0" minCyclomaticComplexity="0" maxCrapScore="0" minCrapScore="0" visitedClasses="0" numClasses="0" visitedMethods="1" numMethods="1" />
              <MetadataToken>100663437</MetadataToken>
              <Name>System.Void MonoSingleton[T]::Init()</Name>
              <FileRef uid="32" />
              <SequencePoints>
                <SequencePoint vc="2" uspid="5171" ordinal="0" offset="0" sl="77" sc="0" el="77" ec="0" bec="0" bev="0" fileid="32" />
                <SequencePoint vc="2" uspid="5172" ordinal="0" offset="1" sl="78" sc="0" el="78" ec="0" bec="0" bev="0" fileid="32" />
                <SequencePoint vc="0" uspid="5173" ordinal="0" offset="11" sl="79" sc="0" el="79" ec="0" bec="0" bev="0" fileid="32" />
                <SequencePoint vc="0" uspid="5174" ordinal="0" offset="12" sl="80" sc="0" el="80" ec="0" bec="0" bev="0" fileid="32" />
                <SequencePoint vc="2" uspid="5175" ordinal="0" offset="14" sl="83" sc="0" el="83" ec="0" bec="0" bev="0" fileid="32" />
                <SequencePoint vc="0" uspid="5176" ordinal="0" offset="24" sl="84" sc="0" el="84" ec="0" bec="0" bev="0" fileid="32" />
                <SequencePoint vc="0" uspid="5177" ordinal="0" offset="25" sl="85" sc="0" el="85" ec="0" bec="0" bev="0" fileid="32" />
                <SequencePoint vc="0" uspid="5178" ordinal="0" offset="37" sl="86" sc="0" el="86" ec="0" bec="0" bev="0" fileid="32" />
                <SequencePoint vc="2" uspid="5179" ordinal="0" offset="38" sl="88" sc="0" el="88" ec="0" bec="0" bev="0" fileid="32" />
                <SequencePoint vc="0" uspid="5180" ordinal="0" offset="48" sl="89" sc="0" el="89" ec="0" bec="0" bev="0" fileid="32" />
                <SequencePoint vc="0" uspid="5181" ordinal="0" offset="49" sl="90" sc="0" el="90" ec="0" bec="0" bev="0" fileid="32" />
                <SequencePoint vc="0" uspid="5182" ordinal="0" offset="62" sl="91" sc="0" el="91" ec="0" bec="0" bev="0" fileid="32" />
                <SequencePoint vc="2" uspid="5183" ordinal="0" offset="63" sl="93" sc="0" el="93" ec="0" bec="0" bev="0" fileid="32" />
                <SequencePoint vc="2" uspid="5184" ordinal="0" offset="81" sl="95" sc="0" el="95" ec="0" bec="0" bev="0" fileid="32" />
                <SequencePoint vc="2" uspid="5185" ordinal="0" offset="88" sl="96" sc="0" el="96" ec="0" bec="0" bev="0" fileid="32" />
                <SequencePoint vc="2" uspid="5186" ordinal="0" offset="95" sl="97" sc="0" el="97" ec="0" bec="0" bev="0" fileid="32" />
              </SequencePoints>
              <BranchPoints />
            </Method>
            <Method visited="true" cyclomaticComplexity="0" nPathComplexity="0" sequenceCoverage="50.00" branchCoverage="0" crapScore="0" isConstructor="false" isStatic="false" isGetter="false" isSetter="false">
              <Summary numSequencePoints="12" visitedSequencePoints="6" numBranchPoints="0" visitedBranchPoints="0" sequenceCoverage="50.00" branchCoverage="0" maxCyclomaticComplexity="0" minCyclomaticComplexity="0" maxCrapScore="0" minCrapScore="0" visitedClasses="0" numClasses="0" visitedMethods="1" numMethods="1" />
              <MetadataToken>100663438</MetadataToken>
              <Name>System.Void MonoSingleton[T]::SceneManagerOnActiveSceneChanged(UnityEngine.SceneManagement.Scene, UnityEngine.SceneManagement.Scene)</Name>
              <FileRef uid="32" />
              <SequencePoints>
                <SequencePoint vc="2" uspid="5187" ordinal="0" offset="0" sl="100" sc="0" el="100" ec="0" bec="0" bev="0" fileid="32" />
                <SequencePoint vc="2" uspid="5188" ordinal="0" offset="1" sl="102" sc="0" el="102" ec="0" bec="0" bev="0" fileid="32" />
                <SequencePoint vc="0" uspid="5189" ordinal="0" offset="37" sl="103" sc="0" el="103" ec="0" bec="0" bev="0" fileid="32" />
                <SequencePoint vc="0" uspid="5190" ordinal="0" offset="38" sl="104" sc="0" el="104" ec="0" bec="0" bev="0" fileid="32" />
                <SequencePoint vc="0" uspid="5191" ordinal="0" offset="56" sl="105" sc="0" el="105" ec="0" bec="0" bev="0" fileid="32" />
                <SequencePoint vc="0" uspid="5192" ordinal="0" offset="67" sl="106" sc="0" el="106" ec="0" bec="0" bev="0" fileid="32" />
                <SequencePoint vc="2" uspid="5193" ordinal="0" offset="69" sl="109" sc="0" el="109" ec="0" bec="0" bev="0" fileid="32" />
                <SequencePoint vc="0" uspid="5194" ordinal="0" offset="79" sl="110" sc="0" el="110" ec="0" bec="0" bev="0" fileid="32" />
                <SequencePoint vc="0" uspid="5195" ordinal="0" offset="80" sl="111" sc="0" el="111" ec="0" bec="0" bev="0" fileid="32" />
                <SequencePoint vc="2" uspid="5196" ordinal="0" offset="82" sl="114" sc="0" el="114" ec="0" bec="0" bev="0" fileid="32" />
                <SequencePoint vc="2" uspid="5197" ordinal="0" offset="100" sl="115" sc="0" el="115" ec="0" bec="0" bev="0" fileid="32" />
                <SequencePoint vc="2" uspid="5198" ordinal="0" offset="111" sl="116" sc="0" el="116" ec="0" bec="0" bev="0" fileid="32" />
              </SequencePoints>
              <BranchPoints />
            </Method>
            <Method visited="false" cyclomaticComplexity="0" nPathComplexity="0" sequenceCoverage="0.0" branchCoverage="0" crapScore="0" isConstructor="false" isStatic="false" isGetter="false" isSetter="false">
              <Summary numSequencePoints="3" visitedSequencePoints="0" numBranchPoints="0" visitedBranchPoints="0" sequenceCoverage="0.0" branchCoverage="0" maxCyclomaticComplexity="0" minCyclomaticComplexity="0" maxCrapScore="0" minCrapScore="0" visitedClasses="0" numClasses="0" visitedMethods="0" numMethods="1" />
              <MetadataToken>100663440</MetadataToken>
              <Name>System.Void MonoSingleton[T]::OnApplicationQuit()</Name>
              <FileRef uid="32" />
              <SequencePoints>
                <SequencePoint vc="0" uspid="5199" ordinal="0" offset="0" sl="122" sc="0" el="122" ec="0" bec="0" bev="0" fileid="32" />
                <SequencePoint vc="0" uspid="5200" ordinal="0" offset="1" sl="123" sc="0" el="123" ec="0" bec="0" bev="0" fileid="32" />
                <SequencePoint vc="0" uspid="5201" ordinal="0" offset="12" sl="124" sc="0" el="124" ec="0" bec="0" bev="0" fileid="32" />
              </SequencePoints>
              <BranchPoints />
            </Method>
            <Method visited="true" cyclomaticComplexity="0" nPathComplexity="0" sequenceCoverage="80.00" branchCoverage="0" crapScore="0" isConstructor="false" isStatic="false" isGetter="false" isSetter="false">
              <Summary numSequencePoints="10" visitedSequencePoints="8" numBranchPoints="0" visitedBranchPoints="0" sequenceCoverage="80.00" branchCoverage="0" maxCyclomaticComplexity="0" minCyclomaticComplexity="0" maxCrapScore="0" minCrapScore="0" visitedClasses="0" numClasses="0" visitedMethods="1" numMethods="1" />
              <MetadataToken>100663441</MetadataToken>
              <Name>System.Void MonoSingleton[T]::OnDestroy()</Name>
              <FileRef uid="32" />
              <SequencePoints>
                <SequencePoint vc="2" uspid="5202" ordinal="0" offset="0" sl="127" sc="0" el="127" ec="0" bec="0" bev="0" fileid="32" />
                <SequencePoint vc="2" uspid="5203" ordinal="0" offset="1" sl="129" sc="0" el="129" ec="0" bec="0" bev="0" fileid="32" />
                <SequencePoint vc="2" uspid="5204" ordinal="0" offset="19" sl="131" sc="0" el="131" ec="0" bec="0" bev="0" fileid="32" />
                <SequencePoint vc="2" uspid="5205" ordinal="0" offset="26" sl="132" sc="0" el="132" ec="0" bec="0" bev="0" fileid="32" />
                <SequencePoint vc="2" uspid="5206" ordinal="0" offset="33" sl="133" sc="0" el="133" ec="0" bec="0" bev="0" fileid="32" />
                <SequencePoint vc="2" uspid="5207" ordinal="0" offset="53" sl="134" sc="0" el="134" ec="0" bec="0" bev="0" fileid="32" />
                <SequencePoint vc="2" uspid="5208" ordinal="0" offset="54" sl="135" sc="0" el="135" ec="0" bec="0" bev="0" fileid="32" />
                <SequencePoint vc="0" uspid="5209" ordinal="0" offset="56" sl="137" sc="0" el="137" ec="0" bec="0" bev="0" fileid="32" />
                <SequencePoint vc="0" uspid="5210" ordinal="0" offset="67" sl="138" sc="0" el="138" ec="0" bec="0" bev="0" fileid="32" />
                <SequencePoint vc="2" uspid="5211" ordinal="0" offset="74" sl="139" sc="0" el="139" ec="0" bec="0" bev="0" fileid="32" />
              </SequencePoints>
              <BranchPoints />
            </Method>
          </Methods>
        </Class>
        <Class>
          <Summary numSequencePoints="47" visitedSequencePoints="22" numBranchPoints="0" visitedBranchPoints="0" sequenceCoverage="46.81" branchCoverage="0.0" maxCyclomaticComplexity="0" minCyclomaticComplexity="0" maxCrapScore="0" minCrapScore="0" visitedClasses="1" numClasses="1" visitedMethods="3" numMethods="7" />
          <FullName>CircularArray[T]</FullName>
          <Methods>
            <Method visited="true" cyclomaticComplexity="0" nPathComplexity="0" sequenceCoverage="100.0" branchCoverage="0" crapScore="0" isConstructor="false" isStatic="false" isGetter="false" isSetter="false">
              <Summary numSequencePoints="11" visitedSequencePoints="11" numBranchPoints="0" visitedBranchPoints="0" sequenceCoverage="100.0" branchCoverage="0" maxCyclomaticComplexity="0" minCyclomaticComplexity="0" maxCrapScore="0" minCrapScore="0" visitedClasses="0" numClasses="0" visitedMethods="1" numMethods="1" />
              <MetadataToken>100663540</MetadataToken>
              <Name>System.Void CircularArray[T]::Write(T)</Name>
              <FileRef uid="44" />
              <SequencePoints>
                <SequencePoint vc="78460000" uspid="5698" ordinal="0" offset="0" sl="23" sc="0" el="23" ec="0" bec="0" bev="0" fileid="44" />
                <SequencePoint vc="78460000" uspid="5699" ordinal="0" offset="1" sl="24" sc="0" el="24" ec="0" bec="0" bev="0" fileid="44" />
                <SequencePoint vc="78460000" uspid="5700" ordinal="0" offset="15" sl="25" sc="0" el="25" ec="0" bec="0" bev="0" fileid="44" />
                <SequencePoint vc="260000" uspid="5701" ordinal="0" offset="36" sl="26" sc="0" el="26" ec="0" bec="0" bev="0" fileid="44" />
                <SequencePoint vc="260000" uspid="5702" ordinal="0" offset="37" sl="27" sc="0" el="27" ec="0" bec="0" bev="0" fileid="44" />
                <SequencePoint vc="260000" uspid="5703" ordinal="0" offset="44" sl="28" sc="0" el="28" ec="0" bec="0" bev="0" fileid="44" />
                <SequencePoint vc="260000" uspid="5704" ordinal="0" offset="62" sl="29" sc="0" el="29" ec="0" bec="0" bev="0" fileid="44" />
                <SequencePoint vc="78200000" uspid="5705" ordinal="0" offset="65" sl="31" sc="0" el="31" ec="0" bec="0" bev="0" fileid="44" />
                <SequencePoint vc="78200000" uspid="5706" ordinal="0" offset="66" sl="32" sc="0" el="32" ec="0" bec="0" bev="0" fileid="44" />
                <SequencePoint vc="78200000" uspid="5707" ordinal="0" offset="84" sl="33" sc="0" el="33" ec="0" bec="0" bev="0" fileid="44" />
                <SequencePoint vc="78460000" uspid="5708" ordinal="0" offset="85" sl="34" sc="0" el="34" ec="0" bec="0" bev="0" fileid="44" />
              </SequencePoints>
              <BranchPoints />
            </Method>
            <Method visited="false" cyclomaticComplexity="0" nPathComplexity="0" sequenceCoverage="0.0" branchCoverage="0" crapScore="0" isConstructor="false" isStatic="false" isGetter="false" isSetter="false">
              <Summary numSequencePoints="3" visitedSequencePoints="0" numBranchPoints="0" visitedBranchPoints="0" sequenceCoverage="0.0" branchCoverage="0" maxCyclomaticComplexity="0" minCyclomaticComplexity="0" maxCrapScore="0" minCrapScore="0" visitedClasses="0" numClasses="0" visitedMethods="0" numMethods="1" />
              <MetadataToken>100663541</MetadataToken>
              <Name>T CircularArray[T]::GetLastValue()</Name>
              <FileRef uid="44" />
              <SequencePoints>
                <SequencePoint vc="0" uspid="5709" ordinal="0" offset="0" sl="37" sc="0" el="37" ec="0" bec="0" bev="0" fileid="44" />
                <SequencePoint vc="0" uspid="5710" ordinal="0" offset="1" sl="38" sc="0" el="38" ec="0" bec="0" bev="0" fileid="44" />
                <SequencePoint vc="0" uspid="5711" ordinal="0" offset="21" sl="39" sc="0" el="39" ec="0" bec="0" bev="0" fileid="44" />
              </SequencePoints>
              <BranchPoints />
            </Method>
            <Method visited="false" cyclomaticComplexity="0" nPathComplexity="0" sequenceCoverage="0.0" branchCoverage="0" crapScore="0" isConstructor="false" isStatic="false" isGetter="false" isSetter="false">
              <Summary numSequencePoints="9" visitedSequencePoints="0" numBranchPoints="0" visitedBranchPoints="0" sequenceCoverage="0.0" branchCoverage="0" maxCyclomaticComplexity="0" minCyclomaticComplexity="0" maxCrapScore="0" minCrapScore="0" visitedClasses="0" numClasses="0" visitedMethods="0" numMethods="1" />
              <MetadataToken>100663542</MetadataToken>
              <Name>T CircularArray[T]::GetValue(System.Single)</Name>
              <FileRef uid="44" />
              <SequencePoints>
                <SequencePoint vc="0" uspid="5712" ordinal="0" offset="0" sl="42" sc="0" el="42" ec="0" bec="0" bev="0" fileid="44" />
                <SequencePoint vc="0" uspid="5713" ordinal="0" offset="1" sl="43" sc="0" el="43" ec="0" bec="0" bev="0" fileid="44" />
                <SequencePoint vc="0" uspid="5714" ordinal="0" offset="11" sl="45" sc="0" el="45" ec="0" bec="0" bev="0" fileid="44" />
                <SequencePoint vc="0" uspid="5715" ordinal="0" offset="26" sl="46" sc="0" el="46" ec="0" bec="0" bev="0" fileid="44" />
                <SequencePoint vc="0" uspid="5716" ordinal="0" offset="27" sl="47" sc="0" el="47" ec="0" bec="0" bev="0" fileid="44" />
                <SequencePoint vc="0" uspid="5717" ordinal="0" offset="43" sl="48" sc="0" el="48" ec="0" bec="0" bev="0" fileid="44" />
                <SequencePoint vc="0" uspid="5718" ordinal="0" offset="58" sl="51" sc="0" el="51" ec="0" bec="0" bev="0" fileid="44" />
                <SequencePoint vc="0" uspid="5719" ordinal="0" offset="59" sl="52" sc="0" el="52" ec="0" bec="0" bev="0" fileid="44" />
                <SequencePoint vc="0" uspid="5720" ordinal="0" offset="81" sl="54" sc="0" el="54" ec="0" bec="0" bev="0" fileid="44" />
              </SequencePoints>
              <BranchPoints />
            </Method>
            <Method visited="false" cyclomaticComplexity="0" nPathComplexity="0" sequenceCoverage="0.0" branchCoverage="0" crapScore="0" isConstructor="false" isStatic="false" isGetter="false" isSetter="false">
              <Summary numSequencePoints="10" visitedSequencePoints="0" numBranchPoints="0" visitedBranchPoints="0" sequenceCoverage="0.0" branchCoverage="0" maxCyclomaticComplexity="0" minCyclomaticComplexity="0" maxCrapScore="0" minCrapScore="0" visitedClasses="0" numClasses="0" visitedMethods="0" numMethods="1" />
              <MetadataToken>100663543</MetadataToken>
              <Name>System.Void CircularArray[T]::MoveCurrentIndex(System.Single)</Name>
              <FileRef uid="44" />
              <SequencePoints>
                <SequencePoint vc="0" uspid="5721" ordinal="0" offset="0" sl="56" sc="0" el="56" ec="0" bec="0" bev="0" fileid="44" />
                <SequencePoint vc="0" uspid="5722" ordinal="0" offset="1" sl="57" sc="0" el="57" ec="0" bec="0" bev="0" fileid="44" />
                <SequencePoint vc="0" uspid="5723" ordinal="0" offset="11" sl="59" sc="0" el="59" ec="0" bec="0" bev="0" fileid="44" />
                <SequencePoint vc="0" uspid="5724" ordinal="0" offset="26" sl="60" sc="0" el="60" ec="0" bec="0" bev="0" fileid="44" />
                <SequencePoint vc="0" uspid="5725" ordinal="0" offset="27" sl="61" sc="0" el="61" ec="0" bec="0" bev="0" fileid="44" />
                <SequencePoint vc="0" uspid="5726" ordinal="0" offset="48" sl="62" sc="0" el="62" ec="0" bec="0" bev="0" fileid="44" />
                <SequencePoint vc="0" uspid="5727" ordinal="0" offset="51" sl="64" sc="0" el="64" ec="0" bec="0" bev="0" fileid="44" />
                <SequencePoint vc="0" uspid="5728" ordinal="0" offset="52" sl="65" sc="0" el="65" ec="0" bec="0" bev="0" fileid="44" />
                <SequencePoint vc="0" uspid="5729" ordinal="0" offset="66" sl="66" sc="0" el="66" ec="0" bec="0" bev="0" fileid="44" />
                <SequencePoint vc="0" uspid="5730" ordinal="0" offset="67" sl="67" sc="0" el="67" ec="0" bec="0" bev="0" fileid="44" />
              </SequencePoints>
              <BranchPoints />
            </Method>
            <Method visited="false" cyclomaticComplexity="0" nPathComplexity="0" sequenceCoverage="0.0" branchCoverage="0" crapScore="0" isConstructor="false" isStatic="false" isGetter="false" isSetter="false">
              <Summary numSequencePoints="3" visitedSequencePoints="0" numBranchPoints="0" visitedBranchPoints="0" sequenceCoverage="0.0" branchCoverage="0" maxCyclomaticComplexity="0" minCyclomaticComplexity="0" maxCrapScore="0" minCrapScore="0" visitedClasses="0" numClasses="0" visitedMethods="0" numMethods="1" />
              <MetadataToken>100663544</MetadataToken>
              <Name>System.Void CircularArray[T]::OnMoveCurrentIndex(System.Single)</Name>
              <FileRef uid="44" />
              <SequencePoints>
                <SequencePoint vc="0" uspid="5731" ordinal="0" offset="0" sl="69" sc="0" el="69" ec="0" bec="0" bev="0" fileid="44" />
                <SequencePoint vc="0" uspid="5732" ordinal="0" offset="1" sl="70" sc="0" el="70" ec="0" bec="0" bev="0" fileid="44" />
                <SequencePoint vc="0" uspid="5733" ordinal="0" offset="9" sl="71" sc="0" el="71" ec="0" bec="0" bev="0" fileid="44" />
              </SequencePoints>
              <BranchPoints />
            </Method>
            <Method visited="true" cyclomaticComplexity="0" nPathComplexity="0" sequenceCoverage="100.0" branchCoverage="0" crapScore="0" isConstructor="true" isStatic="false" isGetter="false" isSetter="false">
              <Summary numSequencePoints="3" visitedSequencePoints="3" numBranchPoints="0" visitedBranchPoints="0" sequenceCoverage="100.0" branchCoverage="0" maxCyclomaticComplexity="0" minCyclomaticComplexity="0" maxCrapScore="0" minCrapScore="0" visitedClasses="0" numClasses="0" visitedMethods="1" numMethods="1" />
              <MetadataToken>100663538</MetadataToken>
              <Name>CircularArray[T]::CircularArray()</Name>
              <FileRef uid="44" />
              <SequencePoints>
                <SequencePoint vc="40000" uspid="5734" ordinal="0" offset="0" sl="10" sc="0" el="10" ec="0" bec="0" bev="0" fileid="44" />
                <SequencePoint vc="40000" uspid="5735" ordinal="0" offset="13" sl="11" sc="0" el="11" ec="0" bec="0" bev="0" fileid="44" />
                <SequencePoint vc="40000" uspid="5736" ordinal="0" offset="14" sl="12" sc="0" el="12" ec="0" bec="0" bev="0" fileid="44" />
              </SequencePoints>
              <BranchPoints />
            </Method>
            <Method visited="true" cyclomaticComplexity="0" nPathComplexity="0" sequenceCoverage="100.0" branchCoverage="0" crapScore="0" isConstructor="true" isStatic="false" isGetter="false" isSetter="false">
              <Summary numSequencePoints="8" visitedSequencePoints="8" numBranchPoints="0" visitedBranchPoints="0" sequenceCoverage="100.0" branchCoverage="0" maxCyclomaticComplexity="0" minCyclomaticComplexity="0" maxCrapScore="0" minCrapScore="0" visitedClasses="0" numClasses="0" visitedMethods="1" numMethods="1" />
              <MetadataToken>100663539</MetadataToken>
              <Name>CircularArray[T]::CircularArray(System.Int32)</Name>
              <FileRef uid="44" />
              <SequencePoints>
                <SequencePoint vc="40000" uspid="5737" ordinal="0" offset="0" sl="6" sc="0" el="6" ec="0" bec="0" bev="0" fileid="44" />
                <SequencePoint vc="40000" uspid="5738" ordinal="0" offset="7" sl="14" sc="0" el="14" ec="0" bec="0" bev="0" fileid="44" />
                <SequencePoint vc="40000" uspid="5739" ordinal="0" offset="14" sl="15" sc="0" el="15" ec="0" bec="0" bev="0" fileid="44" />
                <SequencePoint vc="40000" uspid="5740" ordinal="0" offset="15" sl="16" sc="0" el="16" ec="0" bec="0" bev="0" fileid="44" />
                <SequencePoint vc="40000" uspid="5741" ordinal="0" offset="32" sl="17" sc="0" el="17" ec="0" bec="0" bev="0" fileid="44" />
                <SequencePoint vc="40000" uspid="5742" ordinal="0" offset="48" sl="18" sc="0" el="18" ec="0" bec="0" bev="0" fileid="44" />
                <SequencePoint vc="40000" uspid="5743" ordinal="0" offset="65" sl="19" sc="0" el="19" ec="0" bec="0" bev="0" fileid="44" />
                <SequencePoint vc="40000" uspid="5744" ordinal="0" offset="97" sl="20" sc="0" el="20" ec="0" bec="0" bev="0" fileid="44" />
              </SequencePoints>
              <BranchPoints />
            </Method>
          </Methods>
        </Class>
        <Class>
          <Summary numSequencePoints="50" visitedSequencePoints="45" numBranchPoints="0" visitedBranchPoints="0" sequenceCoverage="90.00" branchCoverage="0.0" maxCyclomaticComplexity="0" minCyclomaticComplexity="0" maxCrapScore="0" minCrapScore="0" visitedClasses="1" numClasses="1" visitedMethods="12" numMethods="12" />
          <FullName>RewindAbstract</FullName>
          <Methods>
            <Method visited="true" cyclomaticComplexity="0" nPathComplexity="0" sequenceCoverage="100.0" branchCoverage="0" crapScore="0" isConstructor="false" isStatic="false" isGetter="true" isSetter="false">
              <Summary numSequencePoints="1" visitedSequencePoints="1" numBranchPoints="0" visitedBranchPoints="0" sequenceCoverage="100.0" branchCoverage="0" maxCyclomaticComplexity="0" minCyclomaticComplexity="0" maxCrapScore="0" minCrapScore="0" visitedClasses="0" numClasses="0" visitedMethods="1" numMethods="1" />
              <MetadataToken>100663556</MetadataToken>
              <Name>System.Boolean RewindAbstract::get_IsTracking()</Name>
              <FileRef uid="46" />
              <SequencePoints>
                <SequencePoint vc="185000" uspid="5804" ordinal="0" offset="0" sl="5" sc="30" el="5" ec="30" bec="0" bev="0" fileid="46" />
              </SequencePoints>
              <BranchPoints />
            </Method>
            <Method visited="true" cyclomaticComplexity="0" nPathComplexity="0" sequenceCoverage="100.0" branchCoverage="0" crapScore="0" isConstructor="false" isStatic="false" isGetter="false" isSetter="true">
              <Summary numSequencePoints="1" visitedSequencePoints="1" numBranchPoints="0" visitedBranchPoints="0" sequenceCoverage="100.0" branchCoverage="0" maxCyclomaticComplexity="0" minCyclomaticComplexity="0" maxCrapScore="0" minCrapScore="0" visitedClasses="0" numClasses="0" visitedMethods="1" numMethods="1" />
              <MetadataToken>100663557</MetadataToken>
              <Name>System.Void RewindAbstract::set_IsTracking(System.Boolean)</Name>
              <FileRef uid="46" />
              <SequencePoints>
                <SequencePoint vc="25000" uspid="5805" ordinal="0" offset="0" sl="5" sc="35" el="5" ec="35" bec="0" bev="0" fileid="46" />
              </SequencePoints>
              <BranchPoints />
            </Method>
            <Method visited="true" cyclomaticComplexity="0" nPathComplexity="0" sequenceCoverage="100.0" branchCoverage="0" crapScore="0" isConstructor="false" isStatic="false" isGetter="false" isSetter="false">
              <Summary numSequencePoints="5" visitedSequencePoints="5" numBranchPoints="0" visitedBranchPoints="0" sequenceCoverage="100.0" branchCoverage="0" maxCyclomaticComplexity="0" minCyclomaticComplexity="0" maxCrapScore="0" minCrapScore="0" visitedClasses="0" numClasses="0" visitedMethods="1" numMethods="1" />
              <MetadataToken>100663558</MetadataToken>
              <Name>System.Void RewindAbstract::MainInit()</Name>
              <FileRef uid="46" />
              <SequencePoints>
                <SequencePoint vc="20000" uspid="5806" ordinal="0" offset="0" sl="8" sc="5" el="8" ec="5" bec="0" bev="0" fileid="46" />
                <SequencePoint vc="20000" uspid="5807" ordinal="0" offset="1" sl="9" sc="9" el="9" ec="9" bec="0" bev="0" fileid="46" />
                <SequencePoint vc="20000" uspid="5808" ordinal="0" offset="12" sl="10" sc="9" el="10" ec="9" bec="0" bev="0" fileid="46" />
                <SequencePoint vc="20000" uspid="5809" ordinal="0" offset="23" sl="12" sc="9" el="12" ec="9" bec="0" bev="0" fileid="46" />
                <SequencePoint vc="20000" uspid="5810" ordinal="0" offset="31" sl="13" sc="5" el="13" ec="5" bec="0" bev="0" fileid="46" />
              </SequencePoints>
              <BranchPoints />
            </Method>
            <Method visited="true" cyclomaticComplexity="0" nPathComplexity="0" sequenceCoverage="100.0" branchCoverage="0" crapScore="0" isConstructor="false" isStatic="false" isGetter="false" isSetter="false">
              <Summary numSequencePoints="4" visitedSequencePoints="4" numBranchPoints="0" visitedBranchPoints="0" sequenceCoverage="100.0" branchCoverage="0" maxCyclomaticComplexity="0" minCyclomaticComplexity="0" maxCrapScore="0" minCrapScore="0" visitedClasses="0" numClasses="0" visitedMethods="1" numMethods="1" />
              <MetadataToken>100663559</MetadataToken>
              <Name>System.Void RewindAbstract::FixedUpdate()</Name>
              <FileRef uid="46" />
              <SequencePoints>
                <SequencePoint vc="185000" uspid="5811" ordinal="0" offset="0" sl="16" sc="5" el="16" ec="5" bec="0" bev="0" fileid="46" />
                <SequencePoint vc="185000" uspid="5812" ordinal="0" offset="1" sl="17" sc="9" el="17" ec="9" bec="0" bev="0" fileid="46" />
                <SequencePoint vc="100000" uspid="5813" ordinal="0" offset="11" sl="18" sc="13" el="18" ec="13" bec="0" bev="0" fileid="46" />
                <SequencePoint vc="185000" uspid="5814" ordinal="0" offset="18" sl="19" sc="5" el="19" ec="5" bec="0" bev="0" fileid="46" />
              </SequencePoints>
              <BranchPoints />
            </Method>
            <Method visited="true" cyclomaticComplexity="0" nPathComplexity="0" sequenceCoverage="100.0" branchCoverage="0" crapScore="0" isConstructor="false" isStatic="false" isGetter="true" isSetter="false">
              <Summary numSequencePoints="1" visitedSequencePoints="1" numBranchPoints="0" visitedBranchPoints="0" sequenceCoverage="100.0" branchCoverage="0" maxCyclomaticComplexity="0" minCyclomaticComplexity="0" maxCrapScore="0" minCrapScore="0" visitedClasses="0" numClasses="0" visitedMethods="1" numMethods="1" />
              <MetadataToken>100663560</MetadataToken>
              <Name>System.Boolean RewindAbstract::get_istrackingActiveState()</Name>
              <FileRef uid="46" />
              <SequencePoints>
                <SequencePoint vc="10000" uspid="5815" ordinal="0" offset="0" sl="21" sc="41" el="21" ec="41" bec="0" bev="0" fileid="46" />
              </SequencePoints>
              <BranchPoints />
            </Method>
            <Method visited="true" cyclomaticComplexity="0" nPathComplexity="0" sequenceCoverage="100.0" branchCoverage="0" crapScore="0" isConstructor="false" isStatic="false" isGetter="false" isSetter="true">
              <Summary numSequencePoints="1" visitedSequencePoints="1" numBranchPoints="0" visitedBranchPoints="0" sequenceCoverage="100.0" branchCoverage="0" maxCyclomaticComplexity="0" minCyclomaticComplexity="0" maxCrapScore="0" minCrapScore="0" visitedClasses="0" numClasses="0" visitedMethods="1" numMethods="1" />
              <MetadataToken>100663561</MetadataToken>
              <Name>System.Void RewindAbstract::set_istrackingActiveState(System.Boolean)</Name>
              <FileRef uid="46" />
              <SequencePoints>
                <SequencePoint vc="39230000" uspid="5816" ordinal="0" offset="0" sl="21" sc="46" el="21" ec="46" bec="0" bev="0" fileid="46" />
              </SequencePoints>
              <BranchPoints />
            </Method>
            <Method visited="true" cyclomaticComplexity="0" nPathComplexity="0" sequenceCoverage="100.0" branchCoverage="0" crapScore="0" isConstructor="false" isStatic="false" isGetter="false" isSetter="false">
              <Summary numSequencePoints="4" visitedSequencePoints="4" numBranchPoints="0" visitedBranchPoints="0" sequenceCoverage="100.0" branchCoverage="0" maxCyclomaticComplexity="0" minCyclomaticComplexity="0" maxCrapScore="0" minCrapScore="0" visitedClasses="0" numClasses="0" visitedMethods="1" numMethods="1" />
              <MetadataToken>100663562</MetadataToken>
              <Name>System.Void RewindAbstract::TrackObjectActiveState()</Name>
              <FileRef uid="46" />
              <SequencePoints>
                <SequencePoint vc="39230000" uspid="5817" ordinal="0" offset="0" sl="26" sc="5" el="26" ec="5" bec="0" bev="0" fileid="46" />
                <SequencePoint vc="39230000" uspid="5818" ordinal="0" offset="1" sl="27" sc="9" el="27" ec="9" bec="0" bev="0" fileid="46" />
                <SequencePoint vc="39230000" uspid="5819" ordinal="0" offset="9" sl="28" sc="9" el="28" ec="9" bec="0" bev="0" fileid="46" />
                <SequencePoint vc="39230000" uspid="5820" ordinal="0" offset="32" sl="29" sc="5" el="29" ec="5" bec="0" bev="0" fileid="46" />
              </SequencePoints>
              <BranchPoints />
            </Method>
            <Method visited="true" cyclomaticComplexity="0" nPathComplexity="0" sequenceCoverage="100.0" branchCoverage="0" crapScore="0" isConstructor="false" isStatic="false" isGetter="false" isSetter="false">
              <Summary numSequencePoints="6" visitedSequencePoints="6" numBranchPoints="0" visitedBranchPoints="0" sequenceCoverage="100.0" branchCoverage="0" maxCyclomaticComplexity="0" minCyclomaticComplexity="0" maxCrapScore="0" minCrapScore="0" visitedClasses="0" numClasses="0" visitedMethods="1" numMethods="1" />
              <MetadataToken>100663564</MetadataToken>
              <Name>System.Void RewindAbstract::TrackTransform()</Name>
              <FileRef uid="46" />
              <SequencePoints>
                <SequencePoint vc="39230000" uspid="5824" ordinal="0" offset="0" sl="45" sc="5" el="45" ec="5" bec="0" bev="0" fileid="46" />
                <SequencePoint vc="39230000" uspid="5825" ordinal="0" offset="1" sl="47" sc="9" el="47" ec="9" bec="0" bev="0" fileid="46" />
                <SequencePoint vc="39230000" uspid="5826" ordinal="0" offset="19" sl="48" sc="9" el="48" ec="9" bec="0" bev="0" fileid="46" />
                <SequencePoint vc="39230000" uspid="5827" ordinal="0" offset="37" sl="49" sc="9" el="49" ec="9" bec="0" bev="0" fileid="46" />
                <SequencePoint vc="39230000" uspid="5828" ordinal="0" offset="55" sl="50" sc="9" el="50" ec="9" bec="0" bev="0" fileid="46" />
                <SequencePoint vc="39230000" uspid="5829" ordinal="0" offset="68" sl="51" sc="5" el="51" ec="5" bec="0" bev="0" fileid="46" />
              </SequencePoints>
              <BranchPoints />
            </Method>
            <Method visited="true" cyclomaticComplexity="0" nPathComplexity="0" sequenceCoverage="100.0" branchCoverage="0" crapScore="0" isConstructor="false" isStatic="false" isGetter="false" isSetter="false">
              <Summary numSequencePoints="8" visitedSequencePoints="8" numBranchPoints="0" visitedBranchPoints="0" sequenceCoverage="100.0" branchCoverage="0" maxCyclomaticComplexity="0" minCyclomaticComplexity="0" maxCrapScore="0" minCrapScore="0" visitedClasses="0" numClasses="0" visitedMethods="1" numMethods="1" />
              <MetadataToken>100663567</MetadataToken>
              <Name>System.Void RewindAbstract::OnEnable()</Name>
              <FileRef uid="46" />
              <SequencePoints>
                <SequencePoint vc="10000" uspid="5838" ordinal="0" offset="0" sl="68" sc="5" el="68" ec="5" bec="0" bev="0" fileid="46" />
                <SequencePoint vc="10000" uspid="5839" ordinal="0" offset="1" sl="69" sc="9" el="69" ec="9" bec="0" bev="0" fileid="46" />
                <SequencePoint vc="10000" uspid="5840" ordinal="0" offset="14" sl="70" sc="9" el="70" ec="9" bec="0" bev="0" fileid="46" />
                <SequencePoint vc="10000" uspid="5841" ordinal="0" offset="15" sl="71" sc="13" el="71" ec="13" bec="0" bev="0" fileid="46" />
                <SequencePoint vc="10000" uspid="5842" ordinal="0" offset="48" sl="72" sc="13" el="72" ec="13" bec="0" bev="0" fileid="46" />
                <SequencePoint vc="10000" uspid="5843" ordinal="0" offset="80" sl="73" sc="13" el="73" ec="13" bec="0" bev="0" fileid="46" />
                <SequencePoint vc="10000" uspid="5844" ordinal="0" offset="87" sl="74" sc="9" el="74" ec="9" bec="0" bev="0" fileid="46" />
                <SequencePoint vc="10000" uspid="5845" ordinal="0" offset="88" sl="75" sc="5" el="75" ec="5" bec="0" bev="0" fileid="46" />
              </SequencePoints>
              <BranchPoints />
            </Method>
            <Method visited="true" cyclomaticComplexity="0" nPathComplexity="0" sequenceCoverage="37.50" branchCoverage="0" crapScore="0" isConstructor="false" isStatic="false" isGetter="false" isSetter="false">
              <Summary numSequencePoints="8" visitedSequencePoints="3" numBranchPoints="0" visitedBranchPoints="0" sequenceCoverage="37.50" branchCoverage="0" maxCyclomaticComplexity="0" minCyclomaticComplexity="0" maxCrapScore="0" minCrapScore="0" visitedClasses="0" numClasses="0" visitedMethods="1" numMethods="1" />
              <MetadataToken>100663568</MetadataToken>
              <Name>System.Void RewindAbstract::OnDisable()</Name>
              <FileRef uid="46" />
              <SequencePoints>
                <SequencePoint vc="10000" uspid="5846" ordinal="0" offset="0" sl="78" sc="5" el="78" ec="5" bec="0" bev="0" fileid="46" />
                <SequencePoint vc="10000" uspid="5847" ordinal="0" offset="1" sl="79" sc="9" el="79" ec="9" bec="0" bev="0" fileid="46" />
                <SequencePoint vc="0" uspid="5848" ordinal="0" offset="25" sl="80" sc="9" el="80" ec="9" bec="0" bev="0" fileid="46" />
                <SequencePoint vc="0" uspid="5849" ordinal="0" offset="26" sl="81" sc="13" el="81" ec="13" bec="0" bev="0" fileid="46" />
                <SequencePoint vc="0" uspid="5850" ordinal="0" offset="59" sl="82" sc="13" el="82" ec="13" bec="0" bev="0" fileid="46" />
                <SequencePoint vc="0" uspid="5851" ordinal="0" offset="91" sl="83" sc="13" el="83" ec="13" bec="0" bev="0" fileid="46" />
                <SequencePoint vc="0" uspid="5852" ordinal="0" offset="98" sl="84" sc="9" el="84" ec="9" bec="0" bev="0" fileid="46" />
                <SequencePoint vc="10000" uspid="5853" ordinal="0" offset="99" sl="85" sc="5" el="85" ec="5" bec="0" bev="0" fileid="46" />
              </SequencePoints>
              <BranchPoints />
            </Method>
            <Method visited="true" cyclomaticComplexity="0" nPathComplexity="0" sequenceCoverage="100.0" branchCoverage="0" crapScore="0" isConstructor="false" isStatic="false" isGetter="false" isSetter="false">
              <Summary numSequencePoints="8" visitedSequencePoints="8" numBranchPoints="0" visitedBranchPoints="0" sequenceCoverage="100.0" branchCoverage="0" maxCyclomaticComplexity="0" minCyclomaticComplexity="0" maxCrapScore="0" minCrapScore="0" visitedClasses="0" numClasses="0" visitedMethods="1" numMethods="1" />
              <MetadataToken>100663569</MetadataToken>
              <Name>System.Void RewindAbstract::OnDestroy()</Name>
              <FileRef uid="46" />
              <SequencePoints>
                <SequencePoint vc="10000" uspid="5854" ordinal="0" offset="0" sl="88" sc="5" el="88" ec="5" bec="0" bev="0" fileid="46" />
                <SequencePoint vc="10000" uspid="5855" ordinal="0" offset="1" sl="89" sc="9" el="89" ec="9" bec="0" bev="0" fileid="46" />
                <SequencePoint vc="10000" uspid="5856" ordinal="0" offset="11" sl="90" sc="9" el="90" ec="9" bec="0" bev="0" fileid="46" />
                <SequencePoint vc="10000" uspid="5857" ordinal="0" offset="12" sl="91" sc="13" el="91" ec="13" bec="0" bev="0" fileid="46" />
                <SequencePoint vc="10000" uspid="5858" ordinal="0" offset="45" sl="92" sc="13" el="92" ec="13" bec="0" bev="0" fileid="46" />
                <SequencePoint vc="10000" uspid="5859" ordinal="0" offset="77" sl="93" sc="13" el="93" ec="13" bec="0" bev="0" fileid="46" />
                <SequencePoint vc="10000" uspid="5860" ordinal="0" offset="84" sl="94" sc="9" el="94" ec="9" bec="0" bev="0" fileid="46" />
                <SequencePoint vc="10000" uspid="5861" ordinal="0" offset="85" sl="95" sc="5" el="95" ec="5" bec="0" bev="0" fileid="46" />
              </SequencePoints>
              <BranchPoints />
            </Method>
            <Method visited="true" cyclomaticComplexity="0" nPathComplexity="0" sequenceCoverage="100.0" branchCoverage="0" crapScore="0" isConstructor="true" isStatic="false" isGetter="false" isSetter="false">
              <Summary numSequencePoints="3" visitedSequencePoints="3" numBranchPoints="0" visitedBranchPoints="0" sequenceCoverage="100.0" branchCoverage="0" maxCyclomaticComplexity="0" minCyclomaticComplexity="0" maxCrapScore="0" minCrapScore="0" visitedClasses="0" numClasses="0" visitedMethods="1" numMethods="1" />
              <MetadataToken>100663572</MetadataToken>
              <Name>RewindAbstract::RewindAbstract()</Name>
              <FileRef uid="46" />
              <SequencePoints>
                <SequencePoint vc="10002" uspid="5862" ordinal="0" offset="0" sl="5" sc="44" el="5" ec="44" bec="0" bev="0" fileid="46" />
                <SequencePoint vc="10002" uspid="5863" ordinal="0" offset="7" sl="21" sc="55" el="21" ec="55" bec="0" bev="0" fileid="46" />
                <SequencePoint vc="10002" uspid="5864" ordinal="0" offset="14" sl="65" sc="5" el="65" ec="5" bec="0" bev="0" fileid="46" />
              </SequencePoints>
              <BranchPoints />
            </Method>
          </Methods>
        </Class>
        <Class>
          <Summary numSequencePoints="34" visitedSequencePoints="23" numBranchPoints="0" visitedBranchPoints="0" sequenceCoverage="67.65" branchCoverage="0.0" maxCyclomaticComplexity="0" minCyclomaticComplexity="0" maxCrapScore="0" minCrapScore="0" visitedClasses="1" numClasses="1" visitedMethods="7" numMethods="7" />
          <FullName>RewindController</FullName>
          <Methods>
            <Method visited="true" cyclomaticComplexity="0" nPathComplexity="0" sequenceCoverage="100.0" branchCoverage="0" crapScore="0" isConstructor="false" isStatic="false" isGetter="true" isSetter="false">
              <Summary numSequencePoints="1" visitedSequencePoints="1" numBranchPoints="0" visitedBranchPoints="0" sequenceCoverage="100.0" branchCoverage="0" maxCyclomaticComplexity="0" minCyclomaticComplexity="0" maxCrapScore="0" minCrapScore="0" visitedClasses="0" numClasses="0" visitedMethods="1" numMethods="1" />
              <MetadataToken>100663573</MetadataToken>
              <Name>System.Boolean RewindController::get_IsBeingRewinded()</Name>
              <FileRef uid="47" />
              <SequencePoints>
                <SequencePoint vc="37" uspid="5865" ordinal="0" offset="0" sl="15" sc="35" el="15" ec="35" bec="0" bev="0" fileid="47" />
              </SequencePoints>
              <BranchPoints />
            </Method>
            <Method visited="true" cyclomaticComplexity="0" nPathComplexity="0" sequenceCoverage="100.0" branchCoverage="0" crapScore="0" isConstructor="false" isStatic="false" isGetter="false" isSetter="false">
              <Summary numSequencePoints="3" visitedSequencePoints="3" numBranchPoints="0" visitedBranchPoints="0" sequenceCoverage="100.0" branchCoverage="0" maxCyclomaticComplexity="0" minCyclomaticComplexity="0" maxCrapScore="0" minCrapScore="0" visitedClasses="0" numClasses="0" visitedMethods="1" numMethods="1" />
              <MetadataToken>100663577</MetadataToken>
              <Name>System.Void RewindController::OnEnable()</Name>
              <FileRef uid="47" />
              <SequencePoints>
                <SequencePoint vc="2" uspid="5869" ordinal="0" offset="0" sl="26" sc="5" el="26" ec="5" bec="0" bev="0" fileid="47" />
                <SequencePoint vc="2" uspid="5870" ordinal="0" offset="1" sl="27" sc="9" el="27" ec="9" bec="0" bev="0" fileid="47" />
                <SequencePoint vc="2" uspid="5871" ordinal="0" offset="12" sl="28" sc="5" el="28" ec="5" bec="0" bev="0" fileid="47" />
              </SequencePoints>
              <BranchPoints />
            </Method>
            <Method visited="true" cyclomaticComplexity="0" nPathComplexity="0" sequenceCoverage="45.00" branchCoverage="0" crapScore="0" isConstructor="false" isStatic="false" isGetter="false" isSetter="false">
              <Summary numSequencePoints="20" visitedSequencePoints="9" numBranchPoints="0" visitedBranchPoints="0" sequenceCoverage="45.00" branchCoverage="0" maxCyclomaticComplexity="0" minCyclomaticComplexity="0" maxCrapScore="0" minCrapScore="0" visitedClasses="0" numClasses="0" visitedMethods="1" numMethods="1" />
              <MetadataToken>100663582</MetadataToken>
              <Name>System.Void RewindController::FixedUpdate()</Name>
              <FileRef uid="47" />
              <SequencePoints>
                <SequencePoint vc="37" uspid="5894" ordinal="0" offset="0" sl="63" sc="5" el="63" ec="5" bec="0" bev="0" fileid="47" />
                <SequencePoint vc="37" uspid="5895" ordinal="0" offset="1" sl="64" sc="9" el="64" ec="9" bec="0" bev="0" fileid="47" />
                <SequencePoint vc="0" uspid="5896" ordinal="0" offset="11" sl="65" sc="9" el="65" ec="9" bec="0" bev="0" fileid="47" />
                <SequencePoint vc="0" uspid="5897" ordinal="0" offset="12" sl="66" sc="13" el="66" ec="13" bec="0" bev="0" fileid="47" />
                <SequencePoint vc="0" uspid="5898" ordinal="0" offset="27" sl="67" sc="13" el="67" ec="13" bec="0" bev="0" fileid="47" />
                <SequencePoint vc="0" uspid="5899" ordinal="0" offset="28" sl="68" sc="17" el="68" ec="17" bec="0" bev="0" fileid="47" />
                <SequencePoint vc="0" uspid="5900" ordinal="0" offset="59" sl="69" sc="13" el="69" ec="13" bec="0" bev="0" fileid="47" />
                <SequencePoint vc="0" uspid="5901" ordinal="0" offset="60" sl="70" sc="13" el="70" ec="13" bec="0" bev="0" fileid="47" />
                <SequencePoint vc="0" uspid="5902" ordinal="0" offset="83" sl="71" sc="9" el="71" ec="9" bec="0" bev="0" fileid="47" />
                <SequencePoint vc="37" uspid="5903" ordinal="0" offset="86" sl="72" sc="14" el="72" ec="14" bec="0" bev="0" fileid="47" />
                <SequencePoint vc="37" uspid="5904" ordinal="0" offset="106" sl="73" sc="9" el="73" ec="9" bec="0" bev="0" fileid="47" />
                <SequencePoint vc="37" uspid="5905" ordinal="0" offset="107" sl="74" sc="13" el="74" ec="13" bec="0" bev="0" fileid="47" />
                <SequencePoint vc="0" uspid="5906" ordinal="0" offset="122" sl="75" sc="13" el="75" ec="13" bec="0" bev="0" fileid="47" />
                <SequencePoint vc="0" uspid="5907" ordinal="0" offset="123" sl="76" sc="17" el="76" ec="17" bec="0" bev="0" fileid="47" />
                <SequencePoint vc="0" uspid="5908" ordinal="0" offset="147" sl="77" sc="13" el="77" ec="13" bec="0" bev="0" fileid="47" />
                <SequencePoint vc="37" uspid="5909" ordinal="0" offset="148" sl="78" sc="13" el="78" ec="13" bec="0" bev="0" fileid="47" />
                <SequencePoint vc="37" uspid="5910" ordinal="0" offset="166" sl="80" sc="13" el="80" ec="13" bec="0" bev="0" fileid="47" />
                <SequencePoint vc="0" uspid="5911" ordinal="0" offset="185" sl="81" sc="17" el="81" ec="17" bec="0" bev="0" fileid="47" />
                <SequencePoint vc="37" uspid="5912" ordinal="0" offset="196" sl="82" sc="9" el="82" ec="9" bec="0" bev="0" fileid="47" />
                <SequencePoint vc="37" uspid="5913" ordinal="0" offset="197" sl="83" sc="5" el="83" ec="5" bec="0" bev="0" fileid="47" />
              </SequencePoints>
              <BranchPoints />
            </Method>
            <Method visited="true" cyclomaticComplexity="0" nPathComplexity="0" sequenceCoverage="100.0" branchCoverage="0" crapScore="0" isConstructor="false" isStatic="false" isGetter="false" isSetter="false">
              <Summary numSequencePoints="4" visitedSequencePoints="4" numBranchPoints="0" visitedBranchPoints="0" sequenceCoverage="100.0" branchCoverage="0" maxCyclomaticComplexity="0" minCyclomaticComplexity="0" maxCrapScore="0" minCrapScore="0" visitedClasses="0" numClasses="0" visitedMethods="1" numMethods="1" />
              <MetadataToken>100663583</MetadataToken>
              <Name>System.Void RewindController::InternalInit()</Name>
              <FileRef uid="47" />
              <SequencePoints>
                <SequencePoint vc="2" uspid="5914" ordinal="0" offset="0" sl="86" sc="5" el="86" ec="5" bec="0" bev="0" fileid="47" />
                <SequencePoint vc="2" uspid="5915" ordinal="0" offset="1" sl="87" sc="9" el="87" ec="9" bec="0" bev="0" fileid="47" />
                <SequencePoint vc="2" uspid="5916" ordinal="0" offset="13" sl="89" sc="9" el="89" ec="9" bec="0" bev="0" fileid="47" />
                <SequencePoint vc="2" uspid="5917" ordinal="0" offset="51" sl="90" sc="5" el="90" ec="5" bec="0" bev="0" fileid="47" />
              </SequencePoints>
              <BranchPoints />
            </Method>
            <Method visited="true" cyclomaticComplexity="0" nPathComplexity="0" sequenceCoverage="100.0" branchCoverage="0" crapScore="0" isConstructor="false" isStatic="false" isGetter="false" isSetter="false">
              <Summary numSequencePoints="2" visitedSequencePoints="2" numBranchPoints="0" visitedBranchPoints="0" sequenceCoverage="100.0" branchCoverage="0" maxCyclomaticComplexity="0" minCyclomaticComplexity="0" maxCrapScore="0" minCrapScore="0" visitedClasses="0" numClasses="0" visitedMethods="1" numMethods="1" />
              <MetadataToken>100663584</MetadataToken>
              <Name>System.Void RewindController::InternalOnDestroy()</Name>
              <FileRef uid="47" />
              <SequencePoints>
                <SequencePoint vc="2" uspid="5918" ordinal="0" offset="0" sl="93" sc="5" el="93" ec="5" bec="0" bev="0" fileid="47" />
                <SequencePoint vc="2" uspid="5919" ordinal="0" offset="1" sl="94" sc="5" el="94" ec="5" bec="0" bev="0" fileid="47" />
              </SequencePoints>
              <BranchPoints />
            </Method>
            <Method visited="true" cyclomaticComplexity="0" nPathComplexity="0" sequenceCoverage="100.0" branchCoverage="0" crapScore="0" isConstructor="true" isStatic="false" isGetter="false" isSetter="false">
              <Summary numSequencePoints="3" visitedSequencePoints="3" numBranchPoints="0" visitedBranchPoints="0" sequenceCoverage="100.0" branchCoverage="0" maxCyclomaticComplexity="0" minCyclomaticComplexity="0" maxCrapScore="0" minCrapScore="0" visitedClasses="0" numClasses="0" visitedMethods="1" numMethods="1" />
              <MetadataToken>100663585</MetadataToken>
              <Name>RewindController::RewindController()</Name>
              <FileRef uid="47" />
              <SequencePoints>
                <SequencePoint vc="4" uspid="5920" ordinal="0" offset="0" sl="15" sc="57" el="15" ec="57" bec="0" bev="0" fileid="47" />
                <SequencePoint vc="4" uspid="5921" ordinal="0" offset="7" sl="16" sc="49" el="16" ec="49" bec="0" bev="0" fileid="47" />
                <SequencePoint vc="4" uspid="5922" ordinal="0" offset="14" sl="19" sc="5" el="19" ec="5" bec="0" bev="0" fileid="47" />
              </SequencePoints>
              <BranchPoints />
            </Method>
            <Method visited="true" cyclomaticComplexity="0" nPathComplexity="0" sequenceCoverage="100.0" branchCoverage="0" crapScore="0" isConstructor="true" isStatic="true" isGetter="false" isSetter="false">
              <Summary numSequencePoints="1" visitedSequencePoints="1" numBranchPoints="0" visitedBranchPoints="0" sequenceCoverage="100.0" branchCoverage="0" maxCyclomaticComplexity="0" minCyclomaticComplexity="0" maxCrapScore="0" minCrapScore="0" visitedClasses="0" numClasses="0" visitedMethods="1" numMethods="1" />
              <MetadataToken>100663586</MetadataToken>
              <Name>static RewindController::RewindController()</Name>
              <FileRef uid="47" />
              <SequencePoints>
                <SequencePoint vc="1" uspid="5923" ordinal="0" offset="0" sl="13" sc="5" el="13" ec="5" bec="0" bev="0" fileid="47" />
              </SequencePoints>
              <BranchPoints />
            </Method>
          </Methods>
        </Class>
        <Class>
          <Summary numSequencePoints="10" visitedSequencePoints="10" numBranchPoints="0" visitedBranchPoints="0" sequenceCoverage="100.0" branchCoverage="0.0" maxCyclomaticComplexity="0" minCyclomaticComplexity="0" maxCrapScore="0" minCrapScore="0" visitedClasses="1" numClasses="1" visitedMethods="2" numMethods="2" />
          <FullName>RewindPosition</FullName>
          <Methods>
            <Method visited="true" cyclomaticComplexity="0" nPathComplexity="0" sequenceCoverage="100.0" branchCoverage="0" crapScore="0" isConstructor="false" isStatic="false" isGetter="false" isSetter="false">
              <Summary numSequencePoints="7" visitedSequencePoints="7" numBranchPoints="0" visitedBranchPoints="0" sequenceCoverage="100.0" branchCoverage="0" maxCyclomaticComplexity="0" minCyclomaticComplexity="0" maxCrapScore="0" minCrapScore="0" visitedClasses="0" numClasses="0" visitedMethods="1" numMethods="1" />
              <MetadataToken>100663600</MetadataToken>
              <Name>System.Void RewindPosition::Track()</Name>
              <FileRef uid="50" />
              <SequencePoints>
                <SequencePoint vc="39230000" uspid="6003" ordinal="0" offset="0" sl="18" sc="5" el="18" ec="5" bec="0" bev="0" fileid="50" />
                <SequencePoint vc="39230000" uspid="6004" ordinal="0" offset="1" sl="19" sc="9" el="19" ec="9" bec="0" bev="0" fileid="50" />
                <SequencePoint vc="39230000" uspid="6005" ordinal="0" offset="8" sl="21" sc="9" el="21" ec="9" bec="0" bev="0" fileid="50" />
                <SequencePoint vc="39230000" uspid="6006" ordinal="0" offset="18" sl="22" sc="9" el="22" ec="9" bec="0" bev="0" fileid="50" />
                <SequencePoint vc="39230000" uspid="6007" ordinal="0" offset="19" sl="23" sc="13" el="23" ec="13" bec="0" bev="0" fileid="50" />
                <SequencePoint vc="39230000" uspid="6008" ordinal="0" offset="26" sl="24" sc="9" el="24" ec="9" bec="0" bev="0" fileid="50" />
                <SequencePoint vc="39230000" uspid="6009" ordinal="0" offset="27" sl="25" sc="5" el="25" ec="5" bec="0" bev="0" fileid="50" />
              </SequencePoints>
              <BranchPoints />
            </Method>
            <Method visited="true" cyclomaticComplexity="0" nPathComplexity="0" sequenceCoverage="100.0" branchCoverage="0" crapScore="0" isConstructor="false" isStatic="false" isGetter="false" isSetter="false">
              <Summary numSequencePoints="3" visitedSequencePoints="3" numBranchPoints="0" visitedBranchPoints="0" sequenceCoverage="100.0" branchCoverage="0" maxCyclomaticComplexity="0" minCyclomaticComplexity="0" maxCrapScore="0" minCrapScore="0" visitedClasses="0" numClasses="0" visitedMethods="1" numMethods="1" />
              <MetadataToken>100663601</MetadataToken>
              <Name>System.Void RewindPosition::Start()</Name>
              <FileRef uid="50" />
              <SequencePoints>
                <SequencePoint vc="10000" uspid="6010" ordinal="0" offset="0" sl="28" sc="5" el="28" ec="5" bec="0" bev="0" fileid="50" />
                <SequencePoint vc="10000" uspid="6011" ordinal="0" offset="1" sl="29" sc="9" el="29" ec="9" bec="0" bev="0" fileid="50" />
                <SequencePoint vc="10000" uspid="6012" ordinal="0" offset="8" sl="30" sc="5" el="30" ec="5" bec="0" bev="0" fileid="50" />
              </SequencePoints>
              <BranchPoints />
            </Method>
          </Methods>
        </Class>
        <Class>
          <Summary numSequencePoints="1" visitedSequencePoints="0" numBranchPoints="0" visitedBranchPoints="0" sequenceCoverage="0.0" branchCoverage="0.0" maxCyclomaticComplexity="0" minCyclomaticComplexity="0" maxCrapScore="0" minCrapScore="0" visitedClasses="0" numClasses="1" visitedMethods="0" numMethods="1" />
          <FullName>MonoSingleton[T]/&lt;&gt;c</FullName>
          <Methods>
            <Method visited="false" cyclomaticComplexity="0" nPathComplexity="0" sequenceCoverage="0.0" branchCoverage="0" crapScore="0" isConstructor="false" isStatic="false" isGetter="false" isSetter="false">
              <Summary numSequencePoints="1" visitedSequencePoints="0" numBranchPoints="0" visitedBranchPoints="0" sequenceCoverage="0.0" branchCoverage="0" maxCyclomaticComplexity="0" minCyclomaticComplexity="0" maxCrapScore="0" minCrapScore="0" visitedClasses="0" numClasses="0" visitedMethods="0" numMethods="1" />
              <MetadataToken>100663715</MetadataToken>
              <Name>System.Boolean MonoSingleton[T]/&lt;&gt;c::&lt;get_instance&gt;b__5_0(T)</Name>
              <FileRef uid="32" />
              <SequencePoints>
                <SequencePoint vc="0" uspid="6325" ordinal="0" offset="0" sl="46" sc="0" el="46" ec="0" bec="0" bev="0" fileid="32" />
              </SequencePoints>
              <BranchPoints />
            </Method>
          </Methods>
        </Class>
      </Classes>
    </Module>
    <Module>
      <Summary numSequencePoints="98" visitedSequencePoints="90" numBranchPoints="0" visitedBranchPoints="0" sequenceCoverage="91.84" branchCoverage="0.0" maxCyclomaticComplexity="0" minCyclomaticComplexity="0" maxCrapScore="0" minCrapScore="0" visitedClasses="7" numClasses="8" visitedMethods="10" numMethods="11" />
      <ModuleTime>0001-01-01T00:00:00</ModuleTime>
      <ModuleName>PlayModeTests</ModuleName>
      <Files>
        <File uid="59" fullPath="C:/Users/ITWORK/Desktop/Unity/TimeSplit/Assets/PlayModeTests/EnemyTests.cs" />
        <File uid="60" fullPath="C:/Users/ITWORK/Desktop/Unity/TimeSplit/Assets/PlayModeTests/Performance/RewindPositionPerformanceTest.cs" />
        <File uid="61" fullPath="C:/Users/ITWORK/Desktop/Unity/TimeSplit/Assets/PlayModeTests/PickupableInteractableTests.cs" />
        <File uid="62" fullPath="C:/Users/ITWORK/Desktop/Unity/TimeSplit/Assets/PlayModeTests/PlayerHoldTests.cs" />
        <File uid="63" fullPath="C:/Users/ITWORK/Desktop/Unity/TimeSplit/Assets/PlayModeTests/PlayerInteractTests.cs" />
        <File uid="64" fullPath="C:/Users/ITWORK/Desktop/Unity/TimeSplit/Assets/PlayModeTests/PlayerLookTests.cs" />
        <File uid="65" fullPath="C:/Users/ITWORK/Desktop/Unity/TimeSplit/Assets/PlayModeTests/PlayerMovementTests.cs" />
        <File uid="66" fullPath="C:/Users/ITWORK/Desktop/Unity/TimeSplit/Assets/PlayModeTests/PointsControllerTests.cs" />
        <File uid="67" fullPath="C:/Users/ITWORK/Desktop/Unity/TimeSplit/Assets/PlayModeTests/RewindAbstractTests.cs" />
        <File uid="68" fullPath="C:/Users/ITWORK/Desktop/Unity/TimeSplit/Assets/PlayModeTests/RewindControllerTests.cs" />
        <File uid="69" fullPath="C:/Users/ITWORK/Desktop/Unity/TimeSplit/Assets/PlayModeTests/StateMachineTests.cs" />
      </Files>
      <Classes>
        <Class>
          <Summary numSequencePoints="4" visitedSequencePoints="0" numBranchPoints="0" visitedBranchPoints="0" sequenceCoverage="0.0" branchCoverage="0.0" maxCyclomaticComplexity="0" minCyclomaticComplexity="0" maxCrapScore="0" minCrapScore="0" visitedClasses="0" numClasses="1" visitedMethods="0" numMethods="1" />
          <FullName>PlayerHoldTests</FullName>
          <Methods>
            <Method visited="false" cyclomaticComplexity="0" nPathComplexity="0" sequenceCoverage="0.0" branchCoverage="0" crapScore="0" isConstructor="false" isStatic="false" isGetter="false" isSetter="false">
              <Summary numSequencePoints="4" visitedSequencePoints="0" numBranchPoints="0" visitedBranchPoints="0" sequenceCoverage="0.0" branchCoverage="0" maxCyclomaticComplexity="0" minCyclomaticComplexity="0" maxCrapScore="0" minCrapScore="0" visitedClasses="0" numClasses="0" visitedMethods="0" numMethods="1" />
              <MetadataToken>100663335</MetadataToken>
              <Name>T PlayerHoldTests::GetPrivateField[T](System.Object, System.String)</Name>
              <FileRef uid="62" />
              <SequencePoints>
                <SequencePoint vc="0" uspid="6767" ordinal="0" offset="0" sl="101" sc="0" el="101" ec="0" bec="0" bev="0" fileid="62" />
                <SequencePoint vc="0" uspid="6768" ordinal="0" offset="1" sl="102" sc="0" el="102" ec="0" bec="0" bev="0" fileid="62" />
                <SequencePoint vc="0" uspid="6769" ordinal="0" offset="16" sl="103" sc="0" el="103" ec="0" bec="0" bev="0" fileid="62" />
                <SequencePoint vc="0" uspid="6770" ordinal="0" offset="31" sl="104" sc="0" el="104" ec="0" bec="0" bev="0" fileid="62" />
              </SequencePoints>
              <BranchPoints />
            </Method>
          </Methods>
        </Class>
        <Class>
          <Summary numSequencePoints="4" visitedSequencePoints="4" numBranchPoints="0" visitedBranchPoints="0" sequenceCoverage="100.0" branchCoverage="0.0" maxCyclomaticComplexity="0" minCyclomaticComplexity="0" maxCrapScore="0" minCrapScore="0" visitedClasses="1" numClasses="1" visitedMethods="4" numMethods="4" />
          <FullName>RewindPositionPerformanceTest/&lt;&gt;c</FullName>
          <Methods>
            <Method visited="true" cyclomaticComplexity="0" nPathComplexity="0" sequenceCoverage="100.0" branchCoverage="0" crapScore="0" isConstructor="false" isStatic="false" isGetter="false" isSetter="false">
              <Summary numSequencePoints="1" visitedSequencePoints="1" numBranchPoints="0" visitedBranchPoints="0" sequenceCoverage="100.0" branchCoverage="0" maxCyclomaticComplexity="0" minCyclomaticComplexity="0" maxCrapScore="0" minCrapScore="0" visitedClasses="0" numClasses="0" visitedMethods="1" numMethods="1" />
              <MetadataToken>100663387</MetadataToken>
              <Name>RewindPosition RewindPositionPerformanceTest/&lt;&gt;c::&lt;Rewind_MemoryUsage_Tracking&gt;b__11_0(UnityEngine.GameObject)</Name>
              <FileRef uid="60" />
              <SequencePoints>
                <SequencePoint vc="5000" uspid="7059" ordinal="0" offset="0" sl="186" sc="28" el="186" ec="28" bec="0" bev="0" fileid="60" />
              </SequencePoints>
              <BranchPoints />
            </Method>
            <Method visited="true" cyclomaticComplexity="0" nPathComplexity="0" sequenceCoverage="100.0" branchCoverage="0" crapScore="0" isConstructor="false" isStatic="false" isGetter="false" isSetter="false">
              <Summary numSequencePoints="1" visitedSequencePoints="1" numBranchPoints="0" visitedBranchPoints="0" sequenceCoverage="100.0" branchCoverage="0" maxCyclomaticComplexity="0" minCyclomaticComplexity="0" maxCrapScore="0" minCrapScore="0" visitedClasses="0" numClasses="0" visitedMethods="1" numMethods="1" />
              <MetadataToken>100663388</MetadataToken>
              <Name>System.Boolean RewindPositionPerformanceTest/&lt;&gt;c::&lt;Rewind_MemoryUsage_Tracking&gt;b__11_1(RewindPosition)</Name>
              <FileRef uid="60" />
              <SequencePoints>
                <SequencePoint vc="5000" uspid="7060" ordinal="0" offset="0" sl="187" sc="30" el="187" ec="30" bec="0" bev="0" fileid="60" />
              </SequencePoints>
              <BranchPoints />
            </Method>
            <Method visited="true" cyclomaticComplexity="0" nPathComplexity="0" sequenceCoverage="100.0" branchCoverage="0" crapScore="0" isConstructor="false" isStatic="false" isGetter="false" isSetter="false">
              <Summary numSequencePoints="1" visitedSequencePoints="1" numBranchPoints="0" visitedBranchPoints="0" sequenceCoverage="100.0" branchCoverage="0" maxCyclomaticComplexity="0" minCyclomaticComplexity="0" maxCrapScore="0" minCrapScore="0" visitedClasses="0" numClasses="0" visitedMethods="1" numMethods="1" />
              <MetadataToken>100663389</MetadataToken>
              <Name>RewindAbstract RewindPositionPerformanceTest/&lt;&gt;c::&lt;Rewind_MemoryUsage_NoTracking&gt;b__12_0(UnityEngine.GameObject)</Name>
              <FileRef uid="60" />
              <SequencePoints>
                <SequencePoint vc="5000" uspid="7061" ordinal="0" offset="0" sl="217" sc="28" el="217" ec="28" bec="0" bev="0" fileid="60" />
              </SequencePoints>
              <BranchPoints />
            </Method>
            <Method visited="true" cyclomaticComplexity="0" nPathComplexity="0" sequenceCoverage="100.0" branchCoverage="0" crapScore="0" isConstructor="false" isStatic="false" isGetter="false" isSetter="false">
              <Summary numSequencePoints="1" visitedSequencePoints="1" numBranchPoints="0" visitedBranchPoints="0" sequenceCoverage="100.0" branchCoverage="0" maxCyclomaticComplexity="0" minCyclomaticComplexity="0" maxCrapScore="0" minCrapScore="0" visitedClasses="0" numClasses="0" visitedMethods="1" numMethods="1" />
              <MetadataToken>100663390</MetadataToken>
              <Name>System.Boolean RewindPositionPerformanceTest/&lt;&gt;c::&lt;Rewind_MemoryUsage_NoTracking&gt;b__12_1(RewindAbstract)</Name>
              <FileRef uid="60" />
              <SequencePoints>
                <SequencePoint vc="5000" uspid="7062" ordinal="0" offset="0" sl="218" sc="30" el="218" ec="30" bec="0" bev="0" fileid="60" />
              </SequencePoints>
              <BranchPoints />
            </Method>
          </Methods>
        </Class>
        <Class>
          <Summary numSequencePoints="14" visitedSequencePoints="14" numBranchPoints="0" visitedBranchPoints="0" sequenceCoverage="100.0" branchCoverage="0.0" maxCyclomaticComplexity="0" minCyclomaticComplexity="0" maxCrapScore="0" minCrapScore="0" visitedClasses="1" numClasses="1" visitedMethods="1" numMethods="1" />
          <FullName>RewindPositionPerformanceTest/&lt;&gt;c__DisplayClass11_0</FullName>
          <Methods>
            <Method visited="true" cyclomaticComplexity="0" nPathComplexity="0" sequenceCoverage="100.0" branchCoverage="0" crapScore="0" isConstructor="false" isStatic="false" isGetter="false" isSetter="false">
              <Summary numSequencePoints="14" visitedSequencePoints="14" numBranchPoints="0" visitedBranchPoints="0" sequenceCoverage="100.0" branchCoverage="0" maxCyclomaticComplexity="0" minCyclomaticComplexity="0" maxCrapScore="0" minCrapScore="0" visitedClasses="0" numClasses="0" visitedMethods="1" numMethods="1" />
              <MetadataToken>100663392</MetadataToken>
              <Name>System.Void RewindPositionPerformanceTest/&lt;&gt;c__DisplayClass11_0::&lt;Rewind_MemoryUsage_Tracking&gt;b__2()</Name>
              <FileRef uid="60" />
              <SequencePoints>
                <SequencePoint vc="13" uspid="7063" ordinal="0" offset="0" sl="196" sc="9" el="196" ec="9" bec="0" bev="0" fileid="60" />
                <SequencePoint vc="13" uspid="7064" ordinal="0" offset="1" sl="197" sc="18" el="197" ec="18" bec="0" bev="0" fileid="60" />
                <SequencePoint vc="3913" uspid="7065" ordinal="0" offset="5" sl="198" sc="13" el="198" ec="13" bec="0" bev="0" fileid="60" />
                <SequencePoint vc="3913" uspid="7066" ordinal="0" offset="6" sl="199" sc="17" el="199" ec="17" bec="0" bev="0" fileid="60" />
                <SequencePoint vc="3913" uspid="7067" ordinal="0" offset="7" sl="199" sc="40" el="199" ec="40" bec="0" bev="0" fileid="60" />
                <SequencePoint vc="19565000" uspid="7068" ordinal="0" offset="18" sl="199" sc="26" el="199" ec="26" bec="0" bev="0" fileid="60" />
                <SequencePoint vc="19565000" uspid="7069" ordinal="0" offset="22" sl="200" sc="17" el="200" ec="17" bec="0" bev="0" fileid="60" />
                <SequencePoint vc="19565000" uspid="7070" ordinal="0" offset="23" sl="201" sc="21" el="201" ec="21" bec="0" bev="0" fileid="60" />
                <SequencePoint vc="19565000" uspid="7071" ordinal="0" offset="30" sl="202" sc="17" el="202" ec="17" bec="0" bev="0" fileid="60" />
                <SequencePoint vc="19568913" uspid="7072" ordinal="0" offset="35" sl="199" sc="37" el="199" ec="37" bec="0" bev="0" fileid="60" />
                <SequencePoint vc="3913" uspid="7073" ordinal="0" offset="41" sl="203" sc="13" el="203" ec="13" bec="0" bev="0" fileid="60" />
                <SequencePoint vc="3913" uspid="7074" ordinal="0" offset="42" sl="197" sc="96" el="197" ec="96" bec="0" bev="0" fileid="60" />
                <SequencePoint vc="3926" uspid="7075" ordinal="0" offset="46" sl="197" sc="33" el="197" ec="33" bec="0" bev="0" fileid="60" />
                <SequencePoint vc="13" uspid="7076" ordinal="0" offset="67" sl="204" sc="9" el="204" ec="9" bec="0" bev="0" fileid="60" />
              </SequencePoints>
              <BranchPoints />
            </Method>
          </Methods>
        </Class>
        <Class>
          <Summary numSequencePoints="14" visitedSequencePoints="14" numBranchPoints="0" visitedBranchPoints="0" sequenceCoverage="100.0" branchCoverage="0.0" maxCyclomaticComplexity="0" minCyclomaticComplexity="0" maxCrapScore="0" minCrapScore="0" visitedClasses="1" numClasses="1" visitedMethods="1" numMethods="1" />
          <FullName>RewindPositionPerformanceTest/&lt;&gt;c__DisplayClass12_0</FullName>
          <Methods>
            <Method visited="true" cyclomaticComplexity="0" nPathComplexity="0" sequenceCoverage="100.0" branchCoverage="0" crapScore="0" isConstructor="false" isStatic="false" isGetter="false" isSetter="false">
              <Summary numSequencePoints="14" visitedSequencePoints="14" numBranchPoints="0" visitedBranchPoints="0" sequenceCoverage="100.0" branchCoverage="0" maxCyclomaticComplexity="0" minCyclomaticComplexity="0" maxCrapScore="0" minCrapScore="0" visitedClasses="0" numClasses="0" visitedMethods="1" numMethods="1" />
              <MetadataToken>100663394</MetadataToken>
              <Name>System.Void RewindPositionPerformanceTest/&lt;&gt;c__DisplayClass12_0::&lt;Rewind_MemoryUsage_NoTracking&gt;b__2()</Name>
              <FileRef uid="60" />
              <SequencePoints>
                <SequencePoint vc="13" uspid="7077" ordinal="0" offset="0" sl="228" sc="9" el="228" ec="9" bec="0" bev="0" fileid="60" />
                <SequencePoint vc="13" uspid="7078" ordinal="0" offset="1" sl="229" sc="18" el="229" ec="18" bec="0" bev="0" fileid="60" />
                <SequencePoint vc="3913" uspid="7079" ordinal="0" offset="5" sl="230" sc="13" el="230" ec="13" bec="0" bev="0" fileid="60" />
                <SequencePoint vc="3913" uspid="7080" ordinal="0" offset="6" sl="231" sc="17" el="231" ec="17" bec="0" bev="0" fileid="60" />
                <SequencePoint vc="3913" uspid="7081" ordinal="0" offset="7" sl="231" sc="40" el="231" ec="40" bec="0" bev="0" fileid="60" />
                <SequencePoint vc="19565000" uspid="7082" ordinal="0" offset="18" sl="231" sc="26" el="231" ec="26" bec="0" bev="0" fileid="60" />
                <SequencePoint vc="19565000" uspid="7083" ordinal="0" offset="22" sl="232" sc="17" el="232" ec="17" bec="0" bev="0" fileid="60" />
                <SequencePoint vc="19565000" uspid="7084" ordinal="0" offset="23" sl="233" sc="21" el="233" ec="21" bec="0" bev="0" fileid="60" />
                <SequencePoint vc="19565000" uspid="7085" ordinal="0" offset="30" sl="234" sc="17" el="234" ec="17" bec="0" bev="0" fileid="60" />
                <SequencePoint vc="19568913" uspid="7086" ordinal="0" offset="35" sl="231" sc="37" el="231" ec="37" bec="0" bev="0" fileid="60" />
                <SequencePoint vc="3913" uspid="7087" ordinal="0" offset="41" sl="235" sc="13" el="235" ec="13" bec="0" bev="0" fileid="60" />
                <SequencePoint vc="3913" uspid="7088" ordinal="0" offset="42" sl="229" sc="96" el="229" ec="96" bec="0" bev="0" fileid="60" />
                <SequencePoint vc="3926" uspid="7089" ordinal="0" offset="46" sl="229" sc="33" el="229" ec="33" bec="0" bev="0" fileid="60" />
                <SequencePoint vc="13" uspid="7090" ordinal="0" offset="67" sl="236" sc="9" el="236" ec="9" bec="0" bev="0" fileid="60" />
              </SequencePoints>
              <BranchPoints />
            </Method>
          </Methods>
        </Class>
        <Class>
          <Summary numSequencePoints="13" visitedSequencePoints="13" numBranchPoints="0" visitedBranchPoints="0" sequenceCoverage="100.0" branchCoverage="0.0" maxCyclomaticComplexity="0" minCyclomaticComplexity="0" maxCrapScore="0" minCrapScore="0" visitedClasses="1" numClasses="1" visitedMethods="1" numMethods="1" />
          <FullName>RewindPositionPerformanceTest/&lt;Rewind_MemoryUsage_NoTracking&gt;d__12</FullName>
          <Methods>
            <Method visited="true" cyclomaticComplexity="0" nPathComplexity="0" sequenceCoverage="100.0" branchCoverage="0" crapScore="0" isConstructor="false" isStatic="false" isGetter="false" isSetter="false">
              <Summary numSequencePoints="13" visitedSequencePoints="13" numBranchPoints="0" visitedBranchPoints="0" sequenceCoverage="100.0" branchCoverage="0" maxCyclomaticComplexity="0" minCyclomaticComplexity="0" maxCrapScore="0" minCrapScore="0" visitedClasses="0" numClasses="0" visitedMethods="1" numMethods="1" />
              <MetadataToken>100663417</MetadataToken>
              <Name>System.Boolean RewindPositionPerformanceTest/&lt;Rewind_MemoryUsage_NoTracking&gt;d__12::MoveNext()</Name>
              <FileRef uid="60" />
              <SequencePoints>
                <SequencePoint vc="1" uspid="7151" ordinal="0" offset="45" sl="215" sc="5" el="215" ec="5" bec="0" bev="0" fileid="60" />
                <SequencePoint vc="1" uspid="7152" ordinal="0" offset="46" sl="216" sc="9" el="216" ec="9" bec="0" bev="0" fileid="60" />
                <SequencePoint vc="1" uspid="7153" ordinal="0" offset="145" sl="221" sc="9" el="221" ec="9" bec="0" bev="0" fileid="60" />
                <SequencePoint vc="1" uspid="7154" ordinal="0" offset="146" sl="221" sc="32" el="221" ec="32" bec="0" bev="0" fileid="60" />
                <SequencePoint vc="5000" uspid="7155" ordinal="0" offset="172" sl="221" sc="18" el="221" ec="18" bec="0" bev="0" fileid="60" />
                <SequencePoint vc="5000" uspid="7156" ordinal="0" offset="191" sl="222" sc="9" el="222" ec="9" bec="0" bev="0" fileid="60" />
                <SequencePoint vc="5000" uspid="7157" ordinal="0" offset="192" sl="223" sc="13" el="223" ec="13" bec="0" bev="0" fileid="60" />
                <SequencePoint vc="5000" uspid="7158" ordinal="0" offset="204" sl="224" sc="13" el="224" ec="13" bec="0" bev="0" fileid="60" />
                <SequencePoint vc="5000" uspid="7159" ordinal="0" offset="217" sl="225" sc="9" el="225" ec="9" bec="0" bev="0" fileid="60" />
                <SequencePoint vc="5001" uspid="7160" ordinal="0" offset="239" sl="221" sc="29" el="221" ec="29" bec="0" bev="0" fileid="60" />
                <SequencePoint vc="1" uspid="7161" ordinal="0" offset="262" sl="227" sc="9" el="227" ec="9" bec="0" bev="0" fileid="60" />
                <SequencePoint vc="1" uspid="7162" ordinal="0" offset="308" sl="242" sc="9" el="242" ec="9" bec="0" bev="0" fileid="60" />
                <SequencePoint vc="1" uspid="7163" ordinal="0" offset="331" sl="243" sc="5" el="243" ec="5" bec="0" bev="0" fileid="60" />
              </SequencePoints>
              <BranchPoints />
            </Method>
          </Methods>
        </Class>
        <Class>
          <Summary numSequencePoints="12" visitedSequencePoints="12" numBranchPoints="0" visitedBranchPoints="0" sequenceCoverage="100.0" branchCoverage="0.0" maxCyclomaticComplexity="0" minCyclomaticComplexity="0" maxCrapScore="0" minCrapScore="0" visitedClasses="1" numClasses="1" visitedMethods="1" numMethods="1" />
          <FullName>RewindPositionPerformanceTest/&lt;Rewind_MemoryUsage_Tracking&gt;d__11</FullName>
          <Methods>
            <Method visited="true" cyclomaticComplexity="0" nPathComplexity="0" sequenceCoverage="100.0" branchCoverage="0" crapScore="0" isConstructor="false" isStatic="false" isGetter="false" isSetter="false">
              <Summary numSequencePoints="12" visitedSequencePoints="12" numBranchPoints="0" visitedBranchPoints="0" sequenceCoverage="100.0" branchCoverage="0" maxCyclomaticComplexity="0" minCyclomaticComplexity="0" maxCrapScore="0" minCrapScore="0" visitedClasses="0" numClasses="0" visitedMethods="1" numMethods="1" />
              <MetadataToken>100663423</MetadataToken>
              <Name>System.Boolean RewindPositionPerformanceTest/&lt;Rewind_MemoryUsage_Tracking&gt;d__11::MoveNext()</Name>
              <FileRef uid="60" />
              <SequencePoints>
                <SequencePoint vc="1" uspid="7164" ordinal="0" offset="45" sl="184" sc="5" el="184" ec="5" bec="0" bev="0" fileid="60" />
                <SequencePoint vc="1" uspid="7165" ordinal="0" offset="46" sl="185" sc="9" el="185" ec="9" bec="0" bev="0" fileid="60" />
                <SequencePoint vc="1" uspid="7166" ordinal="0" offset="145" sl="190" sc="9" el="190" ec="9" bec="0" bev="0" fileid="60" />
                <SequencePoint vc="1" uspid="7167" ordinal="0" offset="146" sl="190" sc="32" el="190" ec="32" bec="0" bev="0" fileid="60" />
                <SequencePoint vc="5000" uspid="7168" ordinal="0" offset="172" sl="190" sc="18" el="190" ec="18" bec="0" bev="0" fileid="60" />
                <SequencePoint vc="5000" uspid="7169" ordinal="0" offset="191" sl="191" sc="9" el="191" ec="9" bec="0" bev="0" fileid="60" />
                <SequencePoint vc="5000" uspid="7170" ordinal="0" offset="192" sl="192" sc="13" el="192" ec="13" bec="0" bev="0" fileid="60" />
                <SequencePoint vc="5000" uspid="7171" ordinal="0" offset="204" sl="193" sc="9" el="193" ec="9" bec="0" bev="0" fileid="60" />
                <SequencePoint vc="5001" uspid="7172" ordinal="0" offset="226" sl="190" sc="29" el="190" ec="29" bec="0" bev="0" fileid="60" />
                <SequencePoint vc="1" uspid="7173" ordinal="0" offset="249" sl="195" sc="9" el="195" ec="9" bec="0" bev="0" fileid="60" />
                <SequencePoint vc="1" uspid="7174" ordinal="0" offset="295" sl="210" sc="9" el="210" ec="9" bec="0" bev="0" fileid="60" />
                <SequencePoint vc="1" uspid="7175" ordinal="0" offset="318" sl="211" sc="5" el="211" ec="5" bec="0" bev="0" fileid="60" />
              </SequencePoints>
              <BranchPoints />
            </Method>
          </Methods>
        </Class>
        <Class>
          <Summary numSequencePoints="20" visitedSequencePoints="16" numBranchPoints="0" visitedBranchPoints="0" sequenceCoverage="80.00" branchCoverage="0.0" maxCyclomaticComplexity="0" minCyclomaticComplexity="0" maxCrapScore="0" minCrapScore="0" visitedClasses="1" numClasses="1" visitedMethods="1" numMethods="1" />
          <FullName>RewindPositionPerformanceTest/&lt;SetUp&gt;d__4</FullName>
          <Methods>
            <Method visited="true" cyclomaticComplexity="0" nPathComplexity="0" sequenceCoverage="80.00" branchCoverage="0" crapScore="0" isConstructor="false" isStatic="false" isGetter="false" isSetter="false">
              <Summary numSequencePoints="20" visitedSequencePoints="16" numBranchPoints="0" visitedBranchPoints="0" sequenceCoverage="80.00" branchCoverage="0" maxCyclomaticComplexity="0" minCyclomaticComplexity="0" maxCrapScore="0" minCrapScore="0" visitedClasses="0" numClasses="0" visitedMethods="1" numMethods="1" />
              <MetadataToken>100663443</MetadataToken>
              <Name>System.Boolean RewindPositionPerformanceTest/&lt;SetUp&gt;d__4::MoveNext()</Name>
              <FileRef uid="60" />
              <SequencePoints>
                <SequencePoint vc="2" uspid="7223" ordinal="0" offset="45" sl="18" sc="5" el="18" ec="5" bec="0" bev="0" fileid="60" />
                <SequencePoint vc="2" uspid="7224" ordinal="0" offset="46" sl="19" sc="9" el="19" ec="9" bec="0" bev="0" fileid="60" />
                <SequencePoint vc="2" uspid="7225" ordinal="0" offset="58" sl="21" sc="9" el="21" ec="9" bec="0" bev="0" fileid="60" />
                <SequencePoint vc="2" uspid="7226" ordinal="0" offset="81" sl="24" sc="9" el="24" ec="9" bec="0" bev="0" fileid="60" />
                <SequencePoint vc="2" uspid="7227" ordinal="0" offset="97" sl="25" sc="9" el="25" ec="9" bec="0" bev="0" fileid="60" />
                <SequencePoint vc="2" uspid="7228" ordinal="0" offset="119" sl="28" sc="9" el="28" ec="9" bec="0" bev="0" fileid="60" />
                <SequencePoint vc="2" uspid="7229" ordinal="0" offset="140" sl="29" sc="14" el="29" ec="14" bec="0" bev="0" fileid="60" />
                <SequencePoint vc="10000" uspid="7230" ordinal="0" offset="149" sl="30" sc="9" el="30" ec="9" bec="0" bev="0" fileid="60" />
                <SequencePoint vc="10000" uspid="7231" ordinal="0" offset="150" sl="31" sc="13" el="31" ec="13" bec="0" bev="0" fileid="60" />
                <SequencePoint vc="10000" uspid="7232" ordinal="0" offset="199" sl="32" sc="9" el="32" ec="9" bec="0" bev="0" fileid="60" />
                <SequencePoint vc="10000" uspid="7233" ordinal="0" offset="200" sl="29" sc="42" el="29" ec="42" bec="0" bev="0" fileid="60" />
                <SequencePoint vc="10002" uspid="7234" ordinal="0" offset="216" sl="29" sc="25" el="29" ec="25" bec="0" bev="0" fileid="60" />
                <SequencePoint vc="2" uspid="7235" ordinal="0" offset="233" sl="35" sc="9" el="35" ec="9" bec="0" bev="0" fileid="60" />
                <SequencePoint vc="2" uspid="7236" ordinal="0" offset="249" sl="36" sc="9" el="36" ec="9" bec="0" bev="0" fileid="60" />
                <SequencePoint vc="0" uspid="7237" ordinal="0" offset="270" sl="37" sc="9" el="37" ec="9" bec="0" bev="0" fileid="60" />
                <SequencePoint vc="0" uspid="7238" ordinal="0" offset="271" sl="38" sc="13" el="38" ec="13" bec="0" bev="0" fileid="60" />
                <SequencePoint vc="0" uspid="7239" ordinal="0" offset="287" sl="39" sc="13" el="39" ec="13" bec="0" bev="0" fileid="60" />
                <SequencePoint vc="0" uspid="7240" ordinal="0" offset="309" sl="40" sc="9" el="40" ec="9" bec="0" bev="0" fileid="60" />
                <SequencePoint vc="2" uspid="7241" ordinal="0" offset="317" sl="42" sc="9" el="42" ec="9" bec="0" bev="0" fileid="60" />
                <SequencePoint vc="2" uspid="7242" ordinal="0" offset="340" sl="43" sc="5" el="43" ec="5" bec="0" bev="0" fileid="60" />
              </SequencePoints>
              <BranchPoints />
            </Method>
          </Methods>
        </Class>
        <Class>
          <Summary numSequencePoints="17" visitedSequencePoints="17" numBranchPoints="0" visitedBranchPoints="0" sequenceCoverage="100.0" branchCoverage="0.0" maxCyclomaticComplexity="0" minCyclomaticComplexity="0" maxCrapScore="0" minCrapScore="0" visitedClasses="1" numClasses="1" visitedMethods="1" numMethods="1" />
          <FullName>RewindPositionPerformanceTest/&lt;TearDown&gt;d__5</FullName>
          <Methods>
            <Method visited="true" cyclomaticComplexity="0" nPathComplexity="0" sequenceCoverage="100.0" branchCoverage="0" crapScore="0" isConstructor="false" isStatic="false" isGetter="false" isSetter="false">
              <Summary numSequencePoints="17" visitedSequencePoints="17" numBranchPoints="0" visitedBranchPoints="0" sequenceCoverage="100.0" branchCoverage="0" maxCyclomaticComplexity="0" minCyclomaticComplexity="0" maxCrapScore="0" minCrapScore="0" visitedClasses="0" numClasses="0" visitedMethods="1" numMethods="1" />
              <MetadataToken>100663449</MetadataToken>
              <Name>System.Boolean RewindPositionPerformanceTest/&lt;TearDown&gt;d__5::MoveNext()</Name>
              <FileRef uid="60" />
              <SequencePoints>
                <SequencePoint vc="2" uspid="7243" ordinal="0" offset="34" sl="47" sc="5" el="47" ec="5" bec="0" bev="0" fileid="60" />
                <SequencePoint vc="2" uspid="7244" ordinal="0" offset="35" sl="48" sc="9" el="48" ec="9" bec="0" bev="0" fileid="60" />
                <SequencePoint vc="2" uspid="7245" ordinal="0" offset="53" sl="49" sc="9" el="49" ec="9" bec="0" bev="0" fileid="60" />
                <SequencePoint vc="2" uspid="7246" ordinal="0" offset="54" sl="50" sc="13" el="50" ec="13" bec="0" bev="0" fileid="60" />
                <SequencePoint vc="2" uspid="7247" ordinal="0" offset="55" sl="50" sc="33" el="50" ec="33" bec="0" bev="0" fileid="60" />
                <SequencePoint vc="10000" uspid="7248" ordinal="0" offset="81" sl="50" sc="22" el="50" ec="22" bec="0" bev="0" fileid="60" />
                <SequencePoint vc="10000" uspid="7249" ordinal="0" offset="100" sl="51" sc="13" el="51" ec="13" bec="0" bev="0" fileid="60" />
                <SequencePoint vc="10000" uspid="7250" ordinal="0" offset="101" sl="52" sc="17" el="52" ec="17" bec="0" bev="0" fileid="60" />
                <SequencePoint vc="10000" uspid="7251" ordinal="0" offset="117" sl="53" sc="21" el="53" ec="21" bec="0" bev="0" fileid="60" />
                <SequencePoint vc="10000" uspid="7252" ordinal="0" offset="129" sl="54" sc="13" el="54" ec="13" bec="0" bev="0" fileid="60" />
                <SequencePoint vc="10002" uspid="7253" ordinal="0" offset="151" sl="50" sc="30" el="50" ec="30" bec="0" bev="0" fileid="60" />
                <SequencePoint vc="2" uspid="7254" ordinal="0" offset="174" sl="55" sc="9" el="55" ec="9" bec="0" bev="0" fileid="60" />
                <SequencePoint vc="2" uspid="7255" ordinal="0" offset="175" sl="56" sc="9" el="56" ec="9" bec="0" bev="0" fileid="60" />
                <SequencePoint vc="2" uspid="7256" ordinal="0" offset="186" sl="57" sc="9" el="57" ec="9" bec="0" bev="0" fileid="60" />
                <SequencePoint vc="2" uspid="7257" ordinal="0" offset="202" sl="58" sc="13" el="58" ec="13" bec="0" bev="0" fileid="60" />
                <SequencePoint vc="2" uspid="7258" ordinal="0" offset="219" sl="59" sc="9" el="59" ec="9" bec="0" bev="0" fileid="60" />
                <SequencePoint vc="2" uspid="7259" ordinal="0" offset="242" sl="60" sc="5" el="60" ec="5" bec="0" bev="0" fileid="60" />
              </SequencePoints>
              <BranchPoints />
            </Method>
          </Methods>
        </Class>
      </Classes>
    </Module>
  </Modules>
</CoverageSession>