<?xml version="1.0" encoding="utf-8"?>
<CoverageSession xmlns:xsd="http://www.w3.org/2001/XMLSchema" xmlns:xsi="http://www.w3.org/2001/XMLSchema-instance" Version="0.0.0.0">
  <Summary numSequencePoints="1318" visitedSequencePoints="1199" numBranchPoints="0" visitedBranchPoints="0" sequenceCoverage="90.97" branchCoverage="0.0" maxCyclomaticComplexity="0" minCyclomaticComplexity="0" maxCrapScore="0" minCrapScore="0" visitedClasses="45" numClasses="46" visitedMethods="204" numMethods="207" />
  <Modules>
    <Module>
      <Summary numSequencePoints="752" visitedSequencePoints="639" numBranchPoints="0" visitedBranchPoints="0" sequenceCoverage="84.97" branchCoverage="0.0" maxCyclomaticComplexity="0" minCyclomaticComplexity="0" maxCrapScore="0" minCrapScore="0" visitedClasses="23" numClasses="24" visitedMethods="119" numMethods="122" />
      <ModuleTime>0001-01-01T00:00:00</ModuleTime>
      <ModuleName>GameLogic</ModuleName>
      <Files>
        <File uid="9" fullPath="C:/Users/ITWORK/Desktop/Unity/TimeSplit/Assets/Scripts/DungeonCreator/AbstractNode.cs" />
        <File uid="10" fullPath="C:/Users/ITWORK/Desktop/Unity/TimeSplit/Assets/Scripts/DungeonCreator/BinarySpacePartitioner.cs" />
        <File uid="11" fullPath="C:/Users/ITWORK/Desktop/Unity/TimeSplit/Assets/Scripts/DungeonCreator/CorridorNode.cs" />
        <File uid="12" fullPath="C:/Users/ITWORK/Desktop/Unity/TimeSplit/Assets/Scripts/DungeonCreator/CorridorsGenerator.cs" />
        <File uid="13" fullPath="C:/Users/ITWORK/Desktop/Unity/TimeSplit/Assets/Scripts/DungeonCreator/DungeonGenerator.cs" />
        <File uid="14" fullPath="C:/Users/ITWORK/Desktop/Unity/TimeSplit/Assets/Scripts/DungeonCreator/DungeonMaker.cs" />
        <File uid="15" fullPath="C:/Users/ITWORK/Desktop/Unity/TimeSplit/Assets/Scripts/DungeonCreator/Line.cs" />
        <File uid="16" fullPath="C:/Users/ITWORK/Desktop/Unity/TimeSplit/Assets/Scripts/DungeonCreator/RoomGenerator.cs" />
        <File uid="17" fullPath="C:/Users/ITWORK/Desktop/Unity/TimeSplit/Assets/Scripts/DungeonCreator/RoomNode.cs" />
        <File uid="18" fullPath="C:/Users/ITWORK/Desktop/Unity/TimeSplit/Assets/Scripts/DungeonCreator/StructureHelper.cs" />
        <File uid="19" fullPath="C:/Users/ITWORK/Desktop/Unity/TimeSplit/Assets/Scripts/Enemies/Bullet.cs" />
        <File uid="20" fullPath="C:/Users/ITWORK/Desktop/Unity/TimeSplit/Assets/Scripts/Enemies/Enemy.cs" />
        <File uid="21" fullPath="C:/Users/ITWORK/Desktop/Unity/TimeSplit/Assets/Scripts/Enemies/EnemyHealth.cs" />
        <File uid="22" fullPath="C:/Users/ITWORK/Desktop/Unity/TimeSplit/Assets/Scripts/Enemies/EnemyPath.cs" />
        <File uid="23" fullPath="C:/Users/ITWORK/Desktop/Unity/TimeSplit/Assets/Scripts/Enemies/EnemyStates/AttackState.cs" />
        <File uid="24" fullPath="C:/Users/ITWORK/Desktop/Unity/TimeSplit/Assets/Scripts/Enemies/EnemyStates/PatrolState.cs" />
        <File uid="25" fullPath="C:/Users/ITWORK/Desktop/Unity/TimeSplit/Assets/Scripts/Enemies/EnemyStates/SearchState.cs" />
        <File uid="26" fullPath="C:/Users/ITWORK/Desktop/Unity/TimeSplit/Assets/Scripts/Enemies/EnemyStates/StationaryState.cs" />
        <File uid="27" fullPath="C:/Users/ITWORK/Desktop/Unity/TimeSplit/Assets/Scripts/Enemies/PatrollingEnemy.cs" />
        <File uid="28" fullPath="C:/Users/ITWORK/Desktop/Unity/TimeSplit/Assets/Scripts/Enemies/StateMachine.cs" />
        <File uid="29" fullPath="C:/Users/ITWORK/Desktop/Unity/TimeSplit/Assets/Scripts/Enemies/StationaryEnemy.cs" />
        <File uid="30" fullPath="C:/Users/ITWORK/Desktop/Unity/TimeSplit/Assets/Scripts/Enviroment/LevelEnder.cs" />
        <File uid="31" fullPath="C:/Users/ITWORK/Desktop/Unity/TimeSplit/Assets/Scripts/Generic/MonoSingleton.cs" />
        <File uid="32" fullPath="C:/Users/ITWORK/Desktop/Unity/TimeSplit/Assets/Scripts/HealthAbstract.cs" />
        <File uid="33" fullPath="C:/Users/ITWORK/Desktop/Unity/TimeSplit/Assets/Scripts/InputManager.cs" />
        <File uid="34" fullPath="C:/Users/ITWORK/Desktop/Unity/TimeSplit/Assets/Scripts/Inputs/InputSystem_Actions.cs" />
        <File uid="35" fullPath="C:/Users/ITWORK/Desktop/Unity/TimeSplit/Assets/Scripts/Interactables/AbstractInteractable.cs" />
        <File uid="36" fullPath="C:/Users/ITWORK/Desktop/Unity/TimeSplit/Assets/Scripts/Interactables/PickupableInteractable.cs" />
        <File uid="37" fullPath="C:/Users/ITWORK/Desktop/Unity/TimeSplit/Assets/Scripts/LevelManager.cs" />
        <File uid="38" fullPath="C:/Users/ITWORK/Desktop/Unity/TimeSplit/Assets/Scripts/Player/PlayerHealth.cs" />
        <File uid="39" fullPath="C:/Users/ITWORK/Desktop/Unity/TimeSplit/Assets/Scripts/Player/PlayerHold.cs" />
        <File uid="40" fullPath="C:/Users/ITWORK/Desktop/Unity/TimeSplit/Assets/Scripts/Player/PlayerInteract.cs" />
        <File uid="41" fullPath="C:/Users/ITWORK/Desktop/Unity/TimeSplit/Assets/Scripts/Player/PlayerLook.cs" />
        <File uid="42" fullPath="C:/Users/ITWORK/Desktop/Unity/TimeSplit/Assets/Scripts/Player/PlayerMovement.cs" />
        <File uid="43" fullPath="C:/Users/ITWORK/Desktop/Unity/TimeSplit/Assets/Scripts/TimeControl/CircularArray.cs" />
        <File uid="44" fullPath="C:/Users/ITWORK/Desktop/Unity/TimeSplit/Assets/Scripts/TimeControl/PressToRewind.cs" />
        <File uid="45" fullPath="C:/Users/ITWORK/Desktop/Unity/TimeSplit/Assets/Scripts/TimeControl/RewindAbstract.cs" />
        <File uid="46" fullPath="C:/Users/ITWORK/Desktop/Unity/TimeSplit/Assets/Scripts/TimeControl/RewindController.cs" />
        <File uid="47" fullPath="C:/Users/ITWORK/Desktop/Unity/TimeSplit/Assets/Scripts/TimeControl/RewindHealth.cs" />
        <File uid="48" fullPath="C:/Users/ITWORK/Desktop/Unity/TimeSplit/Assets/Scripts/TimeControl/RewindPoints.cs" />
        <File uid="49" fullPath="C:/Users/ITWORK/Desktop/Unity/TimeSplit/Assets/Scripts/TimeControl/RewindPosition.cs" />
        <File uid="50" fullPath="C:/Users/ITWORK/Desktop/Unity/TimeSplit/Assets/Scripts/TimeControl/RewindRigidbody.cs" />
        <File uid="51" fullPath="C:/Users/ITWORK/Desktop/Unity/TimeSplit/Assets/Scripts/UI/PointsController.cs" />
        <File uid="52" fullPath="C:/Users/ITWORK/Desktop/Unity/TimeSplit/Assets/Scripts/UI/PostProcessingManager.cs" />
        <File uid="53" fullPath="C:/Users/ITWORK/Desktop/Unity/TimeSplit/Assets/Scripts/UI/TimeClockHandController.cs" />
        <File uid="54" fullPath="C:/Users/ITWORK/Desktop/Unity/TimeSplit/Assets/Scripts/UI/TitleUiManager.cs" />
        <File uid="55" fullPath="C:/Users/ITWORK/Desktop/Unity/TimeSplit/Assets/Scripts/UI/UIManager.cs" />
        <File uid="56" fullPath="C:/Users/ITWORK/Desktop/Unity/TimeSplit/Assets/Scripts/Utils/FuzzyCompare.cs" />
        <File uid="57" fullPath="C:/Users/ITWORK/Desktop/Unity/TimeSplit/Assets/Scripts/Weapons/ShootableObject.cs" />
      </Files>
      <Classes>
        <Class>
          <Summary numSequencePoints="39" visitedSequencePoints="37" numBranchPoints="0" visitedBranchPoints="0" sequenceCoverage="94.87" branchCoverage="0.0" maxCyclomaticComplexity="0" minCyclomaticComplexity="0" maxCrapScore="0" minCrapScore="0" visitedClasses="1" numClasses="1" visitedMethods="9" numMethods="9" />
          <FullName>Enemy</FullName>
          <Methods>
            <Method visited="true" cyclomaticComplexity="0" nPathComplexity="0" sequenceCoverage="100.0" branchCoverage="0" crapScore="0" isConstructor="false" isStatic="false" isGetter="true" isSetter="false">
              <Summary numSequencePoints="1" visitedSequencePoints="1" numBranchPoints="0" visitedBranchPoints="0" sequenceCoverage="100.0" branchCoverage="0" maxCyclomaticComplexity="0" minCyclomaticComplexity="0" maxCrapScore="0" minCrapScore="0" visitedClasses="0" numClasses="0" visitedMethods="1" numMethods="1" />
              <MetadataToken>100663370</MetadataToken>
              <Name>UnityEngine.AI.NavMeshAgent Enemy::get_Agent()</Name>
              <FileRef uid="20" />
              <SequencePoints>
                <SequencePoint vc="2" uspid="1164" ordinal="0" offset="0" sl="13" sc="40" el="13" ec="40" bec="0" bev="0" fileid="20" />
              </SequencePoints>
              <BranchPoints />
            </Method>
            <Method visited="true" cyclomaticComplexity="0" nPathComplexity="0" sequenceCoverage="100.0" branchCoverage="0" crapScore="0" isConstructor="false" isStatic="false" isGetter="true" isSetter="false">
              <Summary numSequencePoints="1" visitedSequencePoints="1" numBranchPoints="0" visitedBranchPoints="0" sequenceCoverage="100.0" branchCoverage="0" maxCyclomaticComplexity="0" minCyclomaticComplexity="0" maxCrapScore="0" minCrapScore="0" visitedClasses="0" numClasses="0" visitedMethods="1" numMethods="1" />
              <MetadataToken>100663371</MetadataToken>
              <Name>UnityEngine.GameObject Enemy::get_Player()</Name>
              <FileRef uid="20" />
              <SequencePoints>
                <SequencePoint vc="2" uspid="1165" ordinal="0" offset="0" sl="14" sc="39" el="14" ec="39" bec="0" bev="0" fileid="20" />
              </SequencePoints>
              <BranchPoints />
            </Method>
            <Method visited="true" cyclomaticComplexity="0" nPathComplexity="0" sequenceCoverage="100.0" branchCoverage="0" crapScore="0" isConstructor="false" isStatic="false" isGetter="true" isSetter="false">
              <Summary numSequencePoints="1" visitedSequencePoints="1" numBranchPoints="0" visitedBranchPoints="0" sequenceCoverage="100.0" branchCoverage="0" maxCyclomaticComplexity="0" minCyclomaticComplexity="0" maxCrapScore="0" minCrapScore="0" visitedClasses="0" numClasses="0" visitedMethods="1" numMethods="1" />
              <MetadataToken>100663372</MetadataToken>
              <Name>UnityEngine.Vector3 Enemy::get_LastKnownPlayerPosition()</Name>
              <FileRef uid="20" />
              <SequencePoints>
                <SequencePoint vc="1" uspid="1166" ordinal="0" offset="0" sl="15" sc="53" el="15" ec="53" bec="0" bev="0" fileid="20" />
              </SequencePoints>
              <BranchPoints />
            </Method>
            <Method visited="true" cyclomaticComplexity="0" nPathComplexity="0" sequenceCoverage="100.0" branchCoverage="0" crapScore="0" isConstructor="false" isStatic="false" isGetter="false" isSetter="true">
              <Summary numSequencePoints="1" visitedSequencePoints="1" numBranchPoints="0" visitedBranchPoints="0" sequenceCoverage="100.0" branchCoverage="0" maxCyclomaticComplexity="0" minCyclomaticComplexity="0" maxCrapScore="0" minCrapScore="0" visitedClasses="0" numClasses="0" visitedMethods="1" numMethods="1" />
              <MetadataToken>100663373</MetadataToken>
              <Name>System.Void Enemy::set_LastKnownPlayerPosition(UnityEngine.Vector3)</Name>
              <FileRef uid="20" />
              <SequencePoints>
                <SequencePoint vc="1" uspid="1167" ordinal="0" offset="0" sl="15" sc="86" el="15" ec="86" bec="0" bev="0" fileid="20" />
              </SequencePoints>
              <BranchPoints />
            </Method>
            <Method visited="true" cyclomaticComplexity="0" nPathComplexity="0" sequenceCoverage="100.0" branchCoverage="0" crapScore="0" isConstructor="false" isStatic="false" isGetter="true" isSetter="false">
              <Summary numSequencePoints="1" visitedSequencePoints="1" numBranchPoints="0" visitedBranchPoints="0" sequenceCoverage="100.0" branchCoverage="0" maxCyclomaticComplexity="0" minCyclomaticComplexity="0" maxCrapScore="0" minCrapScore="0" visitedClasses="0" numClasses="0" visitedMethods="1" numMethods="1" />
              <MetadataToken>100663374</MetadataToken>
              <Name>EnemyHealth Enemy::get_Health()</Name>
              <FileRef uid="20" />
              <SequencePoints>
                <SequencePoint vc="2" uspid="1168" ordinal="0" offset="0" sl="16" sc="40" el="16" ec="40" bec="0" bev="0" fileid="20" />
              </SequencePoints>
              <BranchPoints />
            </Method>
            <Method visited="true" cyclomaticComplexity="0" nPathComplexity="0" sequenceCoverage="100.0" branchCoverage="0" crapScore="0" isConstructor="false" isStatic="false" isGetter="false" isSetter="false">
              <Summary numSequencePoints="6" visitedSequencePoints="6" numBranchPoints="0" visitedBranchPoints="0" sequenceCoverage="100.0" branchCoverage="0" maxCyclomaticComplexity="0" minCyclomaticComplexity="0" maxCrapScore="0" minCrapScore="0" visitedClasses="0" numClasses="0" visitedMethods="1" numMethods="1" />
              <MetadataToken>100663375</MetadataToken>
              <Name>System.Void Enemy::Awake()</Name>
              <FileRef uid="20" />
              <SequencePoints>
                <SequencePoint vc="12" uspid="1169" ordinal="0" offset="0" sl="33" sc="5" el="33" ec="5" bec="0" bev="0" fileid="20" />
                <SequencePoint vc="12" uspid="1170" ordinal="0" offset="1" sl="34" sc="9" el="34" ec="9" bec="0" bev="0" fileid="20" />
                <SequencePoint vc="12" uspid="1171" ordinal="0" offset="13" sl="35" sc="9" el="35" ec="9" bec="0" bev="0" fileid="20" />
                <SequencePoint vc="12" uspid="1172" ordinal="0" offset="25" sl="36" sc="9" el="36" ec="9" bec="0" bev="0" fileid="20" />
                <SequencePoint vc="12" uspid="1173" ordinal="0" offset="41" sl="37" sc="9" el="37" ec="9" bec="0" bev="0" fileid="20" />
                <SequencePoint vc="12" uspid="1174" ordinal="0" offset="53" sl="38" sc="5" el="38" ec="5" bec="0" bev="0" fileid="20" />
              </SequencePoints>
              <BranchPoints />
            </Method>
            <Method visited="true" cyclomaticComplexity="0" nPathComplexity="0" sequenceCoverage="100.0" branchCoverage="0" crapScore="0" isConstructor="false" isStatic="false" isGetter="false" isSetter="false">
              <Summary numSequencePoints="3" visitedSequencePoints="3" numBranchPoints="0" visitedBranchPoints="0" sequenceCoverage="100.0" branchCoverage="0" maxCyclomaticComplexity="0" minCyclomaticComplexity="0" maxCrapScore="0" minCrapScore="0" visitedClasses="0" numClasses="0" visitedMethods="1" numMethods="1" />
              <MetadataToken>100663376</MetadataToken>
              <Name>System.Void Enemy::Update()</Name>
              <FileRef uid="20" />
              <SequencePoints>
                <SequencePoint vc="2" uspid="1175" ordinal="0" offset="0" sl="41" sc="5" el="41" ec="5" bec="0" bev="0" fileid="20" />
                <SequencePoint vc="2" uspid="1176" ordinal="0" offset="1" sl="42" sc="9" el="42" ec="9" bec="0" bev="0" fileid="20" />
                <SequencePoint vc="2" uspid="1177" ordinal="0" offset="23" sl="44" sc="5" el="44" ec="5" bec="0" bev="0" fileid="20" />
              </SequencePoints>
              <BranchPoints />
            </Method>
            <Method visited="true" cyclomaticComplexity="0" nPathComplexity="0" sequenceCoverage="90.48" branchCoverage="0" crapScore="0" isConstructor="false" isStatic="false" isGetter="false" isSetter="false">
              <Summary numSequencePoints="21" visitedSequencePoints="19" numBranchPoints="0" visitedBranchPoints="0" sequenceCoverage="90.48" branchCoverage="0" maxCyclomaticComplexity="0" minCyclomaticComplexity="0" maxCrapScore="0" minCrapScore="0" visitedClasses="0" numClasses="0" visitedMethods="1" numMethods="1" />
              <MetadataToken>100663377</MetadataToken>
              <Name>System.Boolean Enemy::CanSeePlayer()</Name>
              <FileRef uid="20" />
              <SequencePoints>
                <SequencePoint vc="4" uspid="1178" ordinal="0" offset="0" sl="47" sc="5" el="47" ec="5" bec="0" bev="0" fileid="20" />
                <SequencePoint vc="4" uspid="1179" ordinal="0" offset="1" sl="48" sc="9" el="48" ec="9" bec="0" bev="0" fileid="20" />
                <SequencePoint vc="1" uspid="1180" ordinal="0" offset="17" sl="48" sc="30" el="48" ec="30" bec="0" bev="0" fileid="20" />
                <SequencePoint vc="3" uspid="1181" ordinal="0" offset="24" sl="50" sc="9" el="50" ec="9" bec="0" bev="0" fileid="20" />
                <SequencePoint vc="2" uspid="1182" ordinal="0" offset="71" sl="51" sc="9" el="51" ec="9" bec="0" bev="0" fileid="20" />
                <SequencePoint vc="2" uspid="1183" ordinal="0" offset="72" sl="52" sc="13" el="52" ec="13" bec="0" bev="0" fileid="20" />
                <SequencePoint vc="2" uspid="1184" ordinal="0" offset="126" sl="53" sc="13" el="53" ec="13" bec="0" bev="0" fileid="20" />
                <SequencePoint vc="2" uspid="1185" ordinal="0" offset="145" sl="55" sc="13" el="55" ec="13" bec="0" bev="0" fileid="20" />
                <SequencePoint vc="1" uspid="1186" ordinal="0" offset="181" sl="56" sc="13" el="56" ec="13" bec="0" bev="0" fileid="20" />
                <SequencePoint vc="1" uspid="1187" ordinal="0" offset="182" sl="57" sc="17" el="57" ec="17" bec="0" bev="0" fileid="20" />
                <SequencePoint vc="1" uspid="1188" ordinal="0" offset="222" sl="59" sc="17" el="59" ec="17" bec="0" bev="0" fileid="20" />
                <SequencePoint vc="1" uspid="1189" ordinal="0" offset="243" sl="60" sc="17" el="60" ec="17" bec="0" bev="0" fileid="20" />
                <SequencePoint vc="1" uspid="1190" ordinal="0" offset="244" sl="61" sc="21" el="61" ec="21" bec="0" bev="0" fileid="20" />
                <SequencePoint vc="1" uspid="1191" ordinal="0" offset="273" sl="62" sc="21" el="62" ec="21" bec="0" bev="0" fileid="20" />
                <SequencePoint vc="1" uspid="1192" ordinal="0" offset="274" sl="63" sc="25" el="63" ec="25" bec="0" bev="0" fileid="20" />
                <SequencePoint vc="1" uspid="1193" ordinal="0" offset="305" sl="64" sc="25" el="64" ec="25" bec="0" bev="0" fileid="20" />
                <SequencePoint vc="0" uspid="1194" ordinal="0" offset="309" sl="66" sc="17" el="66" ec="17" bec="0" bev="0" fileid="20" />
                <SequencePoint vc="0" uspid="1195" ordinal="0" offset="310" sl="67" sc="13" el="67" ec="13" bec="0" bev="0" fileid="20" />
                <SequencePoint vc="1" uspid="1196" ordinal="0" offset="311" sl="68" sc="9" el="68" ec="9" bec="0" bev="0" fileid="20" />
                <SequencePoint vc="2" uspid="1197" ordinal="0" offset="312" sl="70" sc="9" el="70" ec="9" bec="0" bev="0" fileid="20" />
                <SequencePoint vc="4" uspid="1198" ordinal="0" offset="316" sl="71" sc="5" el="71" ec="5" bec="0" bev="0" fileid="20" />
              </SequencePoints>
              <BranchPoints />
            </Method>
            <Method visited="true" cyclomaticComplexity="0" nPathComplexity="0" sequenceCoverage="100.0" branchCoverage="0" crapScore="0" isConstructor="true" isStatic="false" isGetter="false" isSetter="false">
              <Summary numSequencePoints="4" visitedSequencePoints="4" numBranchPoints="0" visitedBranchPoints="0" sequenceCoverage="100.0" branchCoverage="0" maxCyclomaticComplexity="0" minCyclomaticComplexity="0" maxCrapScore="0" minCrapScore="0" visitedClasses="0" numClasses="0" visitedMethods="1" numMethods="1" />
              <MetadataToken>100663378</MetadataToken>
              <Name>Enemy::Enemy()</Name>
              <FileRef uid="20" />
              <SequencePoints>
                <SequencePoint vc="12" uspid="1199" ordinal="0" offset="0" sl="21" sc="5" el="21" ec="5" bec="0" bev="0" fileid="20" />
                <SequencePoint vc="12" uspid="1200" ordinal="0" offset="11" sl="22" sc="5" el="22" ec="5" bec="0" bev="0" fileid="20" />
                <SequencePoint vc="12" uspid="1201" ordinal="0" offset="22" sl="23" sc="5" el="23" ec="5" bec="0" bev="0" fileid="20" />
                <SequencePoint vc="12" uspid="1202" ordinal="0" offset="33" sl="27" sc="5" el="27" ec="5" bec="0" bev="0" fileid="20" />
              </SequencePoints>
              <BranchPoints />
            </Method>
          </Methods>
        </Class>
        <Class>
          <Summary numSequencePoints="4" visitedSequencePoints="4" numBranchPoints="0" visitedBranchPoints="0" sequenceCoverage="100.0" branchCoverage="0.0" maxCyclomaticComplexity="0" minCyclomaticComplexity="0" maxCrapScore="0" minCrapScore="0" visitedClasses="1" numClasses="1" visitedMethods="1" numMethods="1" />
          <FullName>EnemyHealth</FullName>
          <Methods>
            <Method visited="true" cyclomaticComplexity="0" nPathComplexity="0" sequenceCoverage="100.0" branchCoverage="0" crapScore="0" isConstructor="true" isStatic="false" isGetter="false" isSetter="false">
              <Summary numSequencePoints="4" visitedSequencePoints="4" numBranchPoints="0" visitedBranchPoints="0" sequenceCoverage="100.0" branchCoverage="0" maxCyclomaticComplexity="0" minCyclomaticComplexity="0" maxCrapScore="0" minCrapScore="0" visitedClasses="0" numClasses="0" visitedMethods="1" numMethods="1" />
              <MetadataToken>100663386</MetadataToken>
              <Name>EnemyHealth::EnemyHealth()</Name>
              <FileRef uid="21" />
              <SequencePoints>
                <SequencePoint vc="8" uspid="1226" ordinal="0" offset="0" sl="10" sc="5" el="10" ec="5" bec="0" bev="0" fileid="21" />
                <SequencePoint vc="8" uspid="1227" ordinal="0" offset="11" sl="12" sc="5" el="12" ec="5" bec="0" bev="0" fileid="21" />
                <SequencePoint vc="8" uspid="1228" ordinal="0" offset="22" sl="15" sc="5" el="15" ec="5" bec="0" bev="0" fileid="21" />
                <SequencePoint vc="8" uspid="1229" ordinal="0" offset="29" sl="17" sc="5" el="17" ec="5" bec="0" bev="0" fileid="21" />
              </SequencePoints>
              <BranchPoints />
            </Method>
          </Methods>
        </Class>
        <Class>
          <Summary numSequencePoints="24" visitedSequencePoints="24" numBranchPoints="0" visitedBranchPoints="0" sequenceCoverage="100.0" branchCoverage="0.0" maxCyclomaticComplexity="0" minCyclomaticComplexity="0" maxCrapScore="0" minCrapScore="0" visitedClasses="1" numClasses="1" visitedMethods="3" numMethods="3" />
          <FullName>StateMachine</FullName>
          <Methods>
            <Method visited="true" cyclomaticComplexity="0" nPathComplexity="0" sequenceCoverage="100.0" branchCoverage="0" crapScore="0" isConstructor="false" isStatic="false" isGetter="false" isSetter="false">
              <Summary numSequencePoints="5" visitedSequencePoints="5" numBranchPoints="0" visitedBranchPoints="0" sequenceCoverage="100.0" branchCoverage="0" maxCyclomaticComplexity="0" minCyclomaticComplexity="0" maxCrapScore="0" minCrapScore="0" visitedClasses="0" numClasses="0" visitedMethods="1" numMethods="1" />
              <MetadataToken>100663420</MetadataToken>
              <Name>System.Void StateMachine::Initialize(BaseState)</Name>
              <FileRef uid="28" />
              <SequencePoints>
                <SequencePoint vc="1" uspid="1407" ordinal="0" offset="0" sl="11" sc="5" el="11" ec="5" bec="0" bev="0" fileid="28" />
                <SequencePoint vc="1" uspid="1408" ordinal="0" offset="1" sl="12" sc="9" el="12" ec="9" bec="0" bev="0" fileid="28" />
                <SequencePoint vc="1" uspid="1409" ordinal="0" offset="12" sl="13" sc="9" el="13" ec="9" bec="0" bev="0" fileid="28" />
                <SequencePoint vc="1" uspid="1410" ordinal="0" offset="24" sl="15" sc="9" el="15" ec="9" bec="0" bev="0" fileid="28" />
                <SequencePoint vc="1" uspid="1411" ordinal="0" offset="32" sl="16" sc="5" el="16" ec="5" bec="0" bev="0" fileid="28" />
              </SequencePoints>
              <BranchPoints />
            </Method>
            <Method visited="true" cyclomaticComplexity="0" nPathComplexity="0" sequenceCoverage="100.0" branchCoverage="0" crapScore="0" isConstructor="false" isStatic="false" isGetter="false" isSetter="false">
              <Summary numSequencePoints="6" visitedSequencePoints="6" numBranchPoints="0" visitedBranchPoints="0" sequenceCoverage="100.0" branchCoverage="0" maxCyclomaticComplexity="0" minCyclomaticComplexity="0" maxCrapScore="0" minCrapScore="0" visitedClasses="0" numClasses="0" visitedMethods="1" numMethods="1" />
              <MetadataToken>100663421</MetadataToken>
              <Name>System.Void StateMachine::Update()</Name>
              <FileRef uid="28" />
              <SequencePoints>
                <SequencePoint vc="2" uspid="1412" ordinal="0" offset="0" sl="19" sc="5" el="19" ec="5" bec="0" bev="0" fileid="28" />
                <SequencePoint vc="2" uspid="1413" ordinal="0" offset="1" sl="20" sc="9" el="20" ec="9" bec="0" bev="0" fileid="28" />
                <SequencePoint vc="1" uspid="1414" ordinal="0" offset="47" sl="22" sc="9" el="22" ec="9" bec="0" bev="0" fileid="28" />
                <SequencePoint vc="1" uspid="1415" ordinal="0" offset="48" sl="23" sc="13" el="23" ec="13" bec="0" bev="0" fileid="28" />
                <SequencePoint vc="1" uspid="1416" ordinal="0" offset="60" sl="24" sc="9" el="24" ec="9" bec="0" bev="0" fileid="28" />
                <SequencePoint vc="2" uspid="1417" ordinal="0" offset="61" sl="25" sc="5" el="25" ec="5" bec="0" bev="0" fileid="28" />
              </SequencePoints>
              <BranchPoints />
            </Method>
            <Method visited="true" cyclomaticComplexity="0" nPathComplexity="0" sequenceCoverage="100.0" branchCoverage="0" crapScore="0" isConstructor="false" isStatic="false" isGetter="false" isSetter="false">
              <Summary numSequencePoints="13" visitedSequencePoints="13" numBranchPoints="0" visitedBranchPoints="0" sequenceCoverage="100.0" branchCoverage="0" maxCyclomaticComplexity="0" minCyclomaticComplexity="0" maxCrapScore="0" minCrapScore="0" visitedClasses="0" numClasses="0" visitedMethods="1" numMethods="1" />
              <MetadataToken>100663422</MetadataToken>
              <Name>System.Void StateMachine::ChangeState(BaseState)</Name>
              <FileRef uid="28" />
              <SequencePoints>
                <SequencePoint vc="2" uspid="1418" ordinal="0" offset="0" sl="28" sc="5" el="28" ec="5" bec="0" bev="0" fileid="28" />
                <SequencePoint vc="2" uspid="1419" ordinal="0" offset="1" sl="29" sc="9" el="29" ec="9" bec="0" bev="0" fileid="28" />
                <SequencePoint vc="1" uspid="1420" ordinal="0" offset="14" sl="30" sc="9" el="30" ec="9" bec="0" bev="0" fileid="28" />
                <SequencePoint vc="1" uspid="1421" ordinal="0" offset="15" sl="31" sc="13" el="31" ec="13" bec="0" bev="0" fileid="28" />
                <SequencePoint vc="1" uspid="1422" ordinal="0" offset="27" sl="32" sc="9" el="32" ec="9" bec="0" bev="0" fileid="28" />
                <SequencePoint vc="2" uspid="1423" ordinal="0" offset="28" sl="34" sc="9" el="34" ec="9" bec="0" bev="0" fileid="28" />
                <SequencePoint vc="2" uspid="1424" ordinal="0" offset="35" sl="36" sc="9" el="36" ec="9" bec="0" bev="0" fileid="28" />
                <SequencePoint vc="2" uspid="1425" ordinal="0" offset="48" sl="37" sc="9" el="37" ec="9" bec="0" bev="0" fileid="28" />
                <SequencePoint vc="2" uspid="1426" ordinal="0" offset="49" sl="38" sc="13" el="38" ec="13" bec="0" bev="0" fileid="28" />
                <SequencePoint vc="2" uspid="1427" ordinal="0" offset="61" sl="39" sc="13" el="39" ec="13" bec="0" bev="0" fileid="28" />
                <SequencePoint vc="2" uspid="1428" ordinal="0" offset="78" sl="40" sc="13" el="40" ec="13" bec="0" bev="0" fileid="28" />
                <SequencePoint vc="2" uspid="1429" ordinal="0" offset="90" sl="41" sc="9" el="41" ec="9" bec="0" bev="0" fileid="28" />
                <SequencePoint vc="2" uspid="1430" ordinal="0" offset="91" sl="42" sc="5" el="42" ec="5" bec="0" bev="0" fileid="28" />
              </SequencePoints>
              <BranchPoints />
            </Method>
          </Methods>
        </Class>
        <Class>
          <Summary numSequencePoints="68" visitedSequencePoints="40" numBranchPoints="0" visitedBranchPoints="0" sequenceCoverage="58.82" branchCoverage="0.0" maxCyclomaticComplexity="0" minCyclomaticComplexity="0" maxCrapScore="0" minCrapScore="0" visitedClasses="1" numClasses="1" visitedMethods="5" numMethods="6" />
          <FullName>MonoSingleton[T]</FullName>
          <Methods>
            <Method visited="true" cyclomaticComplexity="0" nPathComplexity="0" sequenceCoverage="60.00" branchCoverage="0" crapScore="0" isConstructor="false" isStatic="true" isGetter="true" isSetter="false">
              <Summary numSequencePoints="15" visitedSequencePoints="9" numBranchPoints="0" visitedBranchPoints="0" sequenceCoverage="60.00" branchCoverage="0" maxCyclomaticComplexity="0" minCyclomaticComplexity="0" maxCrapScore="0" minCrapScore="0" visitedClasses="0" numClasses="0" visitedMethods="1" numMethods="1" />
              <MetadataToken>100663429</MetadataToken>
              <Name>static T MonoSingleton[T]::get_instance()</Name>
              <FileRef uid="31" />
              <SequencePoints>
                <SequencePoint vc="478" uspid="1443" ordinal="0" offset="0" sl="33" sc="0" el="33" ec="0" bec="0" bev="0" fileid="31" />
                <SequencePoint vc="478" uspid="1444" ordinal="0" offset="1" sl="35" sc="0" el="35" ec="0" bec="0" bev="0" fileid="31" />
                <SequencePoint vc="13" uspid="1445" ordinal="0" offset="21" sl="36" sc="0" el="36" ec="0" bec="0" bev="0" fileid="31" />
                <SequencePoint vc="13" uspid="1446" ordinal="0" offset="22" sl="37" sc="0" el="37" ec="0" bec="0" bev="0" fileid="31" />
                <SequencePoint vc="465" uspid="1447" ordinal="0" offset="30" sl="40" sc="0" el="40" ec="0" bec="0" bev="0" fileid="31" />
                <SequencePoint vc="465" uspid="1448" ordinal="0" offset="36" sl="41" sc="0" el="41" ec="0" bec="0" bev="0" fileid="31" />
                <SequencePoint vc="465" uspid="1449" ordinal="0" offset="51" sl="42" sc="0" el="42" ec="0" bec="0" bev="0" fileid="31" />
                <SequencePoint vc="465" uspid="1450" ordinal="0" offset="52" sl="43" sc="0" el="43" ec="0" bec="0" bev="0" fileid="31" />
                <SequencePoint vc="0" uspid="1451" ordinal="0" offset="65" sl="46" sc="0" el="46" ec="0" bec="0" bev="0" fileid="31" />
                <SequencePoint vc="0" uspid="1452" ordinal="0" offset="107" sl="47" sc="0" el="47" ec="0" bec="0" bev="0" fileid="31" />
                <SequencePoint vc="0" uspid="1453" ordinal="0" offset="118" sl="48" sc="0" el="48" ec="0" bec="0" bev="0" fileid="31" />
                <SequencePoint vc="0" uspid="1454" ordinal="0" offset="119" sl="49" sc="0" el="49" ec="0" bec="0" bev="0" fileid="31" />
                <SequencePoint vc="0" uspid="1455" ordinal="0" offset="141" sl="50" sc="0" el="50" ec="0" bec="0" bev="0" fileid="31" />
                <SequencePoint vc="0" uspid="1456" ordinal="0" offset="142" sl="51" sc="0" el="51" ec="0" bec="0" bev="0" fileid="31" />
                <SequencePoint vc="478" uspid="1457" ordinal="0" offset="150" sl="52" sc="0" el="52" ec="0" bec="0" bev="0" fileid="31" />
              </SequencePoints>
              <BranchPoints />
            </Method>
            <Method visited="true" cyclomaticComplexity="0" nPathComplexity="0" sequenceCoverage="58.33" branchCoverage="0" crapScore="0" isConstructor="false" isStatic="false" isGetter="false" isSetter="false">
              <Summary numSequencePoints="12" visitedSequencePoints="7" numBranchPoints="0" visitedBranchPoints="0" sequenceCoverage="58.33" branchCoverage="0" maxCyclomaticComplexity="0" minCyclomaticComplexity="0" maxCrapScore="0" minCrapScore="0" visitedClasses="0" numClasses="0" visitedMethods="1" numMethods="1" />
              <MetadataToken>100663430</MetadataToken>
              <Name>System.Void MonoSingleton[T]::Awake()</Name>
              <FileRef uid="31" />
              <SequencePoints>
                <SequencePoint vc="23" uspid="1458" ordinal="0" offset="0" sl="58" sc="0" el="58" ec="0" bec="0" bev="0" fileid="31" />
                <SequencePoint vc="23" uspid="1459" ordinal="0" offset="1" sl="59" sc="0" el="59" ec="0" bec="0" bev="0" fileid="31" />
                <SequencePoint vc="23" uspid="1460" ordinal="0" offset="66" sl="60" sc="0" el="60" ec="0" bec="0" bev="0" fileid="31" />
                <SequencePoint vc="23" uspid="1461" ordinal="0" offset="67" sl="61" sc="0" el="61" ec="0" bec="0" bev="0" fileid="31" />
                <SequencePoint vc="23" uspid="1462" ordinal="0" offset="78" sl="62" sc="0" el="62" ec="0" bec="0" bev="0" fileid="31" />
                <SequencePoint vc="0" uspid="1463" ordinal="0" offset="81" sl="63" sc="0" el="63" ec="0" bec="0" bev="0" fileid="31" />
                <SequencePoint vc="0" uspid="1464" ordinal="0" offset="101" sl="64" sc="0" el="64" ec="0" bec="0" bev="0" fileid="31" />
                <SequencePoint vc="0" uspid="1465" ordinal="0" offset="102" sl="65" sc="0" el="65" ec="0" bec="0" bev="0" fileid="31" />
                <SequencePoint vc="0" uspid="1466" ordinal="0" offset="124" sl="66" sc="0" el="66" ec="0" bec="0" bev="0" fileid="31" />
                <SequencePoint vc="0" uspid="1467" ordinal="0" offset="131" sl="67" sc="0" el="67" ec="0" bec="0" bev="0" fileid="31" />
                <SequencePoint vc="23" uspid="1468" ordinal="0" offset="133" sl="69" sc="0" el="69" ec="0" bec="0" bev="0" fileid="31" />
                <SequencePoint vc="23" uspid="1469" ordinal="0" offset="149" sl="70" sc="0" el="70" ec="0" bec="0" bev="0" fileid="31" />
              </SequencePoints>
              <BranchPoints />
            </Method>
            <Method visited="true" cyclomaticComplexity="0" nPathComplexity="0" sequenceCoverage="50.00" branchCoverage="0" crapScore="0" isConstructor="false" isStatic="false" isGetter="false" isSetter="false">
              <Summary numSequencePoints="16" visitedSequencePoints="8" numBranchPoints="0" visitedBranchPoints="0" sequenceCoverage="50.00" branchCoverage="0" maxCyclomaticComplexity="0" minCyclomaticComplexity="0" maxCrapScore="0" minCrapScore="0" visitedClasses="0" numClasses="0" visitedMethods="1" numMethods="1" />
              <MetadataToken>100663431</MetadataToken>
              <Name>System.Void MonoSingleton[T]::Init()</Name>
              <FileRef uid="31" />
              <SequencePoints>
                <SequencePoint vc="23" uspid="1470" ordinal="0" offset="0" sl="77" sc="0" el="77" ec="0" bec="0" bev="0" fileid="31" />
                <SequencePoint vc="23" uspid="1471" ordinal="0" offset="1" sl="78" sc="0" el="78" ec="0" bec="0" bev="0" fileid="31" />
                <SequencePoint vc="0" uspid="1472" ordinal="0" offset="11" sl="79" sc="0" el="79" ec="0" bec="0" bev="0" fileid="31" />
                <SequencePoint vc="0" uspid="1473" ordinal="0" offset="12" sl="80" sc="0" el="80" ec="0" bec="0" bev="0" fileid="31" />
                <SequencePoint vc="23" uspid="1474" ordinal="0" offset="14" sl="83" sc="0" el="83" ec="0" bec="0" bev="0" fileid="31" />
                <SequencePoint vc="0" uspid="1475" ordinal="0" offset="24" sl="84" sc="0" el="84" ec="0" bec="0" bev="0" fileid="31" />
                <SequencePoint vc="0" uspid="1476" ordinal="0" offset="25" sl="85" sc="0" el="85" ec="0" bec="0" bev="0" fileid="31" />
                <SequencePoint vc="0" uspid="1477" ordinal="0" offset="37" sl="86" sc="0" el="86" ec="0" bec="0" bev="0" fileid="31" />
                <SequencePoint vc="23" uspid="1478" ordinal="0" offset="38" sl="88" sc="0" el="88" ec="0" bec="0" bev="0" fileid="31" />
                <SequencePoint vc="0" uspid="1479" ordinal="0" offset="48" sl="89" sc="0" el="89" ec="0" bec="0" bev="0" fileid="31" />
                <SequencePoint vc="0" uspid="1480" ordinal="0" offset="49" sl="90" sc="0" el="90" ec="0" bec="0" bev="0" fileid="31" />
                <SequencePoint vc="0" uspid="1481" ordinal="0" offset="62" sl="91" sc="0" el="91" ec="0" bec="0" bev="0" fileid="31" />
                <SequencePoint vc="23" uspid="1482" ordinal="0" offset="63" sl="93" sc="0" el="93" ec="0" bec="0" bev="0" fileid="31" />
                <SequencePoint vc="23" uspid="1483" ordinal="0" offset="81" sl="95" sc="0" el="95" ec="0" bec="0" bev="0" fileid="31" />
                <SequencePoint vc="23" uspid="1484" ordinal="0" offset="88" sl="96" sc="0" el="96" ec="0" bec="0" bev="0" fileid="31" />
                <SequencePoint vc="23" uspid="1485" ordinal="0" offset="95" sl="97" sc="0" el="97" ec="0" bec="0" bev="0" fileid="31" />
              </SequencePoints>
              <BranchPoints />
            </Method>
            <Method visited="true" cyclomaticComplexity="0" nPathComplexity="0" sequenceCoverage="50.00" branchCoverage="0" crapScore="0" isConstructor="false" isStatic="false" isGetter="false" isSetter="false">
              <Summary numSequencePoints="12" visitedSequencePoints="6" numBranchPoints="0" visitedBranchPoints="0" sequenceCoverage="50.00" branchCoverage="0" maxCyclomaticComplexity="0" minCyclomaticComplexity="0" maxCrapScore="0" minCrapScore="0" visitedClasses="0" numClasses="0" visitedMethods="1" numMethods="1" />
              <MetadataToken>100663432</MetadataToken>
              <Name>System.Void MonoSingleton[T]::SceneManagerOnActiveSceneChanged(UnityEngine.SceneManagement.Scene, UnityEngine.SceneManagement.Scene)</Name>
              <FileRef uid="31" />
              <SequencePoints>
                <SequencePoint vc="3" uspid="1486" ordinal="0" offset="0" sl="100" sc="0" el="100" ec="0" bec="0" bev="0" fileid="31" />
                <SequencePoint vc="3" uspid="1487" ordinal="0" offset="1" sl="102" sc="0" el="102" ec="0" bec="0" bev="0" fileid="31" />
                <SequencePoint vc="0" uspid="1488" ordinal="0" offset="37" sl="103" sc="0" el="103" ec="0" bec="0" bev="0" fileid="31" />
                <SequencePoint vc="0" uspid="1489" ordinal="0" offset="38" sl="104" sc="0" el="104" ec="0" bec="0" bev="0" fileid="31" />
                <SequencePoint vc="0" uspid="1490" ordinal="0" offset="56" sl="105" sc="0" el="105" ec="0" bec="0" bev="0" fileid="31" />
                <SequencePoint vc="0" uspid="1491" ordinal="0" offset="67" sl="106" sc="0" el="106" ec="0" bec="0" bev="0" fileid="31" />
                <SequencePoint vc="3" uspid="1492" ordinal="0" offset="69" sl="109" sc="0" el="109" ec="0" bec="0" bev="0" fileid="31" />
                <SequencePoint vc="0" uspid="1493" ordinal="0" offset="79" sl="110" sc="0" el="110" ec="0" bec="0" bev="0" fileid="31" />
                <SequencePoint vc="0" uspid="1494" ordinal="0" offset="80" sl="111" sc="0" el="111" ec="0" bec="0" bev="0" fileid="31" />
                <SequencePoint vc="3" uspid="1495" ordinal="0" offset="82" sl="114" sc="0" el="114" ec="0" bec="0" bev="0" fileid="31" />
                <SequencePoint vc="3" uspid="1496" ordinal="0" offset="100" sl="115" sc="0" el="115" ec="0" bec="0" bev="0" fileid="31" />
                <SequencePoint vc="3" uspid="1497" ordinal="0" offset="111" sl="116" sc="0" el="116" ec="0" bec="0" bev="0" fileid="31" />
              </SequencePoints>
              <BranchPoints />
            </Method>
            <Method visited="false" cyclomaticComplexity="0" nPathComplexity="0" sequenceCoverage="0.0" branchCoverage="0" crapScore="0" isConstructor="false" isStatic="false" isGetter="false" isSetter="false">
              <Summary numSequencePoints="3" visitedSequencePoints="0" numBranchPoints="0" visitedBranchPoints="0" sequenceCoverage="0.0" branchCoverage="0" maxCyclomaticComplexity="0" minCyclomaticComplexity="0" maxCrapScore="0" minCrapScore="0" visitedClasses="0" numClasses="0" visitedMethods="0" numMethods="1" />
              <MetadataToken>100663434</MetadataToken>
              <Name>System.Void MonoSingleton[T]::OnApplicationQuit()</Name>
              <FileRef uid="31" />
              <SequencePoints>
                <SequencePoint vc="0" uspid="1498" ordinal="0" offset="0" sl="122" sc="0" el="122" ec="0" bec="0" bev="0" fileid="31" />
                <SequencePoint vc="0" uspid="1499" ordinal="0" offset="1" sl="123" sc="0" el="123" ec="0" bec="0" bev="0" fileid="31" />
                <SequencePoint vc="0" uspid="1500" ordinal="0" offset="12" sl="124" sc="0" el="124" ec="0" bec="0" bev="0" fileid="31" />
              </SequencePoints>
              <BranchPoints />
            </Method>
            <Method visited="true" cyclomaticComplexity="0" nPathComplexity="0" sequenceCoverage="100.0" branchCoverage="0" crapScore="0" isConstructor="false" isStatic="false" isGetter="false" isSetter="false">
              <Summary numSequencePoints="10" visitedSequencePoints="10" numBranchPoints="0" visitedBranchPoints="0" sequenceCoverage="100.0" branchCoverage="0" maxCyclomaticComplexity="0" minCyclomaticComplexity="0" maxCrapScore="0" minCrapScore="0" visitedClasses="0" numClasses="0" visitedMethods="1" numMethods="1" />
              <MetadataToken>100663435</MetadataToken>
              <Name>System.Void MonoSingleton[T]::OnDestroy()</Name>
              <FileRef uid="31" />
              <SequencePoints>
                <SequencePoint vc="23" uspid="1501" ordinal="0" offset="0" sl="127" sc="0" el="127" ec="0" bec="0" bev="0" fileid="31" />
                <SequencePoint vc="23" uspid="1502" ordinal="0" offset="1" sl="129" sc="0" el="129" ec="0" bec="0" bev="0" fileid="31" />
                <SequencePoint vc="23" uspid="1503" ordinal="0" offset="19" sl="131" sc="0" el="131" ec="0" bec="0" bev="0" fileid="31" />
                <SequencePoint vc="23" uspid="1504" ordinal="0" offset="26" sl="132" sc="0" el="132" ec="0" bec="0" bev="0" fileid="31" />
                <SequencePoint vc="23" uspid="1505" ordinal="0" offset="33" sl="133" sc="0" el="133" ec="0" bec="0" bev="0" fileid="31" />
                <SequencePoint vc="3" uspid="1506" ordinal="0" offset="53" sl="134" sc="0" el="134" ec="0" bec="0" bev="0" fileid="31" />
                <SequencePoint vc="3" uspid="1507" ordinal="0" offset="54" sl="135" sc="0" el="135" ec="0" bec="0" bev="0" fileid="31" />
                <SequencePoint vc="20" uspid="1508" ordinal="0" offset="56" sl="137" sc="0" el="137" ec="0" bec="0" bev="0" fileid="31" />
                <SequencePoint vc="20" uspid="1509" ordinal="0" offset="67" sl="138" sc="0" el="138" ec="0" bec="0" bev="0" fileid="31" />
                <SequencePoint vc="23" uspid="1510" ordinal="0" offset="74" sl="139" sc="0" el="139" ec="0" bec="0" bev="0" fileid="31" />
              </SequencePoints>
              <BranchPoints />
            </Method>
          </Methods>
        </Class>
        <Class>
          <Summary numSequencePoints="47" visitedSequencePoints="47" numBranchPoints="0" visitedBranchPoints="0" sequenceCoverage="100.0" branchCoverage="0.0" maxCyclomaticComplexity="0" minCyclomaticComplexity="0" maxCrapScore="0" minCrapScore="0" visitedClasses="1" numClasses="1" visitedMethods="6" numMethods="6" />
          <FullName>InputSystem_Actions</FullName>
          <Methods>
            <Method visited="true" cyclomaticComplexity="0" nPathComplexity="0" sequenceCoverage="100.0" branchCoverage="0" crapScore="0" isConstructor="false" isStatic="false" isGetter="true" isSetter="false">
              <Summary numSequencePoints="1" visitedSequencePoints="1" numBranchPoints="0" visitedBranchPoints="0" sequenceCoverage="100.0" branchCoverage="0" maxCyclomaticComplexity="0" minCyclomaticComplexity="0" maxCrapScore="0" minCrapScore="0" visitedClasses="0" numClasses="0" visitedMethods="1" numMethods="1" />
              <MetadataToken>100663459</MetadataToken>
              <Name>UnityEngine.InputSystem.InputActionAsset InputSystem_Actions::get_asset()</Name>
              <FileRef uid="34" />
              <SequencePoints>
                <SequencePoint vc="8" uspid="1575" ordinal="0" offset="0" sl="80" sc="37" el="80" ec="37" bec="0" bev="0" fileid="34" />
              </SequencePoints>
              <BranchPoints />
            </Method>
            <Method visited="true" cyclomaticComplexity="0" nPathComplexity="0" sequenceCoverage="100.0" branchCoverage="0" crapScore="0" isConstructor="false" isStatic="false" isGetter="false" isSetter="false">
              <Summary numSequencePoints="6" visitedSequencePoints="6" numBranchPoints="0" visitedBranchPoints="0" sequenceCoverage="100.0" branchCoverage="0" maxCyclomaticComplexity="0" minCyclomaticComplexity="0" maxCrapScore="0" minCrapScore="0" visitedClasses="0" numClasses="0" visitedMethods="1" numMethods="1" />
              <MetadataToken>100663461</MetadataToken>
              <Name>System.Void InputSystem_Actions::Finalize()</Name>
              <FileRef uid="34" />
              <SequencePoints>
                <SequencePoint vc="2" uspid="1576" ordinal="0" offset="0" sl="1169" sc="5" el="1169" ec="5" bec="0" bev="0" fileid="34" />
                <SequencePoint vc="2" uspid="1577" ordinal="0" offset="1" sl="1169" sc="5" el="1169" ec="5" bec="0" bev="0" fileid="34" />
                <SequencePoint vc="2" uspid="1578" ordinal="0" offset="2" sl="1170" sc="9" el="1170" ec="9" bec="0" bev="0" fileid="34" />
                <SequencePoint vc="2" uspid="1579" ordinal="0" offset="27" sl="1171" sc="9" el="1171" ec="9" bec="0" bev="0" fileid="34" />
                <SequencePoint vc="2" uspid="1580" ordinal="0" offset="54" sl="1172" sc="5" el="1172" ec="5" bec="0" bev="0" fileid="34" />
                <SequencePoint vc="2" uspid="1581" ordinal="0" offset="62" sl="1172" sc="5" el="1172" ec="5" bec="0" bev="0" fileid="34" />
              </SequencePoints>
              <BranchPoints />
            </Method>
            <Method visited="true" cyclomaticComplexity="0" nPathComplexity="0" sequenceCoverage="100.0" branchCoverage="0" crapScore="0" isConstructor="false" isStatic="false" isGetter="false" isSetter="false">
              <Summary numSequencePoints="3" visitedSequencePoints="3" numBranchPoints="0" visitedBranchPoints="0" sequenceCoverage="100.0" branchCoverage="0" maxCyclomaticComplexity="0" minCyclomaticComplexity="0" maxCrapScore="0" minCrapScore="0" visitedClasses="0" numClasses="0" visitedMethods="1" numMethods="1" />
              <MetadataToken>100663471</MetadataToken>
              <Name>System.Void InputSystem_Actions::Enable()</Name>
              <FileRef uid="34" />
              <SequencePoints>
                <SequencePoint vc="2" uspid="1599" ordinal="0" offset="0" sl="1219" sc="5" el="1219" ec="5" bec="0" bev="0" fileid="34" />
                <SequencePoint vc="2" uspid="1600" ordinal="0" offset="1" sl="1220" sc="9" el="1220" ec="9" bec="0" bev="0" fileid="34" />
                <SequencePoint vc="2" uspid="1601" ordinal="0" offset="13" sl="1221" sc="5" el="1221" ec="5" bec="0" bev="0" fileid="34" />
              </SequencePoints>
              <BranchPoints />
            </Method>
            <Method visited="true" cyclomaticComplexity="0" nPathComplexity="0" sequenceCoverage="100.0" branchCoverage="0" crapScore="0" isConstructor="false" isStatic="false" isGetter="false" isSetter="false">
              <Summary numSequencePoints="3" visitedSequencePoints="3" numBranchPoints="0" visitedBranchPoints="0" sequenceCoverage="100.0" branchCoverage="0" maxCyclomaticComplexity="0" minCyclomaticComplexity="0" maxCrapScore="0" minCrapScore="0" visitedClasses="0" numClasses="0" visitedMethods="1" numMethods="1" />
              <MetadataToken>100663472</MetadataToken>
              <Name>System.Void InputSystem_Actions::Disable()</Name>
              <FileRef uid="34" />
              <SequencePoints>
                <SequencePoint vc="2" uspid="1602" ordinal="0" offset="0" sl="1225" sc="5" el="1225" ec="5" bec="0" bev="0" fileid="34" />
                <SequencePoint vc="2" uspid="1603" ordinal="0" offset="1" sl="1226" sc="9" el="1226" ec="9" bec="0" bev="0" fileid="34" />
                <SequencePoint vc="2" uspid="1604" ordinal="0" offset="13" sl="1227" sc="5" el="1227" ec="5" bec="0" bev="0" fileid="34" />
              </SequencePoints>
              <BranchPoints />
            </Method>
            <Method visited="true" cyclomaticComplexity="0" nPathComplexity="0" sequenceCoverage="100.0" branchCoverage="0" crapScore="0" isConstructor="false" isStatic="false" isGetter="true" isSetter="false">
              <Summary numSequencePoints="1" visitedSequencePoints="1" numBranchPoints="0" visitedBranchPoints="0" sequenceCoverage="100.0" branchCoverage="0" maxCyclomaticComplexity="0" minCyclomaticComplexity="0" maxCrapScore="0" minCrapScore="0" visitedClasses="0" numClasses="0" visitedMethods="1" numMethods="1" />
              <MetadataToken>100663476</MetadataToken>
              <Name>InputSystem_Actions/PlayerActions InputSystem_Actions::get_Player()</Name>
              <FileRef uid="34" />
              <SequencePoints>
                <SequencePoint vc="8" uspid="1612" ordinal="0" offset="0" sl="1437" sc="37" el="1437" ec="37" bec="0" bev="0" fileid="34" />
              </SequencePoints>
              <BranchPoints />
            </Method>
            <Method visited="true" cyclomaticComplexity="0" nPathComplexity="0" sequenceCoverage="100.0" branchCoverage="0" crapScore="0" isConstructor="true" isStatic="false" isGetter="false" isSetter="false">
              <Summary numSequencePoints="33" visitedSequencePoints="33" numBranchPoints="0" visitedBranchPoints="0" sequenceCoverage="100.0" branchCoverage="0" maxCyclomaticComplexity="0" minCyclomaticComplexity="0" maxCrapScore="0" minCrapScore="0" visitedClasses="0" numClasses="0" visitedMethods="1" numMethods="1" />
              <MetadataToken>100663460</MetadataToken>
              <Name>InputSystem_Actions::InputSystem_Actions()</Name>
              <FileRef uid="34" />
              <SequencePoints>
                <SequencePoint vc="2" uspid="1639" ordinal="0" offset="0" sl="1246" sc="5" el="1246" ec="5" bec="0" bev="0" fileid="34" />
                <SequencePoint vc="2" uspid="1640" ordinal="0" offset="11" sl="1441" sc="5" el="1441" ec="5" bec="0" bev="0" fileid="34" />
                <SequencePoint vc="2" uspid="1641" ordinal="0" offset="22" sl="1633" sc="5" el="1633" ec="5" bec="0" bev="0" fileid="34" />
                <SequencePoint vc="2" uspid="1642" ordinal="0" offset="29" sl="1646" sc="5" el="1646" ec="5" bec="0" bev="0" fileid="34" />
                <SequencePoint vc="2" uspid="1643" ordinal="0" offset="36" sl="1659" sc="5" el="1659" ec="5" bec="0" bev="0" fileid="34" />
                <SequencePoint vc="2" uspid="1644" ordinal="0" offset="43" sl="1672" sc="5" el="1672" ec="5" bec="0" bev="0" fileid="34" />
                <SequencePoint vc="2" uspid="1645" ordinal="0" offset="50" sl="1685" sc="5" el="1685" ec="5" bec="0" bev="0" fileid="34" />
                <SequencePoint vc="2" uspid="1646" ordinal="0" offset="57" sl="85" sc="5" el="85" ec="5" bec="0" bev="0" fileid="34" />
                <SequencePoint vc="2" uspid="1647" ordinal="0" offset="64" sl="86" sc="5" el="86" ec="5" bec="0" bev="0" fileid="34" />
                <SequencePoint vc="2" uspid="1648" ordinal="0" offset="65" sl="87" sc="9" el="87" ec="9" bec="0" bev="0" fileid="34" />
                <SequencePoint vc="2" uspid="1649" ordinal="0" offset="81" sl="1143" sc="9" el="1143" ec="9" bec="0" bev="0" fileid="34" />
                <SequencePoint vc="2" uspid="1650" ordinal="0" offset="104" sl="1144" sc="9" el="1144" ec="9" bec="0" bev="0" fileid="34" />
                <SequencePoint vc="2" uspid="1651" ordinal="0" offset="127" sl="1145" sc="9" el="1145" ec="9" bec="0" bev="0" fileid="34" />
                <SequencePoint vc="2" uspid="1652" ordinal="0" offset="150" sl="1146" sc="9" el="1146" ec="9" bec="0" bev="0" fileid="34" />
                <SequencePoint vc="2" uspid="1653" ordinal="0" offset="173" sl="1147" sc="9" el="1147" ec="9" bec="0" bev="0" fileid="34" />
                <SequencePoint vc="2" uspid="1654" ordinal="0" offset="196" sl="1148" sc="9" el="1148" ec="9" bec="0" bev="0" fileid="34" />
                <SequencePoint vc="2" uspid="1655" ordinal="0" offset="219" sl="1149" sc="9" el="1149" ec="9" bec="0" bev="0" fileid="34" />
                <SequencePoint vc="2" uspid="1656" ordinal="0" offset="242" sl="1150" sc="9" el="1150" ec="9" bec="0" bev="0" fileid="34" />
                <SequencePoint vc="2" uspid="1657" ordinal="0" offset="265" sl="1151" sc="9" el="1151" ec="9" bec="0" bev="0" fileid="34" />
                <SequencePoint vc="2" uspid="1658" ordinal="0" offset="288" sl="1152" sc="9" el="1152" ec="9" bec="0" bev="0" fileid="34" />
                <SequencePoint vc="2" uspid="1659" ordinal="0" offset="311" sl="1153" sc="9" el="1153" ec="9" bec="0" bev="0" fileid="34" />
                <SequencePoint vc="2" uspid="1660" ordinal="0" offset="334" sl="1155" sc="9" el="1155" ec="9" bec="0" bev="0" fileid="34" />
                <SequencePoint vc="2" uspid="1661" ordinal="0" offset="357" sl="1156" sc="9" el="1156" ec="9" bec="0" bev="0" fileid="34" />
                <SequencePoint vc="2" uspid="1662" ordinal="0" offset="380" sl="1157" sc="9" el="1157" ec="9" bec="0" bev="0" fileid="34" />
                <SequencePoint vc="2" uspid="1663" ordinal="0" offset="403" sl="1158" sc="9" el="1158" ec="9" bec="0" bev="0" fileid="34" />
                <SequencePoint vc="2" uspid="1664" ordinal="0" offset="426" sl="1159" sc="9" el="1159" ec="9" bec="0" bev="0" fileid="34" />
                <SequencePoint vc="2" uspid="1665" ordinal="0" offset="449" sl="1160" sc="9" el="1160" ec="9" bec="0" bev="0" fileid="34" />
                <SequencePoint vc="2" uspid="1666" ordinal="0" offset="472" sl="1161" sc="9" el="1161" ec="9" bec="0" bev="0" fileid="34" />
                <SequencePoint vc="2" uspid="1667" ordinal="0" offset="495" sl="1162" sc="9" el="1162" ec="9" bec="0" bev="0" fileid="34" />
                <SequencePoint vc="2" uspid="1668" ordinal="0" offset="518" sl="1163" sc="9" el="1163" ec="9" bec="0" bev="0" fileid="34" />
                <SequencePoint vc="2" uspid="1669" ordinal="0" offset="541" sl="1164" sc="9" el="1164" ec="9" bec="0" bev="0" fileid="34" />
                <SequencePoint vc="2" uspid="1670" ordinal="0" offset="564" sl="1165" sc="9" el="1165" ec="9" bec="0" bev="0" fileid="34" />
                <SequencePoint vc="2" uspid="1671" ordinal="0" offset="587" sl="1166" sc="5" el="1166" ec="5" bec="0" bev="0" fileid="34" />
              </SequencePoints>
              <BranchPoints />
            </Method>
          </Methods>
        </Class>
        <Class>
          <Summary numSequencePoints="3" visitedSequencePoints="3" numBranchPoints="0" visitedBranchPoints="0" sequenceCoverage="100.0" branchCoverage="0.0" maxCyclomaticComplexity="0" minCyclomaticComplexity="0" maxCrapScore="0" minCrapScore="0" visitedClasses="1" numClasses="1" visitedMethods="1" numMethods="1" />
          <FullName>AbstractInteractable</FullName>
          <Methods>
            <Method visited="true" cyclomaticComplexity="0" nPathComplexity="0" sequenceCoverage="100.0" branchCoverage="0" crapScore="0" isConstructor="false" isStatic="false" isGetter="false" isSetter="false">
              <Summary numSequencePoints="3" visitedSequencePoints="3" numBranchPoints="0" visitedBranchPoints="0" sequenceCoverage="100.0" branchCoverage="0" maxCyclomaticComplexity="0" minCyclomaticComplexity="0" maxCrapScore="0" minCrapScore="0" visitedClasses="0" numClasses="0" visitedMethods="1" numMethods="1" />
              <MetadataToken>100663483</MetadataToken>
              <Name>System.Void AbstractInteractable::BaseInteract()</Name>
              <FileRef uid="35" />
              <SequencePoints>
                <SequencePoint vc="1" uspid="1672" ordinal="0" offset="0" sl="8" sc="5" el="8" ec="5" bec="0" bev="0" fileid="35" />
                <SequencePoint vc="1" uspid="1673" ordinal="0" offset="1" sl="9" sc="9" el="9" ec="9" bec="0" bev="0" fileid="35" />
                <SequencePoint vc="1" uspid="1674" ordinal="0" offset="8" sl="10" sc="5" el="10" ec="5" bec="0" bev="0" fileid="35" />
              </SequencePoints>
              <BranchPoints />
            </Method>
          </Methods>
        </Class>
        <Class>
          <Summary numSequencePoints="50" visitedSequencePoints="46" numBranchPoints="0" visitedBranchPoints="0" sequenceCoverage="92.00" branchCoverage="0.0" maxCyclomaticComplexity="0" minCyclomaticComplexity="0" maxCrapScore="0" minCrapScore="0" visitedClasses="1" numClasses="1" visitedMethods="7" numMethods="7" />
          <FullName>PickupableInteractable</FullName>
          <Methods>
            <Method visited="true" cyclomaticComplexity="0" nPathComplexity="0" sequenceCoverage="100.0" branchCoverage="0" crapScore="0" isConstructor="false" isStatic="false" isGetter="false" isSetter="false">
              <Summary numSequencePoints="4" visitedSequencePoints="4" numBranchPoints="0" visitedBranchPoints="0" sequenceCoverage="100.0" branchCoverage="0" maxCyclomaticComplexity="0" minCyclomaticComplexity="0" maxCrapScore="0" minCrapScore="0" visitedClasses="0" numClasses="0" visitedMethods="1" numMethods="1" />
              <MetadataToken>100663486</MetadataToken>
              <Name>System.Void PickupableInteractable::Start()</Name>
              <FileRef uid="36" />
              <SequencePoints>
                <SequencePoint vc="2" uspid="1677" ordinal="0" offset="0" sl="25" sc="5" el="25" ec="5" bec="0" bev="0" fileid="36" />
                <SequencePoint vc="2" uspid="1678" ordinal="0" offset="1" sl="26" sc="9" el="26" ec="9" bec="0" bev="0" fileid="36" />
                <SequencePoint vc="2" uspid="1679" ordinal="0" offset="12" sl="27" sc="9" el="27" ec="9" bec="0" bev="0" fileid="36" />
                <SequencePoint vc="2" uspid="1680" ordinal="0" offset="24" sl="28" sc="5" el="28" ec="5" bec="0" bev="0" fileid="36" />
              </SequencePoints>
              <BranchPoints />
            </Method>
            <Method visited="true" cyclomaticComplexity="0" nPathComplexity="0" sequenceCoverage="100.0" branchCoverage="0" crapScore="0" isConstructor="false" isStatic="false" isGetter="false" isSetter="false">
              <Summary numSequencePoints="6" visitedSequencePoints="6" numBranchPoints="0" visitedBranchPoints="0" sequenceCoverage="100.0" branchCoverage="0" maxCyclomaticComplexity="0" minCyclomaticComplexity="0" maxCrapScore="0" minCrapScore="0" visitedClasses="0" numClasses="0" visitedMethods="1" numMethods="1" />
              <MetadataToken>100663487</MetadataToken>
              <Name>System.Void PickupableInteractable::FixedUpdate()</Name>
              <FileRef uid="36" />
              <SequencePoints>
                <SequencePoint vc="12" uspid="1681" ordinal="0" offset="0" sl="31" sc="5" el="31" ec="5" bec="0" bev="0" fileid="36" />
                <SequencePoint vc="12" uspid="1682" ordinal="0" offset="1" sl="32" sc="9" el="32" ec="9" bec="0" bev="0" fileid="36" />
                <SequencePoint vc="3" uspid="1683" ordinal="0" offset="11" sl="33" sc="9" el="33" ec="9" bec="0" bev="0" fileid="36" />
                <SequencePoint vc="3" uspid="1684" ordinal="0" offset="12" sl="34" sc="13" el="34" ec="13" bec="0" bev="0" fileid="36" />
                <SequencePoint vc="3" uspid="1685" ordinal="0" offset="19" sl="35" sc="9" el="35" ec="9" bec="0" bev="0" fileid="36" />
                <SequencePoint vc="12" uspid="1686" ordinal="0" offset="20" sl="36" sc="5" el="36" ec="5" bec="0" bev="0" fileid="36" />
              </SequencePoints>
              <BranchPoints />
            </Method>
            <Method visited="true" cyclomaticComplexity="0" nPathComplexity="0" sequenceCoverage="100.0" branchCoverage="0" crapScore="0" isConstructor="false" isStatic="false" isGetter="false" isSetter="false">
              <Summary numSequencePoints="12" visitedSequencePoints="12" numBranchPoints="0" visitedBranchPoints="0" sequenceCoverage="100.0" branchCoverage="0" maxCyclomaticComplexity="0" minCyclomaticComplexity="0" maxCrapScore="0" minCrapScore="0" visitedClasses="0" numClasses="0" visitedMethods="1" numMethods="1" />
              <MetadataToken>100663488</MetadataToken>
              <Name>System.Void PickupableInteractable::ProcessFade()</Name>
              <FileRef uid="36" />
              <SequencePoints>
                <SequencePoint vc="3" uspid="1687" ordinal="0" offset="0" sl="39" sc="5" el="39" ec="5" bec="0" bev="0" fileid="36" />
                <SequencePoint vc="3" uspid="1688" ordinal="0" offset="1" sl="40" sc="9" el="40" ec="9" bec="0" bev="0" fileid="36" />
                <SequencePoint vc="3" uspid="1689" ordinal="0" offset="18" sl="42" sc="9" el="42" ec="9" bec="0" bev="0" fileid="36" />
                <SequencePoint vc="3" uspid="1690" ordinal="0" offset="55" sl="43" sc="9" el="43" ec="9" bec="0" bev="0" fileid="36" />
                <SequencePoint vc="3" uspid="1691" ordinal="0" offset="56" sl="44" sc="13" el="44" ec="13" bec="0" bev="0" fileid="36" />
                <SequencePoint vc="3" uspid="1692" ordinal="0" offset="72" sl="45" sc="9" el="45" ec="9" bec="0" bev="0" fileid="36" />
                <SequencePoint vc="3" uspid="1693" ordinal="0" offset="73" sl="47" sc="9" el="47" ec="9" bec="0" bev="0" fileid="36" />
                <SequencePoint vc="2" uspid="1694" ordinal="0" offset="110" sl="48" sc="9" el="48" ec="9" bec="0" bev="0" fileid="36" />
                <SequencePoint vc="2" uspid="1695" ordinal="0" offset="111" sl="49" sc="13" el="49" ec="13" bec="0" bev="0" fileid="36" />
                <SequencePoint vc="2" uspid="1696" ordinal="0" offset="127" sl="50" sc="9" el="50" ec="9" bec="0" bev="0" fileid="36" />
                <SequencePoint vc="3" uspid="1697" ordinal="0" offset="128" sl="52" sc="9" el="52" ec="9" bec="0" bev="0" fileid="36" />
                <SequencePoint vc="3" uspid="1698" ordinal="0" offset="146" sl="53" sc="5" el="53" ec="5" bec="0" bev="0" fileid="36" />
              </SequencePoints>
              <BranchPoints />
            </Method>
            <Method visited="true" cyclomaticComplexity="0" nPathComplexity="0" sequenceCoverage="100.0" branchCoverage="0" crapScore="0" isConstructor="false" isStatic="false" isGetter="false" isSetter="false">
              <Summary numSequencePoints="5" visitedSequencePoints="5" numBranchPoints="0" visitedBranchPoints="0" sequenceCoverage="100.0" branchCoverage="0" maxCyclomaticComplexity="0" minCyclomaticComplexity="0" maxCrapScore="0" minCrapScore="0" visitedClasses="0" numClasses="0" visitedMethods="1" numMethods="1" />
              <MetadataToken>100663489</MetadataToken>
              <Name>System.Void PickupableInteractable::Interact()</Name>
              <FileRef uid="36" />
              <SequencePoints>
                <SequencePoint vc="2" uspid="1699" ordinal="0" offset="0" sl="56" sc="5" el="56" ec="5" bec="0" bev="0" fileid="36" />
                <SequencePoint vc="2" uspid="1700" ordinal="0" offset="1" sl="57" sc="9" el="57" ec="9" bec="0" bev="0" fileid="36" />
                <SequencePoint vc="2" uspid="1701" ordinal="0" offset="8" sl="58" sc="9" el="58" ec="9" bec="0" bev="0" fileid="36" />
                <SequencePoint vc="2" uspid="1702" ordinal="0" offset="15" sl="60" sc="9" el="60" ec="9" bec="0" bev="0" fileid="36" />
                <SequencePoint vc="2" uspid="1703" ordinal="0" offset="26" sl="61" sc="5" el="61" ec="5" bec="0" bev="0" fileid="36" />
              </SequencePoints>
              <BranchPoints />
            </Method>
            <Method visited="true" cyclomaticComplexity="0" nPathComplexity="0" sequenceCoverage="100.0" branchCoverage="0" crapScore="0" isConstructor="false" isStatic="false" isGetter="false" isSetter="false">
              <Summary numSequencePoints="5" visitedSequencePoints="5" numBranchPoints="0" visitedBranchPoints="0" sequenceCoverage="100.0" branchCoverage="0" maxCyclomaticComplexity="0" minCyclomaticComplexity="0" maxCrapScore="0" minCrapScore="0" visitedClasses="0" numClasses="0" visitedMethods="1" numMethods="1" />
              <MetadataToken>100663490</MetadataToken>
              <Name>System.Void PickupableInteractable::Throw()</Name>
              <FileRef uid="36" />
              <SequencePoints>
                <SequencePoint vc="3" uspid="1704" ordinal="0" offset="0" sl="64" sc="5" el="64" ec="5" bec="0" bev="0" fileid="36" />
                <SequencePoint vc="3" uspid="1705" ordinal="0" offset="1" sl="65" sc="9" el="65" ec="9" bec="0" bev="0" fileid="36" />
                <SequencePoint vc="3" uspid="1706" ordinal="0" offset="8" sl="66" sc="9" el="66" ec="9" bec="0" bev="0" fileid="36" />
                <SequencePoint vc="3" uspid="1707" ordinal="0" offset="15" sl="68" sc="9" el="68" ec="9" bec="0" bev="0" fileid="36" />
                <SequencePoint vc="3" uspid="1708" ordinal="0" offset="26" sl="69" sc="5" el="69" ec="5" bec="0" bev="0" fileid="36" />
              </SequencePoints>
              <BranchPoints />
            </Method>
            <Method visited="true" cyclomaticComplexity="0" nPathComplexity="0" sequenceCoverage="63.64" branchCoverage="0" crapScore="0" isConstructor="false" isStatic="false" isGetter="false" isSetter="false">
              <Summary numSequencePoints="11" visitedSequencePoints="7" numBranchPoints="0" visitedBranchPoints="0" sequenceCoverage="63.64" branchCoverage="0" maxCyclomaticComplexity="0" minCyclomaticComplexity="0" maxCrapScore="0" minCrapScore="0" visitedClasses="0" numClasses="0" visitedMethods="1" numMethods="1" />
              <MetadataToken>100663491</MetadataToken>
              <Name>System.Void PickupableInteractable::OnCollisionEnter(UnityEngine.Collision)</Name>
              <FileRef uid="36" />
              <SequencePoints>
                <SequencePoint vc="2" uspid="1709" ordinal="0" offset="0" sl="72" sc="5" el="72" ec="5" bec="0" bev="0" fileid="36" />
                <SequencePoint vc="2" uspid="1710" ordinal="0" offset="1" sl="73" sc="9" el="73" ec="9" bec="0" bev="0" fileid="36" />
                <SequencePoint vc="1" uspid="1711" ordinal="0" offset="11" sl="74" sc="9" el="74" ec="9" bec="0" bev="0" fileid="36" />
                <SequencePoint vc="1" uspid="1712" ordinal="0" offset="12" sl="75" sc="13" el="75" ec="13" bec="0" bev="0" fileid="36" />
                <SequencePoint vc="0" uspid="1713" ordinal="0" offset="32" sl="76" sc="13" el="76" ec="13" bec="0" bev="0" fileid="36" />
                <SequencePoint vc="0" uspid="1714" ordinal="0" offset="33" sl="77" sc="17" el="77" ec="17" bec="0" bev="0" fileid="36" />
                <SequencePoint vc="0" uspid="1715" ordinal="0" offset="45" sl="78" sc="17" el="78" ec="17" bec="0" bev="0" fileid="36" />
                <SequencePoint vc="0" uspid="1716" ordinal="0" offset="69" sl="79" sc="13" el="79" ec="13" bec="0" bev="0" fileid="36" />
                <SequencePoint vc="1" uspid="1717" ordinal="0" offset="70" sl="80" sc="9" el="80" ec="9" bec="0" bev="0" fileid="36" />
                <SequencePoint vc="2" uspid="1718" ordinal="0" offset="71" sl="82" sc="9" el="82" ec="9" bec="0" bev="0" fileid="36" />
                <SequencePoint vc="2" uspid="1719" ordinal="0" offset="78" sl="83" sc="5" el="83" ec="5" bec="0" bev="0" fileid="36" />
              </SequencePoints>
              <BranchPoints />
            </Method>
            <Method visited="true" cyclomaticComplexity="0" nPathComplexity="0" sequenceCoverage="100.0" branchCoverage="0" crapScore="0" isConstructor="true" isStatic="false" isGetter="false" isSetter="false">
              <Summary numSequencePoints="7" visitedSequencePoints="7" numBranchPoints="0" visitedBranchPoints="0" sequenceCoverage="100.0" branchCoverage="0" maxCyclomaticComplexity="0" minCyclomaticComplexity="0" maxCrapScore="0" minCrapScore="0" visitedClasses="0" numClasses="0" visitedMethods="1" numMethods="1" />
              <MetadataToken>100663492</MetadataToken>
              <Name>PickupableInteractable::PickupableInteractable()</Name>
              <FileRef uid="36" />
              <SequencePoints>
                <SequencePoint vc="11" uspid="1720" ordinal="0" offset="0" sl="8" sc="5" el="8" ec="5" bec="0" bev="0" fileid="36" />
                <SequencePoint vc="11" uspid="1721" ordinal="0" offset="7" sl="9" sc="5" el="9" ec="5" bec="0" bev="0" fileid="36" />
                <SequencePoint vc="11" uspid="1722" ordinal="0" offset="14" sl="12" sc="5" el="12" ec="5" bec="0" bev="0" fileid="36" />
                <SequencePoint vc="11" uspid="1723" ordinal="0" offset="21" sl="13" sc="5" el="13" ec="5" bec="0" bev="0" fileid="36" />
                <SequencePoint vc="11" uspid="1724" ordinal="0" offset="32" sl="17" sc="5" el="17" ec="5" bec="0" bev="0" fileid="36" />
                <SequencePoint vc="11" uspid="1725" ordinal="0" offset="43" sl="18" sc="5" el="18" ec="5" bec="0" bev="0" fileid="36" />
                <SequencePoint vc="11" uspid="1726" ordinal="0" offset="50" sl="21" sc="22" el="21" ec="22" bec="0" bev="0" fileid="36" />
              </SequencePoints>
              <BranchPoints />
            </Method>
          </Methods>
        </Class>
        <Class>
          <Summary numSequencePoints="77" visitedSequencePoints="61" numBranchPoints="0" visitedBranchPoints="0" sequenceCoverage="79.22" branchCoverage="0.0" maxCyclomaticComplexity="0" minCyclomaticComplexity="0" maxCrapScore="0" minCrapScore="0" visitedClasses="1" numClasses="1" visitedMethods="10" numMethods="10" />
          <FullName>PlayerHold</FullName>
          <Methods>
            <Method visited="true" cyclomaticComplexity="0" nPathComplexity="0" sequenceCoverage="100.0" branchCoverage="0" crapScore="0" isConstructor="false" isStatic="false" isGetter="false" isSetter="false">
              <Summary numSequencePoints="3" visitedSequencePoints="3" numBranchPoints="0" visitedBranchPoints="0" sequenceCoverage="100.0" branchCoverage="0" maxCyclomaticComplexity="0" minCyclomaticComplexity="0" maxCrapScore="0" minCrapScore="0" visitedClasses="0" numClasses="0" visitedMethods="1" numMethods="1" />
              <MetadataToken>100663504</MetadataToken>
              <Name>System.Void PlayerHold::Start()</Name>
              <FileRef uid="39" />
              <SequencePoints>
                <SequencePoint vc="2" uspid="1753" ordinal="0" offset="0" sl="20" sc="5" el="20" ec="5" bec="0" bev="0" fileid="39" />
                <SequencePoint vc="2" uspid="1754" ordinal="0" offset="1" sl="21" sc="9" el="21" ec="9" bec="0" bev="0" fileid="39" />
                <SequencePoint vc="2" uspid="1755" ordinal="0" offset="18" sl="22" sc="5" el="22" ec="5" bec="0" bev="0" fileid="39" />
              </SequencePoints>
              <BranchPoints />
            </Method>
            <Method visited="true" cyclomaticComplexity="0" nPathComplexity="0" sequenceCoverage="27.27" branchCoverage="0" crapScore="0" isConstructor="false" isStatic="false" isGetter="false" isSetter="false">
              <Summary numSequencePoints="11" visitedSequencePoints="3" numBranchPoints="0" visitedBranchPoints="0" sequenceCoverage="27.27" branchCoverage="0" maxCyclomaticComplexity="0" minCyclomaticComplexity="0" maxCrapScore="0" minCrapScore="0" visitedClasses="0" numClasses="0" visitedMethods="1" numMethods="1" />
              <MetadataToken>100663505</MetadataToken>
              <Name>System.Void PlayerHold::Update()</Name>
              <FileRef uid="39" />
              <SequencePoints>
                <SequencePoint vc="3" uspid="1756" ordinal="0" offset="0" sl="25" sc="5" el="25" ec="5" bec="0" bev="0" fileid="39" />
                <SequencePoint vc="3" uspid="1757" ordinal="0" offset="1" sl="26" sc="9" el="26" ec="9" bec="0" bev="0" fileid="39" />
                <SequencePoint vc="0" uspid="1758" ordinal="0" offset="17" sl="27" sc="9" el="27" ec="9" bec="0" bev="0" fileid="39" />
                <SequencePoint vc="0" uspid="1759" ordinal="0" offset="18" sl="28" sc="13" el="28" ec="13" bec="0" bev="0" fileid="39" />
                <SequencePoint vc="0" uspid="1760" ordinal="0" offset="25" sl="30" sc="13" el="30" ec="13" bec="0" bev="0" fileid="39" />
                <SequencePoint vc="0" uspid="1761" ordinal="0" offset="52" sl="31" sc="13" el="31" ec="13" bec="0" bev="0" fileid="39" />
                <SequencePoint vc="0" uspid="1762" ordinal="0" offset="53" sl="32" sc="17" el="32" ec="17" bec="0" bev="0" fileid="39" />
                <SequencePoint vc="0" uspid="1763" ordinal="0" offset="60" sl="33" sc="17" el="33" ec="17" bec="0" bev="0" fileid="39" />
                <SequencePoint vc="0" uspid="1764" ordinal="0" offset="73" sl="34" sc="13" el="34" ec="13" bec="0" bev="0" fileid="39" />
                <SequencePoint vc="0" uspid="1765" ordinal="0" offset="74" sl="35" sc="9" el="35" ec="9" bec="0" bev="0" fileid="39" />
                <SequencePoint vc="3" uspid="1766" ordinal="0" offset="75" sl="36" sc="5" el="36" ec="5" bec="0" bev="0" fileid="39" />
              </SequencePoints>
              <BranchPoints />
            </Method>
            <Method visited="true" cyclomaticComplexity="0" nPathComplexity="0" sequenceCoverage="85.71" branchCoverage="0" crapScore="0" isConstructor="false" isStatic="false" isGetter="false" isSetter="false">
              <Summary numSequencePoints="21" visitedSequencePoints="18" numBranchPoints="0" visitedBranchPoints="0" sequenceCoverage="85.71" branchCoverage="0" maxCyclomaticComplexity="0" minCyclomaticComplexity="0" maxCrapScore="0" minCrapScore="0" visitedClasses="0" numClasses="0" visitedMethods="1" numMethods="1" />
              <MetadataToken>100663506</MetadataToken>
              <Name>System.Void PlayerHold::PickUpObject(UnityEngine.GameObject)</Name>
              <FileRef uid="39" />
              <SequencePoints>
                <SequencePoint vc="4" uspid="1767" ordinal="0" offset="0" sl="39" sc="5" el="39" ec="5" bec="0" bev="0" fileid="39" />
                <SequencePoint vc="4" uspid="1768" ordinal="0" offset="1" sl="40" sc="9" el="40" ec="9" bec="0" bev="0" fileid="39" />
                <SequencePoint vc="4" uspid="1769" ordinal="0" offset="8" sl="41" sc="9" el="41" ec="9" bec="0" bev="0" fileid="39" />
                <SequencePoint vc="4" uspid="1770" ordinal="0" offset="22" sl="42" sc="9" el="42" ec="9" bec="0" bev="0" fileid="39" />
                <SequencePoint vc="4" uspid="1771" ordinal="0" offset="23" sl="43" sc="13" el="43" ec="13" bec="0" bev="0" fileid="39" />
                <SequencePoint vc="4" uspid="1772" ordinal="0" offset="30" sl="45" sc="13" el="45" ec="13" bec="0" bev="0" fileid="39" />
                <SequencePoint vc="4" uspid="1773" ordinal="0" offset="37" sl="46" sc="13" el="46" ec="13" bec="0" bev="0" fileid="39" />
                <SequencePoint vc="4" uspid="1774" ordinal="0" offset="50" sl="47" sc="13" el="47" ec="13" bec="0" bev="0" fileid="39" />
                <SequencePoint vc="4" uspid="1775" ordinal="0" offset="78" sl="49" sc="13" el="49" ec="13" bec="0" bev="0" fileid="39" />
                <SequencePoint vc="4" uspid="1776" ordinal="0" offset="85" sl="51" sc="13" el="51" ec="13" bec="0" bev="0" fileid="39" />
                <SequencePoint vc="0" uspid="1777" ordinal="0" offset="97" sl="52" sc="13" el="52" ec="13" bec="0" bev="0" fileid="39" />
                <SequencePoint vc="0" uspid="1778" ordinal="0" offset="98" sl="53" sc="17" el="53" ec="17" bec="0" bev="0" fileid="39" />
                <SequencePoint vc="0" uspid="1779" ordinal="0" offset="126" sl="54" sc="13" el="54" ec="13" bec="0" bev="0" fileid="39" />
                <SequencePoint vc="4" uspid="1780" ordinal="0" offset="127" sl="56" sc="13" el="56" ec="13" bec="0" bev="0" fileid="39" />
                <SequencePoint vc="4" uspid="1781" ordinal="0" offset="156" sl="57" sc="9" el="57" ec="9" bec="0" bev="0" fileid="39" />
                <SequencePoint vc="4" uspid="1782" ordinal="0" offset="157" sl="59" sc="9" el="59" ec="9" bec="0" bev="0" fileid="39" />
                <SequencePoint vc="4" uspid="1783" ordinal="0" offset="164" sl="60" sc="9" el="60" ec="9" bec="0" bev="0" fileid="39" />
                <SequencePoint vc="4" uspid="1784" ordinal="0" offset="177" sl="61" sc="9" el="61" ec="9" bec="0" bev="0" fileid="39" />
                <SequencePoint vc="4" uspid="1785" ordinal="0" offset="178" sl="62" sc="13" el="62" ec="13" bec="0" bev="0" fileid="39" />
                <SequencePoint vc="4" uspid="1786" ordinal="0" offset="185" sl="63" sc="9" el="63" ec="9" bec="0" bev="0" fileid="39" />
                <SequencePoint vc="4" uspid="1787" ordinal="0" offset="186" sl="64" sc="5" el="64" ec="5" bec="0" bev="0" fileid="39" />
              </SequencePoints>
              <BranchPoints />
            </Method>
            <Method visited="true" cyclomaticComplexity="0" nPathComplexity="0" sequenceCoverage="100.0" branchCoverage="0" crapScore="0" isConstructor="false" isStatic="false" isGetter="false" isSetter="false">
              <Summary numSequencePoints="8" visitedSequencePoints="8" numBranchPoints="0" visitedBranchPoints="0" sequenceCoverage="100.0" branchCoverage="0" maxCyclomaticComplexity="0" minCyclomaticComplexity="0" maxCrapScore="0" minCrapScore="0" visitedClasses="0" numClasses="0" visitedMethods="1" numMethods="1" />
              <MetadataToken>100663507</MetadataToken>
              <Name>System.Void PlayerHold::DropObject()</Name>
              <FileRef uid="39" />
              <SequencePoints>
                <SequencePoint vc="1" uspid="1788" ordinal="0" offset="0" sl="66" sc="5" el="66" ec="5" bec="0" bev="0" fileid="39" />
                <SequencePoint vc="1" uspid="1789" ordinal="0" offset="1" sl="67" sc="9" el="67" ec="9" bec="0" bev="0" fileid="39" />
                <SequencePoint vc="1" uspid="1790" ordinal="0" offset="8" sl="69" sc="9" el="69" ec="9" bec="0" bev="0" fileid="39" />
                <SequencePoint vc="1" uspid="1791" ordinal="0" offset="37" sl="70" sc="9" el="70" ec="9" bec="0" bev="0" fileid="39" />
                <SequencePoint vc="1" uspid="1792" ordinal="0" offset="50" sl="71" sc="9" el="71" ec="9" bec="0" bev="0" fileid="39" />
                <SequencePoint vc="1" uspid="1793" ordinal="0" offset="63" sl="72" sc="9" el="72" ec="9" bec="0" bev="0" fileid="39" />
                <SequencePoint vc="1" uspid="1794" ordinal="0" offset="81" sl="74" sc="9" el="74" ec="9" bec="0" bev="0" fileid="39" />
                <SequencePoint vc="1" uspid="1795" ordinal="0" offset="88" sl="75" sc="5" el="75" ec="5" bec="0" bev="0" fileid="39" />
              </SequencePoints>
              <BranchPoints />
            </Method>
            <Method visited="true" cyclomaticComplexity="0" nPathComplexity="0" sequenceCoverage="84.62" branchCoverage="0" crapScore="0" isConstructor="false" isStatic="false" isGetter="false" isSetter="false">
              <Summary numSequencePoints="13" visitedSequencePoints="11" numBranchPoints="0" visitedBranchPoints="0" sequenceCoverage="84.62" branchCoverage="0" maxCyclomaticComplexity="0" minCyclomaticComplexity="0" maxCrapScore="0" minCrapScore="0" visitedClasses="0" numClasses="0" visitedMethods="1" numMethods="1" />
              <MetadataToken>100663510</MetadataToken>
              <Name>System.Void PlayerHold::ThrowObject()</Name>
              <FileRef uid="39" />
              <SequencePoints>
                <SequencePoint vc="1" uspid="1810" ordinal="0" offset="0" sl="101" sc="5" el="101" ec="5" bec="0" bev="0" fileid="39" />
                <SequencePoint vc="1" uspid="1811" ordinal="0" offset="1" sl="102" sc="9" el="102" ec="9" bec="0" bev="0" fileid="39" />
                <SequencePoint vc="0" uspid="1812" ordinal="0" offset="17" sl="103" sc="9" el="103" ec="9" bec="0" bev="0" fileid="39" />
                <SequencePoint vc="0" uspid="1813" ordinal="0" offset="18" sl="104" sc="13" el="104" ec="13" bec="0" bev="0" fileid="39" />
                <SequencePoint vc="1" uspid="1814" ordinal="0" offset="20" sl="107" sc="9" el="107" ec="9" bec="0" bev="0" fileid="39" />
[...]
                <SequencePoint vc="1" uspid="3459" ordinal="0" offset="114" sl="81" sc="9" el="81" ec="9" bec="0" bev="0" fileid="60" />
                <SequencePoint vc="1" uspid="3460" ordinal="0" offset="142" sl="82" sc="9" el="82" ec="9" bec="0" bev="0" fileid="60" />
                <SequencePoint vc="1" uspid="3461" ordinal="0" offset="175" sl="84" sc="9" el="84" ec="9" bec="0" bev="0" fileid="60" />
                <SequencePoint vc="1" uspid="3462" ordinal="0" offset="207" sl="85" sc="9" el="85" ec="9" bec="0" bev="0" fileid="60" />
                <SequencePoint vc="1" uspid="3463" ordinal="0" offset="224" sl="88" sc="9" el="88" ec="9" bec="0" bev="0" fileid="60" />
                <SequencePoint vc="1" uspid="3464" ordinal="0" offset="251" sl="89" sc="9" el="89" ec="9" bec="0" bev="0" fileid="60" />
                <SequencePoint vc="1" uspid="3465" ordinal="0" offset="274" sl="91" sc="9" el="91" ec="9" bec="0" bev="0" fileid="60" />
                <SequencePoint vc="1" uspid="3466" ordinal="0" offset="306" sl="92" sc="9" el="92" ec="9" bec="0" bev="0" fileid="60" />
                <SequencePoint vc="1" uspid="3467" ordinal="0" offset="324" sl="93" sc="5" el="93" ec="5" bec="0" bev="0" fileid="60" />
              </SequencePoints>
              <BranchPoints />
            </Method>
          </Methods>
        </Class>
        <Class>
          <Summary numSequencePoints="9" visitedSequencePoints="8" numBranchPoints="0" visitedBranchPoints="0" sequenceCoverage="88.89" branchCoverage="0.0" maxCyclomaticComplexity="0" minCyclomaticComplexity="0" maxCrapScore="0" minCrapScore="0" visitedClasses="1" numClasses="1" visitedMethods="1" numMethods="1" />
          <FullName>PlayerHoldTests/&lt;ThrowObject_AddsForceAndClearsHeldObject&gt;d__13</FullName>
          <Methods>
            <Method visited="true" cyclomaticComplexity="0" nPathComplexity="0" sequenceCoverage="88.89" branchCoverage="0" crapScore="0" isConstructor="false" isStatic="false" isGetter="false" isSetter="false">
              <Summary numSequencePoints="9" visitedSequencePoints="8" numBranchPoints="0" visitedBranchPoints="0" sequenceCoverage="88.89" branchCoverage="0" maxCyclomaticComplexity="0" minCyclomaticComplexity="0" maxCrapScore="0" minCrapScore="0" visitedClasses="0" numClasses="0" visitedMethods="1" numMethods="1" />
              <MetadataToken>100663421</MetadataToken>
              <Name>System.Boolean PlayerHoldTests/&lt;ThrowObject_AddsForceAndClearsHeldObject&gt;d__13::MoveNext()</Name>
              <FileRef uid="61" />
              <SequencePoints>
                <SequencePoint vc="1" uspid="3468" ordinal="0" offset="31" sl="65" sc="5" el="65" ec="5" bec="0" bev="0" fileid="61" />
                <SequencePoint vc="1" uspid="3469" ordinal="0" offset="32" sl="66" sc="9" el="66" ec="9" bec="0" bev="0" fileid="61" />
                <SequencePoint vc="1" uspid="3470" ordinal="0" offset="60" sl="67" sc="9" el="67" ec="9" bec="0" bev="0" fileid="61" />
                <SequencePoint vc="1" uspid="3471" ordinal="0" offset="77" sl="68" sc="9" el="68" ec="9" bec="0" bev="0" fileid="61" />
                <SequencePoint vc="1" uspid="3472" ordinal="0" offset="94" sl="69" sc="9" el="69" ec="9" bec="0" bev="0" fileid="61" />
                <SequencePoint vc="1" uspid="3473" ordinal="0" offset="121" sl="70" sc="9" el="70" ec="9" bec="0" bev="0" fileid="61" />
                <SequencePoint vc="1" uspid="3474" ordinal="0" offset="154" sl="71" sc="9" el="71" ec="9" bec="0" bev="0" fileid="61" />
                <SequencePoint vc="1" uspid="3475" ordinal="0" offset="191" sl="72" sc="9" el="72" ec="9" bec="0" bev="0" fileid="61" />
                <SequencePoint vc="0" uspid="3476" ordinal="0" offset="213" sl="73" sc="5" el="73" ec="5" bec="0" bev="0" fileid="61" />
              </SequencePoints>
              <BranchPoints />
            </Method>
          </Methods>
        </Class>
        <Class>
          <Summary numSequencePoints="4" visitedSequencePoints="4" numBranchPoints="0" visitedBranchPoints="0" sequenceCoverage="100.0" branchCoverage="0.0" maxCyclomaticComplexity="0" minCyclomaticComplexity="0" maxCrapScore="0" minCrapScore="0" visitedClasses="1" numClasses="1" visitedMethods="2" numMethods="2" />
          <FullName>PlayerInteractTests/TestInteractable</FullName>
          <Methods>
            <Method visited="true" cyclomaticComplexity="0" nPathComplexity="0" sequenceCoverage="100.0" branchCoverage="0" crapScore="0" isConstructor="false" isStatic="false" isGetter="false" isSetter="false">
              <Summary numSequencePoints="3" visitedSequencePoints="3" numBranchPoints="0" visitedBranchPoints="0" sequenceCoverage="100.0" branchCoverage="0" maxCyclomaticComplexity="0" minCyclomaticComplexity="0" maxCrapScore="0" minCrapScore="0" visitedClasses="0" numClasses="0" visitedMethods="1" numMethods="1" />
              <MetadataToken>100663425</MetadataToken>
              <Name>System.Void PlayerInteractTests/TestInteractable::Interact()</Name>
              <FileRef uid="62" />
              <SequencePoints>
                <SequencePoint vc="1" uspid="3477" ordinal="0" offset="0" sl="49" sc="44" el="49" ec="44" bec="0" bev="0" fileid="62" />
                <SequencePoint vc="1" uspid="3478" ordinal="0" offset="1" sl="49" sc="46" el="49" ec="46" bec="0" bev="0" fileid="62" />
                <SequencePoint vc="1" uspid="3479" ordinal="0" offset="8" sl="49" sc="73" el="49" ec="73" bec="0" bev="0" fileid="62" />
              </SequencePoints>
              <BranchPoints />
            </Method>
            <Method visited="true" cyclomaticComplexity="0" nPathComplexity="0" sequenceCoverage="100.0" branchCoverage="0" crapScore="0" isConstructor="true" isStatic="false" isGetter="false" isSetter="false">
              <Summary numSequencePoints="1" visitedSequencePoints="1" numBranchPoints="0" visitedBranchPoints="0" sequenceCoverage="100.0" branchCoverage="0" maxCyclomaticComplexity="0" minCyclomaticComplexity="0" maxCrapScore="0" minCrapScore="0" visitedClasses="0" numClasses="0" visitedMethods="1" numMethods="1" />
              <MetadataToken>100663426</MetadataToken>
              <Name>PlayerInteractTests/TestInteractable::TestInteractable()</Name>
              <FileRef uid="62" />
              <SequencePoints>
                <SequencePoint vc="1" uspid="3480" ordinal="0" offset="0" sl="48" sc="9" el="48" ec="9" bec="0" bev="0" fileid="62" />
              </SequencePoints>
              <BranchPoints />
            </Method>
          </Methods>
        </Class>
        <Class>
          <Summary numSequencePoints="1" visitedSequencePoints="1" numBranchPoints="0" visitedBranchPoints="0" sequenceCoverage="100.0" branchCoverage="0.0" maxCyclomaticComplexity="0" minCyclomaticComplexity="0" maxCrapScore="0" minCrapScore="0" visitedClasses="1" numClasses="1" visitedMethods="1" numMethods="1" />
          <FullName>RewindControllerTests/&lt;&gt;c__DisplayClass5_0</FullName>
          <Methods>
            <Method visited="true" cyclomaticComplexity="0" nPathComplexity="0" sequenceCoverage="100.0" branchCoverage="0" crapScore="0" isConstructor="false" isStatic="false" isGetter="false" isSetter="false">
              <Summary numSequencePoints="1" visitedSequencePoints="1" numBranchPoints="0" visitedBranchPoints="0" sequenceCoverage="100.0" branchCoverage="0" maxCyclomaticComplexity="0" minCyclomaticComplexity="0" maxCrapScore="0" minCrapScore="0" visitedClasses="0" numClasses="0" visitedMethods="1" numMethods="1" />
              <MetadataToken>100663439</MetadataToken>
              <Name>System.Void RewindControllerTests/&lt;&gt;c__DisplayClass5_0::&lt;StartRewindTimeBySeconds_SetsIsBeingRewinded_AndInvokesTrackingStateCall&gt;b__0(System.Boolean)</Name>
              <FileRef uid="67" />
              <SequencePoints>
                <SequencePoint vc="1" uspid="3499" ordinal="0" offset="0" sl="38" sc="57" el="38" ec="57" bec="0" bev="0" fileid="67" />
              </SequencePoints>
              <BranchPoints />
            </Method>
          </Methods>
        </Class>
        <Class>
          <Summary numSequencePoints="2" visitedSequencePoints="2" numBranchPoints="0" visitedBranchPoints="0" sequenceCoverage="100.0" branchCoverage="0.0" maxCyclomaticComplexity="0" minCyclomaticComplexity="0" maxCrapScore="0" minCrapScore="0" visitedClasses="1" numClasses="1" visitedMethods="2" numMethods="2" />
          <FullName>RewindControllerTests/&lt;&gt;c__DisplayClass7_0</FullName>
          <Methods>
            <Method visited="true" cyclomaticComplexity="0" nPathComplexity="0" sequenceCoverage="100.0" branchCoverage="0" crapScore="0" isConstructor="false" isStatic="false" isGetter="false" isSetter="false">
              <Summary numSequencePoints="1" visitedSequencePoints="1" numBranchPoints="0" visitedBranchPoints="0" sequenceCoverage="100.0" branchCoverage="0" maxCyclomaticComplexity="0" minCyclomaticComplexity="0" maxCrapScore="0" minCrapScore="0" visitedClasses="0" numClasses="0" visitedMethods="1" numMethods="1" />
              <MetadataToken>100663441</MetadataToken>
              <Name>System.Void RewindControllerTests/&lt;&gt;c__DisplayClass7_0::&lt;StopRewindTimeBySeconds_UpdatesSecondsAvailableForRewind_AndInvokesEvents&gt;b__0(System.Single)</Name>
              <FileRef uid="67" />
              <SequencePoints>
                <SequencePoint vc="4" uspid="3500" ordinal="0" offset="0" sl="61" sc="57" el="61" ec="57" bec="0" bev="0" fileid="67" />
              </SequencePoints>
              <BranchPoints />
            </Method>
            <Method visited="true" cyclomaticComplexity="0" nPathComplexity="0" sequenceCoverage="100.0" branchCoverage="0" crapScore="0" isConstructor="false" isStatic="false" isGetter="false" isSetter="false">
              <Summary numSequencePoints="1" visitedSequencePoints="1" numBranchPoints="0" visitedBranchPoints="0" sequenceCoverage="100.0" branchCoverage="0" maxCyclomaticComplexity="0" minCyclomaticComplexity="0" maxCrapScore="0" minCrapScore="0" visitedClasses="0" numClasses="0" visitedMethods="1" numMethods="1" />
              <MetadataToken>100663442</MetadataToken>
              <Name>System.Void RewindControllerTests/&lt;&gt;c__DisplayClass7_0::&lt;StopRewindTimeBySeconds_UpdatesSecondsAvailableForRewind_AndInvokesEvents&gt;b__1(System.Boolean)</Name>
              <FileRef uid="67" />
              <SequencePoints>
                <SequencePoint vc="21" uspid="3501" ordinal="0" offset="0" sl="62" sc="57" el="62" ec="57" bec="0" bev="0" fileid="67" />
              </SequencePoints>
              <BranchPoints />
            </Method>
          </Methods>
        </Class>
        <Class>
          <Summary numSequencePoints="9" visitedSequencePoints="9" numBranchPoints="0" visitedBranchPoints="0" sequenceCoverage="100.0" branchCoverage="0.0" maxCyclomaticComplexity="0" minCyclomaticComplexity="0" maxCrapScore="0" minCrapScore="0" visitedClasses="1" numClasses="1" visitedMethods="9" numMethods="9" />
          <FullName>StateMachineTests/TestState</FullName>
          <Methods>
            <Method visited="true" cyclomaticComplexity="0" nPathComplexity="0" sequenceCoverage="100.0" branchCoverage="0" crapScore="0" isConstructor="false" isStatic="false" isGetter="true" isSetter="false">
              <Summary numSequencePoints="1" visitedSequencePoints="1" numBranchPoints="0" visitedBranchPoints="0" sequenceCoverage="100.0" branchCoverage="0" maxCyclomaticComplexity="0" minCyclomaticComplexity="0" maxCrapScore="0" minCrapScore="0" visitedClasses="0" numClasses="0" visitedMethods="1" numMethods="1" />
              <MetadataToken>100663443</MetadataToken>
              <Name>System.Boolean StateMachineTests/TestState::get_EnterCalled()</Name>
              <FileRef uid="68" />
              <SequencePoints>
                <SequencePoint vc="2" uspid="3502" ordinal="0" offset="0" sl="100" sc="35" el="100" ec="35" bec="0" bev="0" fileid="68" />
              </SequencePoints>
              <BranchPoints />
            </Method>
            <Method visited="true" cyclomaticComplexity="0" nPathComplexity="0" sequenceCoverage="100.0" branchCoverage="0" crapScore="0" isConstructor="false" isStatic="false" isGetter="false" isSetter="true">
              <Summary numSequencePoints="1" visitedSequencePoints="1" numBranchPoints="0" visitedBranchPoints="0" sequenceCoverage="100.0" branchCoverage="0" maxCyclomaticComplexity="0" minCyclomaticComplexity="0" maxCrapScore="0" minCrapScore="0" visitedClasses="0" numClasses="0" visitedMethods="1" numMethods="1" />
              <MetadataToken>100663444</MetadataToken>
              <Name>System.Void StateMachineTests/TestState::set_EnterCalled(System.Boolean)</Name>
              <FileRef uid="68" />
              <SequencePoints>
                <SequencePoint vc="2" uspid="3503" ordinal="0" offset="0" sl="100" sc="40" el="100" ec="40" bec="0" bev="0" fileid="68" />
              </SequencePoints>
              <BranchPoints />
            </Method>
            <Method visited="true" cyclomaticComplexity="0" nPathComplexity="0" sequenceCoverage="100.0" branchCoverage="0" crapScore="0" isConstructor="false" isStatic="false" isGetter="true" isSetter="false">
              <Summary numSequencePoints="1" visitedSequencePoints="1" numBranchPoints="0" visitedBranchPoints="0" sequenceCoverage="100.0" branchCoverage="0" maxCyclomaticComplexity="0" minCyclomaticComplexity="0" maxCrapScore="0" minCrapScore="0" visitedClasses="0" numClasses="0" visitedMethods="1" numMethods="1" />
              <MetadataToken>100663445</MetadataToken>
              <Name>System.Boolean StateMachineTests/TestState::get_ExitCalled()</Name>
              <FileRef uid="68" />
              <SequencePoints>
                <SequencePoint vc="1" uspid="3504" ordinal="0" offset="0" sl="101" sc="34" el="101" ec="34" bec="0" bev="0" fileid="68" />
              </SequencePoints>
              <BranchPoints />
            </Method>
            <Method visited="true" cyclomaticComplexity="0" nPathComplexity="0" sequenceCoverage="100.0" branchCoverage="0" crapScore="0" isConstructor="false" isStatic="false" isGetter="false" isSetter="true">
              <Summary numSequencePoints="1" visitedSequencePoints="1" numBranchPoints="0" visitedBranchPoints="0" sequenceCoverage="100.0" branchCoverage="0" maxCyclomaticComplexity="0" minCyclomaticComplexity="0" maxCrapScore="0" minCrapScore="0" visitedClasses="0" numClasses="0" visitedMethods="1" numMethods="1" />
              <MetadataToken>100663446</MetadataToken>
              <Name>System.Void StateMachineTests/TestState::set_ExitCalled(System.Boolean)</Name>
              <FileRef uid="68" />
              <SequencePoints>
                <SequencePoint vc="1" uspid="3505" ordinal="0" offset="0" sl="101" sc="39" el="101" ec="39" bec="0" bev="0" fileid="68" />
              </SequencePoints>
              <BranchPoints />
            </Method>
            <Method visited="true" cyclomaticComplexity="0" nPathComplexity="0" sequenceCoverage="100.0" branchCoverage="0" crapScore="0" isConstructor="false" isStatic="false" isGetter="true" isSetter="false">
              <Summary numSequencePoints="1" visitedSequencePoints="1" numBranchPoints="0" visitedBranchPoints="0" sequenceCoverage="100.0" branchCoverage="0" maxCyclomaticComplexity="0" minCyclomaticComplexity="0" maxCrapScore="0" minCrapScore="0" visitedClasses="0" numClasses="0" visitedMethods="1" numMethods="1" />
              <MetadataToken>100663447</MetadataToken>
              <Name>System.Boolean StateMachineTests/TestState::get_PerformCalled()</Name>
              <FileRef uid="68" />
              <SequencePoints>
                <SequencePoint vc="2" uspid="3506" ordinal="0" offset="0" sl="102" sc="37" el="102" ec="37" bec="0" bev="0" fileid="68" />
              </SequencePoints>
              <BranchPoints />
            </Method>
            <Method visited="true" cyclomaticComplexity="0" nPathComplexity="0" sequenceCoverage="100.0" branchCoverage="0" crapScore="0" isConstructor="false" isStatic="false" isGetter="false" isSetter="true">
              <Summary numSequencePoints="1" visitedSequencePoints="1" numBranchPoints="0" visitedBranchPoints="0" sequenceCoverage="100.0" branchCoverage="0" maxCyclomaticComplexity="0" minCyclomaticComplexity="0" maxCrapScore="0" minCrapScore="0" visitedClasses="0" numClasses="0" visitedMethods="1" numMethods="1" />
              <MetadataToken>100663448</MetadataToken>
              <Name>System.Void StateMachineTests/TestState::set_PerformCalled(System.Boolean)</Name>
              <FileRef uid="68" />
              <SequencePoints>
                <SequencePoint vc="1" uspid="3507" ordinal="0" offset="0" sl="102" sc="42" el="102" ec="42" bec="0" bev="0" fileid="68" />
              </SequencePoints>
              <BranchPoints />
            </Method>
            <Method visited="true" cyclomaticComplexity="0" nPathComplexity="0" sequenceCoverage="100.0" branchCoverage="0" crapScore="0" isConstructor="false" isStatic="false" isGetter="false" isSetter="false">
              <Summary numSequencePoints="1" visitedSequencePoints="1" numBranchPoints="0" visitedBranchPoints="0" sequenceCoverage="100.0" branchCoverage="0" maxCyclomaticComplexity="0" minCyclomaticComplexity="0" maxCrapScore="0" minCrapScore="0" visitedClasses="0" numClasses="0" visitedMethods="1" numMethods="1" />
              <MetadataToken>100663449</MetadataToken>
              <Name>System.Void StateMachineTests/TestState::Enter()</Name>
              <FileRef uid="68" />
              <SequencePoints>
                <SequencePoint vc="2" uspid="3508" ordinal="0" offset="0" sl="104" sc="41" el="104" ec="41" bec="0" bev="0" fileid="68" />
              </SequencePoints>
              <BranchPoints />
            </Method>
            <Method visited="true" cyclomaticComplexity="0" nPathComplexity="0" sequenceCoverage="100.0" branchCoverage="0" crapScore="0" isConstructor="false" isStatic="false" isGetter="false" isSetter="false">
              <Summary numSequencePoints="1" visitedSequencePoints="1" numBranchPoints="0" visitedBranchPoints="0" sequenceCoverage="100.0" branchCoverage="0" maxCyclomaticComplexity="0" minCyclomaticComplexity="0" maxCrapScore="0" minCrapScore="0" visitedClasses="0" numClasses="0" visitedMethods="1" numMethods="1" />
              <MetadataToken>100663450</MetadataToken>
              <Name>System.Void StateMachineTests/TestState::Exit()</Name>
              <FileRef uid="68" />
              <SequencePoints>
                <SequencePoint vc="1" uspid="3509" ordinal="0" offset="0" sl="105" sc="40" el="105" ec="40" bec="0" bev="0" fileid="68" />
              </SequencePoints>
              <BranchPoints />
            </Method>
            <Method visited="true" cyclomaticComplexity="0" nPathComplexity="0" sequenceCoverage="100.0" branchCoverage="0" crapScore="0" isConstructor="false" isStatic="false" isGetter="false" isSetter="false">
              <Summary numSequencePoints="1" visitedSequencePoints="1" numBranchPoints="0" visitedBranchPoints="0" sequenceCoverage="100.0" branchCoverage="0" maxCyclomaticComplexity="0" minCyclomaticComplexity="0" maxCrapScore="0" minCrapScore="0" visitedClasses="0" numClasses="0" visitedMethods="1" numMethods="1" />
              <MetadataToken>100663451</MetadataToken>
              <Name>System.Void StateMachineTests/TestState::Perform()</Name>
              <FileRef uid="68" />
              <SequencePoints>
                <SequencePoint vc="1" uspid="3510" ordinal="0" offset="0" sl="106" sc="43" el="106" ec="43" bec="0" bev="0" fileid="68" />
              </SequencePoints>
              <BranchPoints />
            </Method>
          </Methods>
        </Class>
      </Classes>
    </Module>
  </Modules>
</CoverageSession>