<?xml version="1.0" encoding="utf-8"?>
<CoverageSession xmlns:xsd="http://www.w3.org/2001/XMLSchema" xmlns:xsi="http://www.w3.org/2001/XMLSchema-instance" Version="0.0.0.0">
  <Summary numSequencePoints="357" visitedSequencePoints="278" numBranchPoints="0" visitedBranchPoints="0" sequenceCoverage="77.87" branchCoverage="0.0" maxCyclomaticComplexity="0" minCyclomaticComplexity="0" maxCrapScore="0" minCrapScore="0" visitedClasses="8" numClasses="11" visitedMethods="58" numMethods="66" />
  <Modules>
    <Module>
      <Summary numSequencePoints="180" visitedSequencePoints="180" numBranchPoints="0" visitedBranchPoints="0" sequenceCoverage="100.0" branchCoverage="0.0" maxCyclomaticComplexity="0" minCyclomaticComplexity="0" maxCrapScore="0" minCrapScore="0" visitedClasses="4" numClasses="4" visitedMethods="32" numMethods="32" />
      <ModuleTime>0001-01-01T00:00:00</ModuleTime>
      <ModuleName>EditorTests</ModuleName>
      <Files>
        <File uid="6" fullPath="C:/Users/ITWORK/Desktop/Unity/TimeSplit/Assets/EditorTests/CircularArrayTests.cs" />
        <File uid="7" fullPath="C:/Users/ITWORK/Desktop/Unity/TimeSplit/Assets/EditorTests/FuzzyCompareTests.cs" />
        <File uid="8" fullPath="C:/Users/ITWORK/Desktop/Unity/TimeSplit/Assets/EditorTests/RewindAbstractTests.cs" />
      </Files>
      <Classes>
        <Class>
          <Summary numSequencePoints="50" visitedSequencePoints="50" numBranchPoints="0" visitedBranchPoints="0" sequenceCoverage="100.0" branchCoverage="0.0" maxCyclomaticComplexity="0" minCyclomaticComplexity="0" maxCrapScore="0" minCrapScore="0" visitedClasses="1" numClasses="1" visitedMethods="4" numMethods="4" />
          <FullName>CircularArrayTests</FullName>
          <Methods>
            <Method visited="true" cyclomaticComplexity="0" nPathComplexity="0" sequenceCoverage="100.0" branchCoverage="0" crapScore="0" isConstructor="false" isStatic="false" isGetter="false" isSetter="false">
              <Summary numSequencePoints="12" visitedSequencePoints="12" numBranchPoints="0" visitedBranchPoints="0" sequenceCoverage="100.0" branchCoverage="0" maxCyclomaticComplexity="0" minCyclomaticComplexity="0" maxCrapScore="0" minCrapScore="0" visitedClasses="0" numClasses="0" visitedMethods="1" numMethods="1" />
              <MetadataToken>100663297</MetadataToken>
              <Name>System.Void CircularArrayTests::CircularArray_Should_ReturnLastValue()</Name>
              <FileRef uid="6" />
              <SequencePoints>
                <SequencePoint vc="1" uspid="3814" ordinal="0" offset="0" sl="8" sc="5" el="8" ec="5" bec="0" bev="0" fileid="6" />
                <SequencePoint vc="1" uspid="3815" ordinal="0" offset="1" sl="9" sc="9" el="9" ec="9" bec="0" bev="0" fileid="6" />
                <SequencePoint vc="1" uspid="3816" ordinal="0" offset="8" sl="10" sc="9" el="10" ec="9" bec="0" bev="0" fileid="6" />
                <SequencePoint vc="1" uspid="3817" ordinal="0" offset="21" sl="12" sc="14" el="12" ec="14" bec="0" bev="0" fileid="6" />
                <SequencePoint vc="50" uspid="3818" ordinal="0" offset="25" sl="13" sc="9" el="13" ec="9" bec="0" bev="0" fileid="6" />
                <SequencePoint vc="50" uspid="3819" ordinal="0" offset="26" sl="14" sc="13" el="14" ec="13" bec="0" bev="0" fileid="6" />
                <SequencePoint vc="50" uspid="3820" ordinal="0" offset="34" sl="15" sc="9" el="15" ec="9" bec="0" bev="0" fileid="6" />
                <SequencePoint vc="50" uspid="3821" ordinal="0" offset="35" sl="12" sc="45" el="12" ec="45" bec="0" bev="0" fileid="6" />
                <SequencePoint vc="51" uspid="3822" ordinal="0" offset="39" sl="12" sc="25" el="12" ec="25" bec="0" bev="0" fileid="6" />
                <SequencePoint vc="1" uspid="3823" ordinal="0" offset="49" sl="17" sc="9" el="17" ec="9" bec="0" bev="0" fileid="6" />
                <SequencePoint vc="1" uspid="3824" ordinal="0" offset="56" sl="19" sc="9" el="19" ec="9" bec="0" bev="0" fileid="6" />
                <SequencePoint vc="1" uspid="3825" ordinal="0" offset="76" sl="20" sc="5" el="20" ec="5" bec="0" bev="0" fileid="6" />
              </SequencePoints>
              <BranchPoints />
            </Method>
            <Method visited="true" cyclomaticComplexity="0" nPathComplexity="0" sequenceCoverage="100.0" branchCoverage="0" crapScore="0" isConstructor="false" isStatic="false" isGetter="false" isSetter="false">
              <Summary numSequencePoints="13" visitedSequencePoints="13" numBranchPoints="0" visitedBranchPoints="0" sequenceCoverage="100.0" branchCoverage="0" maxCyclomaticComplexity="0" minCyclomaticComplexity="0" maxCrapScore="0" minCrapScore="0" visitedClasses="0" numClasses="0" visitedMethods="1" numMethods="1" />
              <MetadataToken>100663298</MetadataToken>
              <Name>System.Void CircularArrayTests::CircularArray_Should_OverwriteOldValues_WhenFull()</Name>
              <FileRef uid="6" />
              <SequencePoints>
                <SequencePoint vc="1" uspid="3826" ordinal="0" offset="0" sl="24" sc="5" el="24" ec="5" bec="0" bev="0" fileid="6" />
                <SequencePoint vc="1" uspid="3827" ordinal="0" offset="1" sl="25" sc="9" el="25" ec="9" bec="0" bev="0" fileid="6" />
                <SequencePoint vc="1" uspid="3828" ordinal="0" offset="8" sl="26" sc="9" el="26" ec="9" bec="0" bev="0" fileid="6" />
                <SequencePoint vc="1" uspid="3829" ordinal="0" offset="21" sl="28" sc="14" el="28" ec="14" bec="0" bev="0" fileid="6" />
                <SequencePoint vc="50" uspid="3830" ordinal="0" offset="25" sl="29" sc="9" el="29" ec="9" bec="0" bev="0" fileid="6" />
                <SequencePoint vc="50" uspid="3831" ordinal="0" offset="26" sl="30" sc="13" el="30" ec="13" bec="0" bev="0" fileid="6" />
                <SequencePoint vc="50" uspid="3832" ordinal="0" offset="34" sl="31" sc="9" el="31" ec="9" bec="0" bev="0" fileid="6" />
                <SequencePoint vc="50" uspid="3833" ordinal="0" offset="35" sl="28" sc="45" el="28" ec="45" bec="0" bev="0" fileid="6" />
                <SequencePoint vc="51" uspid="3834" ordinal="0" offset="39" sl="28" sc="25" el="28" ec="25" bec="0" bev="0" fileid="6" />
                <SequencePoint vc="1" uspid="3835" ordinal="0" offset="49" sl="33" sc="9" el="33" ec="9" bec="0" bev="0" fileid="6" />
                <SequencePoint vc="1" uspid="3836" ordinal="0" offset="58" sl="35" sc="9" el="35" ec="9" bec="0" bev="0" fileid="6" />
                <SequencePoint vc="1" uspid="3837" ordinal="0" offset="65" sl="36" sc="9" el="36" ec="9" bec="0" bev="0" fileid="6" />
                <SequencePoint vc="1" uspid="3838" ordinal="0" offset="84" sl="37" sc="5" el="37" ec="5" bec="0" bev="0" fileid="6" />
              </SequencePoints>
              <BranchPoints />
            </Method>
            <Method visited="true" cyclomaticComplexity="0" nPathComplexity="0" sequenceCoverage="100.0" branchCoverage="0" crapScore="0" isConstructor="false" isStatic="false" isGetter="false" isSetter="false">
              <Summary numSequencePoints="12" visitedSequencePoints="12" numBranchPoints="0" visitedBranchPoints="0" sequenceCoverage="100.0" branchCoverage="0" maxCyclomaticComplexity="0" minCyclomaticComplexity="0" maxCrapScore="0" minCrapScore="0" visitedClasses="0" numClasses="0" visitedMethods="1" numMethods="1" />
              <MetadataToken>100663299</MetadataToken>
              <Name>System.Void CircularArrayTests::CircularArray_Should_ReturnCorrectValue_ForGivenSeconds()</Name>
              <FileRef uid="6" />
              <SequencePoints>
                <SequencePoint vc="1" uspid="3839" ordinal="0" offset="0" sl="41" sc="5" el="41" ec="5" bec="0" bev="0" fileid="6" />
                <SequencePoint vc="1" uspid="3840" ordinal="0" offset="1" sl="42" sc="9" el="42" ec="9" bec="0" bev="0" fileid="6" />
                <SequencePoint vc="1" uspid="3841" ordinal="0" offset="8" sl="43" sc="9" el="43" ec="9" bec="0" bev="0" fileid="6" />
                <SequencePoint vc="1" uspid="3842" ordinal="0" offset="21" sl="45" sc="14" el="45" ec="14" bec="0" bev="0" fileid="6" />
                <SequencePoint vc="50" uspid="3843" ordinal="0" offset="25" sl="46" sc="9" el="46" ec="9" bec="0" bev="0" fileid="6" />
                <SequencePoint vc="50" uspid="3844" ordinal="0" offset="26" sl="47" sc="13" el="47" ec="13" bec="0" bev="0" fileid="6" />
                <SequencePoint vc="50" uspid="3845" ordinal="0" offset="34" sl="48" sc="9" el="48" ec="9" bec="0" bev="0" fileid="6" />
                <SequencePoint vc="50" uspid="3846" ordinal="0" offset="35" sl="45" sc="45" el="45" ec="45" bec="0" bev="0" fileid="6" />
                <SequencePoint vc="51" uspid="3847" ordinal="0" offset="39" sl="45" sc="25" el="45" ec="25" bec="0" bev="0" fileid="6" />
                <SequencePoint vc="1" uspid="3848" ordinal="0" offset="49" sl="50" sc="9" el="50" ec="9" bec="0" bev="0" fileid="6" />
                <SequencePoint vc="1" uspid="3849" ordinal="0" offset="67" sl="52" sc="9" el="52" ec="9" bec="0" bev="0" fileid="6" />
                <SequencePoint vc="1" uspid="3850" ordinal="0" offset="87" sl="53" sc="5" el="53" ec="5" bec="0" bev="0" fileid="6" />
              </SequencePoints>
              <BranchPoints />
            </Method>
            <Method visited="true" cyclomaticComplexity="0" nPathComplexity="0" sequenceCoverage="100.0" branchCoverage="0" crapScore="0" isConstructor="false" isStatic="false" isGetter="false" isSetter="false">
              <Summary numSequencePoints="13" visitedSequencePoints="13" numBranchPoints="0" visitedBranchPoints="0" sequenceCoverage="100.0" branchCoverage="0" maxCyclomaticComplexity="0" minCyclomaticComplexity="0" maxCrapScore="0" minCrapScore="0" visitedClasses="0" numClasses="0" visitedMethods="1" numMethods="1" />
              <MetadataToken>100663300</MetadataToken>
              <Name>System.Void CircularArrayTests::CircularArray_Should_HandleMovingOfLastIndex()</Name>
              <FileRef uid="6" />
              <SequencePoints>
                <SequencePoint vc="1" uspid="3851" ordinal="0" offset="0" sl="57" sc="5" el="57" ec="5" bec="0" bev="0" fileid="6" />
                <SequencePoint vc="1" uspid="3852" ordinal="0" offset="1" sl="58" sc="9" el="58" ec="9" bec="0" bev="0" fileid="6" />
                <SequencePoint vc="1" uspid="3853" ordinal="0" offset="8" sl="59" sc="9" el="59" ec="9" bec="0" bev="0" fileid="6" />
                <SequencePoint vc="1" uspid="3854" ordinal="0" offset="21" sl="61" sc="14" el="61" ec="14" bec="0" bev="0" fileid="6" />
                <SequencePoint vc="50" uspid="3855" ordinal="0" offset="25" sl="62" sc="9" el="62" ec="9" bec="0" bev="0" fileid="6" />
                <SequencePoint vc="50" uspid="3856" ordinal="0" offset="26" sl="63" sc="13" el="63" ec="13" bec="0" bev="0" fileid="6" />
                <SequencePoint vc="50" uspid="3857" ordinal="0" offset="34" sl="64" sc="9" el="64" ec="9" bec="0" bev="0" fileid="6" />
                <SequencePoint vc="50" uspid="3858" ordinal="0" offset="35" sl="61" sc="45" el="61" ec="45" bec="0" bev="0" fileid="6" />
                <SequencePoint vc="51" uspid="3859" ordinal="0" offset="39" sl="61" sc="25" el="61" ec="25" bec="0" bev="0" fileid="6" />
                <SequencePoint vc="1" uspid="3860" ordinal="0" offset="49" sl="66" sc="9" el="66" ec="9" bec="0" bev="0" fileid="6" />
                <SequencePoint vc="1" uspid="3861" ordinal="0" offset="71" sl="68" sc="9" el="68" ec="9" bec="0" bev="0" fileid="6" />
                <SequencePoint vc="1" uspid="3862" ordinal="0" offset="78" sl="69" sc="9" el="69" ec="9" bec="0" bev="0" fileid="6" />
                <SequencePoint vc="1" uspid="3863" ordinal="0" offset="98" sl="70" sc="5" el="70" ec="5" bec="0" bev="0" fileid="6" />
              </SequencePoints>
              <BranchPoints />
            </Method>
          </Methods>
        </Class>
        <Class>
          <Summary numSequencePoints="73" visitedSequencePoints="73" numBranchPoints="0" visitedBranchPoints="0" sequenceCoverage="100.0" branchCoverage="0.0" maxCyclomaticComplexity="0" minCyclomaticComplexity="0" maxCrapScore="0" minCrapScore="0" visitedClasses="1" numClasses="1" visitedMethods="16" numMethods="16" />
          <FullName>FuzzyCompareTests</FullName>
          <Methods>
            <Method visited="true" cyclomaticComplexity="0" nPathComplexity="0" sequenceCoverage="100.0" branchCoverage="0" crapScore="0" isConstructor="false" isStatic="false" isGetter="false" isSetter="false">
              <Summary numSequencePoints="4" visitedSequencePoints="4" numBranchPoints="0" visitedBranchPoints="0" sequenceCoverage="100.0" branchCoverage="0" maxCyclomaticComplexity="0" minCyclomaticComplexity="0" maxCrapScore="0" minCrapScore="0" visitedClasses="0" numClasses="0" visitedMethods="1" numMethods="1" />
              <MetadataToken>100663302</MetadataToken>
              <Name>System.Void FuzzyCompareTests::FuzzyEquals0_Float_Zero_ReturnsTrue()</Name>
              <FileRef uid="7" />
              <SequencePoints>
                <SequencePoint vc="1" uspid="3864" ordinal="0" offset="0" sl="8" sc="5" el="8" ec="5" bec="0" bev="0" fileid="7" />
                <SequencePoint vc="1" uspid="3865" ordinal="0" offset="1" sl="9" sc="9" el="9" ec="9" bec="0" bev="0" fileid="7" />
                <SequencePoint vc="1" uspid="3866" ordinal="0" offset="7" sl="10" sc="9" el="10" ec="9" bec="0" bev="0" fileid="7" />
                <SequencePoint vc="1" uspid="3867" ordinal="0" offset="28" sl="11" sc="5" el="11" ec="5" bec="0" bev="0" fileid="7" />
              </SequencePoints>
              <BranchPoints />
            </Method>
            <Method visited="true" cyclomaticComplexity="0" nPathComplexity="0" sequenceCoverage="100.0" branchCoverage="0" crapScore="0" isConstructor="false" isStatic="false" isGetter="false" isSetter="false">
              <Summary numSequencePoints="4" visitedSequencePoints="4" numBranchPoints="0" visitedBranchPoints="0" sequenceCoverage="100.0" branchCoverage="0" maxCyclomaticComplexity="0" minCyclomaticComplexity="0" maxCrapScore="0" minCrapScore="0" visitedClasses="0" numClasses="0" visitedMethods="1" numMethods="1" />
              <MetadataToken>100663303</MetadataToken>
              <Name>System.Void FuzzyCompareTests::FuzzyEquals0_Float_NearZeroWithinEpsilon_ReturnsTrue()</Name>
              <FileRef uid="7" />
              <SequencePoints>
                <SequencePoint vc="1" uspid="3868" ordinal="0" offset="0" sl="15" sc="5" el="15" ec="5" bec="0" bev="0" fileid="7" />
                <SequencePoint vc="1" uspid="3869" ordinal="0" offset="1" sl="16" sc="9" el="16" ec="9" bec="0" bev="0" fileid="7" />
                <SequencePoint vc="1" uspid="3870" ordinal="0" offset="7" sl="17" sc="9" el="17" ec="9" bec="0" bev="0" fileid="7" />
                <SequencePoint vc="1" uspid="3871" ordinal="0" offset="28" sl="18" sc="5" el="18" ec="5" bec="0" bev="0" fileid="7" />
              </SequencePoints>
              <BranchPoints />
            </Method>
            <Method visited="true" cyclomaticComplexity="0" nPathComplexity="0" sequenceCoverage="100.0" branchCoverage="0" crapScore="0" isConstructor="false" isStatic="false" isGetter="false" isSetter="false">
              <Summary numSequencePoints="4" visitedSequencePoints="4" numBranchPoints="0" visitedBranchPoints="0" sequenceCoverage="100.0" branchCoverage="0" maxCyclomaticComplexity="0" minCyclomaticComplexity="0" maxCrapScore="0" minCrapScore="0" visitedClasses="0" numClasses="0" visitedMethods="1" numMethods="1" />
              <MetadataToken>100663304</MetadataToken>
              <Name>System.Void FuzzyCompareTests::FuzzyEquals0_Float_OutsideEpsilon_ReturnsFalse()</Name>
              <FileRef uid="7" />
              <SequencePoints>
                <SequencePoint vc="1" uspid="3872" ordinal="0" offset="0" sl="22" sc="5" el="22" ec="5" bec="0" bev="0" fileid="7" />
                <SequencePoint vc="1" uspid="3873" ordinal="0" offset="1" sl="23" sc="9" el="23" ec="9" bec="0" bev="0" fileid="7" />
                <SequencePoint vc="1" uspid="3874" ordinal="0" offset="7" sl="24" sc="9" el="24" ec="9" bec="0" bev="0" fileid="7" />
                <SequencePoint vc="1" uspid="3875" ordinal="0" offset="28" sl="25" sc="5" el="25" ec="5" bec="0" bev="0" fileid="7" />
              </SequencePoints>
              <BranchPoints />
            </Method>
            <Method visited="true" cyclomaticComplexity="0" nPathComplexity="0" sequenceCoverage="100.0" branchCoverage="0" crapScore="0" isConstructor="false" isStatic="false" isGetter="false" isSetter="false">
              <Summary numSequencePoints="5" visitedSequencePoints="5" numBranchPoints="0" visitedBranchPoints="0" sequenceCoverage="100.0" branchCoverage="0" maxCyclomaticComplexity="0" minCyclomaticComplexity="0" maxCrapScore="0" minCrapScore="0" visitedClasses="0" numClasses="0" visitedMethods="1" numMethods="1" />
              <MetadataToken>100663305</MetadataToken>
              <Name>System.Void FuzzyCompareTests::FuzzyEquals_Float_EqualValues_ReturnsTrue()</Name>
              <FileRef uid="7" />
              <SequencePoints>
                <SequencePoint vc="1" uspid="3876" ordinal="0" offset="0" sl="29" sc="5" el="29" ec="5" bec="0" bev="0" fileid="7" />
                <SequencePoint vc="1" uspid="3877" ordinal="0" offset="1" sl="30" sc="9" el="30" ec="9" bec="0" bev="0" fileid="7" />
                <SequencePoint vc="1" uspid="3878" ordinal="0" offset="7" sl="30" sc="25" el="30" ec="25" bec="0" bev="0" fileid="7" />
                <SequencePoint vc="1" uspid="3879" ordinal="0" offset="13" sl="31" sc="9" el="31" ec="9" bec="0" bev="0" fileid="7" />
                <SequencePoint vc="1" uspid="3880" ordinal="0" offset="35" sl="32" sc="5" el="32" ec="5" bec="0" bev="0" fileid="7" />
              </SequencePoints>
              <BranchPoints />
            </Method>
            <Method visited="true" cyclomaticComplexity="0" nPathComplexity="0" sequenceCoverage="100.0" branchCoverage="0" crapScore="0" isConstructor="false" isStatic="false" isGetter="false" isSetter="false">
              <Summary numSequencePoints="5" visitedSequencePoints="5" numBranchPoints="0" visitedBranchPoints="0" sequenceCoverage="100.0" branchCoverage="0" maxCyclomaticComplexity="0" minCyclomaticComplexity="0" maxCrapScore="0" minCrapScore="0" visitedClasses="0" numClasses="0" visitedMethods="1" numMethods="1" />
              <MetadataToken>100663306</MetadataToken>
              <Name>System.Void FuzzyCompareTests::FuzzyEquals_Float_DifferentWithinEpsilon_ReturnsTrue()</Name>
              <FileRef uid="7" />
              <SequencePoints>
                <SequencePoint vc="1" uspid="3881" ordinal="0" offset="0" sl="36" sc="5" el="36" ec="5" bec="0" bev="0" fileid="7" />
                <SequencePoint vc="1" uspid="3882" ordinal="0" offset="1" sl="37" sc="9" el="37" ec="9" bec="0" bev="0" fileid="7" />
                <SequencePoint vc="1" uspid="3883" ordinal="0" offset="7" sl="37" sc="25" el="37" ec="25" bec="0" bev="0" fileid="7" />
                <SequencePoint vc="1" uspid="3884" ordinal="0" offset="13" sl="38" sc="9" el="38" ec="9" bec="0" bev="0" fileid="7" />
                <SequencePoint vc="1" uspid="3885" ordinal="0" offset="35" sl="39" sc="5" el="39" ec="5" bec="0" bev="0" fileid="7" />
              </SequencePoints>
              <BranchPoints />
            </Method>
            <Method visited="true" cyclomaticComplexity="0" nPathComplexity="0" sequenceCoverage="100.0" branchCoverage="0" crapScore="0" isConstructor="false" isStatic="false" isGetter="false" isSetter="false">
              <Summary numSequencePoints="5" visitedSequencePoints="5" numBranchPoints="0" visitedBranchPoints="0" sequenceCoverage="100.0" branchCoverage="0" maxCyclomaticComplexity="0" minCyclomaticComplexity="0" maxCrapScore="0" minCrapScore="0" visitedClasses="0" numClasses="0" visitedMethods="1" numMethods="1" />
              <MetadataToken>100663307</MetadataToken>
              <Name>System.Void FuzzyCompareTests::FuzzyEquals_Float_DifferentOutsideEpsilon_ReturnsFalse()</Name>
              <FileRef uid="7" />
              <SequencePoints>
                <SequencePoint vc="1" uspid="3886" ordinal="0" offset="0" sl="43" sc="5" el="43" ec="5" bec="0" bev="0" fileid="7" />
                <SequencePoint vc="1" uspid="3887" ordinal="0" offset="1" sl="44" sc="9" el="44" ec="9" bec="0" bev="0" fileid="7" />
                <SequencePoint vc="1" uspid="3888" ordinal="0" offset="7" sl="44" sc="25" el="44" ec="25" bec="0" bev="0" fileid="7" />
                <SequencePoint vc="1" uspid="3889" ordinal="0" offset="13" sl="45" sc="9" el="45" ec="9" bec="0" bev="0" fileid="7" />
                <SequencePoint vc="1" uspid="3890" ordinal="0" offset="35" sl="46" sc="5" el="46" ec="5" bec="0" bev="0" fileid="7" />
              </SequencePoints>
              <BranchPoints />
            </Method>
            <Method visited="true" cyclomaticComplexity="0" nPathComplexity="0" sequenceCoverage="100.0" branchCoverage="0" crapScore="0" isConstructor="false" isStatic="false" isGetter="false" isSetter="false">
              <Summary numSequencePoints="5" visitedSequencePoints="5" numBranchPoints="0" visitedBranchPoints="0" sequenceCoverage="100.0" branchCoverage="0" maxCyclomaticComplexity="0" minCyclomaticComplexity="0" maxCrapScore="0" minCrapScore="0" visitedClasses="0" numClasses="0" visitedMethods="1" numMethods="1" />
              <MetadataToken>100663308</MetadataToken>
              <Name>System.Void FuzzyCompareTests::FuzzyEquals_Vector2_EqualVectors_ReturnsTrue()</Name>
              <FileRef uid="7" />
              <SequencePoints>
                <SequencePoint vc="1" uspid="3891" ordinal="0" offset="0" sl="50" sc="5" el="50" ec="5" bec="0" bev="0" fileid="7" />
                <SequencePoint vc="1" uspid="3892" ordinal="0" offset="1" sl="51" sc="9" el="51" ec="9" bec="0" bev="0" fileid="7" />
                <SequencePoint vc="1" uspid="3893" ordinal="0" offset="18" sl="52" sc="9" el="52" ec="9" bec="0" bev="0" fileid="7" />
                <SequencePoint vc="1" uspid="3894" ordinal="0" offset="35" sl="53" sc="9" el="53" ec="9" bec="0" bev="0" fileid="7" />
                <SequencePoint vc="1" uspid="3895" ordinal="0" offset="57" sl="54" sc="5" el="54" ec="5" bec="0" bev="0" fileid="7" />
              </SequencePoints>
              <BranchPoints />
            </Method>
            <Method visited="true" cyclomaticComplexity="0" nPathComplexity="0" sequenceCoverage="100.0" branchCoverage="0" crapScore="0" isConstructor="false" isStatic="false" isGetter="false" isSetter="false">
              <Summary numSequencePoints="5" visitedSequencePoints="5" numBranchPoints="0" visitedBranchPoints="0" sequenceCoverage="100.0" branchCoverage="0" maxCyclomaticComplexity="0" minCyclomaticComplexity="0" maxCrapScore="0" minCrapScore="0" visitedClasses="0" numClasses="0" visitedMethods="1" numMethods="1" />
              <MetadataToken>100663309</MetadataToken>
              <Name>System.Void FuzzyCompareTests::FuzzyEquals_Vector2_NearVectorsWithinEpsilon_ReturnsTrue()</Name>
              <FileRef uid="7" />
              <SequencePoints>
                <SequencePoint vc="1" uspid="3896" ordinal="0" offset="0" sl="58" sc="5" el="58" ec="5" bec="0" bev="0" fileid="7" />
                <SequencePoint vc="1" uspid="3897" ordinal="0" offset="1" sl="59" sc="9" el="59" ec="9" bec="0" bev="0" fileid="7" />
                <SequencePoint vc="1" uspid="3898" ordinal="0" offset="18" sl="60" sc="9" el="60" ec="9" bec="0" bev="0" fileid="7" />
                <SequencePoint vc="1" uspid="3899" ordinal="0" offset="35" sl="61" sc="9" el="61" ec="9" bec="0" bev="0" fileid="7" />
                <SequencePoint vc="1" uspid="3900" ordinal="0" offset="57" sl="62" sc="5" el="62" ec="5" bec="0" bev="0" fileid="7" />
              </SequencePoints>
              <BranchPoints />
            </Method>
            <Method visited="true" cyclomaticComplexity="0" nPathComplexity="0" sequenceCoverage="100.0" branchCoverage="0" crapScore="0" isConstructor="false" isStatic="false" isGetter="false" isSetter="false">
              <Summary numSequencePoints="5" visitedSequencePoints="5" numBranchPoints="0" visitedBranchPoints="0" sequenceCoverage="100.0" branchCoverage="0" maxCyclomaticComplexity="0" minCyclomaticComplexity="0" maxCrapScore="0" minCrapScore="0" visitedClasses="0" numClasses="0" visitedMethods="1" numMethods="1" />
              <MetadataToken>100663310</MetadataToken>
              <Name>System.Void FuzzyCompareTests::FuzzyEquals_Vector2_DifferentVectorsOutsideEpsilon_ReturnsFalse()</Name>
              <FileRef uid="7" />
              <SequencePoints>
                <SequencePoint vc="1" uspid="3901" ordinal="0" offset="0" sl="66" sc="5" el="66" ec="5" bec="0" bev="0" fileid="7" />
                <SequencePoint vc="1" uspid="3902" ordinal="0" offset="1" sl="67" sc="9" el="67" ec="9" bec="0" bev="0" fileid="7" />
                <SequencePoint vc="1" uspid="3903" ordinal="0" offset="18" sl="68" sc="9" el="68" ec="9" bec="0" bev="0" fileid="7" />
                <SequencePoint vc="1" uspid="3904" ordinal="0" offset="35" sl="69" sc="9" el="69" ec="9" bec="0" bev="0" fileid="7" />
                <SequencePoint vc="1" uspid="3905" ordinal="0" offset="57" sl="70" sc="5" el="70" ec="5" bec="0" bev="0" fileid="7" />
              </SequencePoints>
              <BranchPoints />
            </Method>
            <Method visited="true" cyclomaticComplexity="0" nPathComplexity="0" sequenceCoverage="100.0" branchCoverage="0" crapScore="0" isConstructor="false" isStatic="false" isGetter="false" isSetter="false">
              <Summary numSequencePoints="4" visitedSequencePoints="4" numBranchPoints="0" visitedBranchPoints="0" sequenceCoverage="100.0" branchCoverage="0" maxCyclomaticComplexity="0" minCyclomaticComplexity="0" maxCrapScore="0" minCrapScore="0" visitedClasses="0" numClasses="0" visitedMethods="1" numMethods="1" />
              <MetadataToken>100663311</MetadataToken>
              <Name>System.Void FuzzyCompareTests::FuzzyEquals0_Vector2_Zero_ReturnsTrue()</Name>
              <FileRef uid="7" />
              <SequencePoints>
                <SequencePoint vc="1" uspid="3906" ordinal="0" offset="0" sl="74" sc="5" el="74" ec="5" bec="0" bev="0" fileid="7" />
                <SequencePoint vc="1" uspid="3907" ordinal="0" offset="1" sl="75" sc="9" el="75" ec="9" bec="0" bev="0" fileid="7" />
                <SequencePoint vc="1" uspid="3908" ordinal="0" offset="7" sl="76" sc="9" el="76" ec="9" bec="0" bev="0" fileid="7" />
                <SequencePoint vc="1" uspid="3909" ordinal="0" offset="28" sl="77" sc="5" el="77" ec="5" bec="0" bev="0" fileid="7" />
              </SequencePoints>
              <BranchPoints />
            </Method>
            <Method visited="true" cyclomaticComplexity="0" nPathComplexity="0" sequenceCoverage="100.0" branchCoverage="0" crapScore="0" isConstructor="false" isStatic="false" isGetter="false" isSetter="false">
              <Summary numSequencePoints="5" visitedSequencePoints="5" numBranchPoints="0" visitedBranchPoints="0" sequenceCoverage="100.0" branchCoverage="0" maxCyclomaticComplexity="0" minCyclomaticComplexity="0" maxCrapScore="0" minCrapScore="0" visitedClasses="0" numClasses="0" visitedMethods="1" numMethods="1" />
              <MetadataToken>100663312</MetadataToken>
              <Name>System.Void FuzzyCompareTests::FuzzyEquals_Vector3_EqualVectors_ReturnsTrue()</Name>
              <FileRef uid="7" />
              <SequencePoints>
                <SequencePoint vc="1" uspid="3910" ordinal="0" offset="0" sl="81" sc="5" el="81" ec="5" bec="0" bev="0" fileid="7" />
                <SequencePoint vc="1" uspid="3911" ordinal="0" offset="1" sl="82" sc="9" el="82" ec="9" bec="0" bev="0" fileid="7" />
                <SequencePoint vc="1" uspid="3912" ordinal="0" offset="23" sl="83" sc="9" el="83" ec="9" bec="0" bev="0" fileid="7" />
                <SequencePoint vc="1" uspid="3913" ordinal="0" offset="45" sl="84" sc="9" el="84" ec="9" bec="0" bev="0" fileid="7" />
                <SequencePoint vc="1" uspid="3914" ordinal="0" offset="67" sl="85" sc="5" el="85" ec="5" bec="0" bev="0" fileid="7" />
              </SequencePoints>
              <BranchPoints />
            </Method>
            <Method visited="true" cyclomaticComplexity="0" nPathComplexity="0" sequenceCoverage="100.0" branchCoverage="0" crapScore="0" isConstructor="false" isStatic="false" isGetter="false" isSetter="false">
              <Summary numSequencePoints="5" visitedSequencePoints="5" numBranchPoints="0" visitedBranchPoints="0" sequenceCoverage="100.0" branchCoverage="0" maxCyclomaticComplexity="0" minCyclomaticComplexity="0" maxCrapScore="0" minCrapScore="0" visitedClasses="0" numClasses="0" visitedMethods="1" numMethods="1" />
              <MetadataToken>100663313</MetadataToken>
              <Name>System.Void FuzzyCompareTests::FuzzyEquals_Vector3_NearVectorsWithinEpsilon_ReturnsTrue()</Name>
              <FileRef uid="7" />
              <SequencePoints>
                <SequencePoint vc="1" uspid="3915" ordinal="0" offset="0" sl="89" sc="5" el="89" ec="5" bec="0" bev="0" fileid="7" />
                <SequencePoint vc="1" uspid="3916" ordinal="0" offset="1" sl="90" sc="9" el="90" ec="9" bec="0" bev="0" fileid="7" />
                <SequencePoint vc="1" uspid="3917" ordinal="0" offset="23" sl="91" sc="9" el="91" ec="9" bec="0" bev="0" fileid="7" />
                <SequencePoint vc="1" uspid="3918" ordinal="0" offset="45" sl="92" sc="9" el="92" ec="9" bec="0" bev="0" fileid="7" />
                <SequencePoint vc="1" uspid="3919" ordinal="0" offset="67" sl="93" sc="5" el="93" ec="5" bec="0" bev="0" fileid="7" />
              </SequencePoints>
              <BranchPoints />
            </Method>
            <Method visited="true" cyclomaticComplexity="0" nPathComplexity="0" sequenceCoverage="100.0" branchCoverage="0" crapScore="0" isConstructor="false" isStatic="false" isGetter="false" isSetter="false">
              <Summary numSequencePoints="5" visitedSequencePoints="5" numBranchPoints="0" visitedBranchPoints="0" sequenceCoverage="100.0" branchCoverage="0" maxCyclomaticComplexity="0" minCyclomaticComplexity="0" maxCrapScore="0" minCrapScore="0" visitedClasses="0" numClasses="0" visitedMethods="1" numMethods="1" />
              <MetadataToken>100663314</MetadataToken>
              <Name>System.Void FuzzyCompareTests::FuzzyEquals_Vector3_DifferentVectorsOutsideEpsilon_ReturnsFalse()</Name>
              <FileRef uid="7" />
              <SequencePoints>
                <SequencePoint vc="1" uspid="3920" ordinal="0" offset="0" sl="97" sc="5" el="97" ec="5" bec="0" bev="0" fileid="7" />
                <SequencePoint vc="1" uspid="3921" ordinal="0" offset="1" sl="98" sc="9" el="98" ec="9" bec="0" bev="0" fileid="7" />
                <SequencePoint vc="1" uspid="3922" ordinal="0" offset="23" sl="99" sc="9" el="99" ec="9" bec="0" bev="0" fileid="7" />
                <SequencePoint vc="1" uspid="3923" ordinal="0" offset="45" sl="100" sc="9" el="100" ec="9" bec="0" bev="0" fileid="7" />
                <SequencePoint vc="1" uspid="3924" ordinal="0" offset="67" sl="101" sc="5" el="101" ec="5" bec="0" bev="0" fileid="7" />
              </SequencePoints>
              <BranchPoints />
            </Method>
            <Method visited="true" cyclomaticComplexity="0" nPathComplexity="0" sequenceCoverage="100.0" branchCoverage="0" crapScore="0" isConstructor="false" isStatic="false" isGetter="false" isSetter="false">
              <Summary numSequencePoints="4" visitedSequencePoints="4" numBranchPoints="0" visitedBranchPoints="0" sequenceCoverage="100.0" branchCoverage="0" maxCyclomaticComplexity="0" minCyclomaticComplexity="0" maxCrapScore="0" minCrapScore="0" visitedClasses="0" numClasses="0" visitedMethods="1" numMethods="1" />
              <MetadataToken>100663315</MetadataToken>
              <Name>System.Void FuzzyCompareTests::FuzzyEquals0_Vector3_Zero_ReturnsTrue()</Name>
              <FileRef uid="7" />
              <SequencePoints>
                <SequencePoint vc="1" uspid="3925" ordinal="0" offset="0" sl="105" sc="5" el="105" ec="5" bec="0" bev="0" fileid="7" />
                <SequencePoint vc="1" uspid="3926" ordinal="0" offset="1" sl="106" sc="9" el="106" ec="9" bec="0" bev="0" fileid="7" />
                <SequencePoint vc="1" uspid="3927" ordinal="0" offset="7" sl="107" sc="9" el="107" ec="9" bec="0" bev="0" fileid="7" />
                <SequencePoint vc="1" uspid="3928" ordinal="0" offset="28" sl="108" sc="5" el="108" ec="5" bec="0" bev="0" fileid="7" />
              </SequencePoints>
              <BranchPoints />
            </Method>
            <Method visited="true" cyclomaticComplexity="0" nPathComplexity="0" sequenceCoverage="100.0" branchCoverage="0" crapScore="0" isConstructor="false" isStatic="false" isGetter="false" isSetter="false">
              <Summary numSequencePoints="4" visitedSequencePoints="4" numBranchPoints="0" visitedBranchPoints="0" sequenceCoverage="100.0" branchCoverage="0" maxCyclomaticComplexity="0" minCyclomaticComplexity="0" maxCrapScore="0" minCrapScore="0" visitedClasses="0" numClasses="0" visitedMethods="1" numMethods="1" />
              <MetadataToken>100663316</MetadataToken>
              <Name>System.Void FuzzyCompareTests::IsValidViewingVector_Zero_ReturnsFalse()</Name>
              <FileRef uid="7" />
              <SequencePoints>
                <SequencePoint vc="1" uspid="3929" ordinal="0" offset="0" sl="112" sc="5" el="112" ec="5" bec="0" bev="0" fileid="7" />
                <SequencePoint vc="1" uspid="3930" ordinal="0" offset="1" sl="113" sc="9" el="113" ec="9" bec="0" bev="0" fileid="7" />
                <SequencePoint vc="1" uspid="3931" ordinal="0" offset="7" sl="114" sc="9" el="114" ec="9" bec="0" bev="0" fileid="7" />
                <SequencePoint vc="1" uspid="3932" ordinal="0" offset="19" sl="115" sc="5" el="115" ec="5" bec="0" bev="0" fileid="7" />
              </SequencePoints>
              <BranchPoints />
            </Method>
            <Method visited="true" cyclomaticComplexity="0" nPathComplexity="0" sequenceCoverage="100.0" branchCoverage="0" crapScore="0" isConstructor="false" isStatic="false" isGetter="false" isSetter="false">
              <Summary numSequencePoints="4" visitedSequencePoints="4" numBranchPoints="0" visitedBranchPoints="0" sequenceCoverage="100.0" branchCoverage="0" maxCyclomaticComplexity="0" minCyclomaticComplexity="0" maxCrapScore="0" minCrapScore="0" visitedClasses="0" numClasses="0" visitedMethods="1" numMethods="1" />
              <MetadataToken>100663317</MetadataToken>
              <Name>System.Void FuzzyCompareTests::IsValidViewingVector_NonZero_ReturnsTrue()</Name>
              <FileRef uid="7" />
              <SequencePoints>
                <SequencePoint vc="1" uspid="3933" ordinal="0" offset="0" sl="119" sc="5" el="119" ec="5" bec="0" bev="0" fileid="7" />
                <SequencePoint vc="1" uspid="3934" ordinal="0" offset="1" sl="120" sc="9" el="120" ec="9" bec="0" bev="0" fileid="7" />
                <SequencePoint vc="1" uspid="3935" ordinal="0" offset="23" sl="121" sc="9" el="121" ec="9" bec="0" bev="0" fileid="7" />
                <SequencePoint vc="1" uspid="3936" ordinal="0" offset="35" sl="122" sc="5" el="122" ec="5" bec="0" bev="0" fileid="7" />
              </SequencePoints>
              <BranchPoints />
            </Method>
          </Methods>
        </Class>
        <Class>
          <Summary numSequencePoints="47" visitedSequencePoints="47" numBranchPoints="0" visitedBranchPoints="0" sequenceCoverage="100.0" branchCoverage="0.0" maxCyclomaticComplexity="0" minCyclomaticComplexity="0" maxCrapScore="0" minCrapScore="0" visitedClasses="1" numClasses="1" visitedMethods="6" numMethods="6" />
          <FullName>RewindAbstractTests</FullName>
          <Methods>
            <Method visited="true" cyclomaticComplexity="0" nPathComplexity="0" sequenceCoverage="100.0" branchCoverage="0" crapScore="0" isConstructor="false" isStatic="false" isGetter="false" isSetter="false">
              <Summary numSequencePoints="4" visitedSequencePoints="4" numBranchPoints="0" visitedBranchPoints="0" sequenceCoverage="100.0" branchCoverage="0" maxCyclomaticComplexity="0" minCyclomaticComplexity="0" maxCrapScore="0" minCrapScore="0" visitedClasses="0" numClasses="0" visitedMethods="1" numMethods="1" />
              <MetadataToken>100663319</MetadataToken>
              <Name>System.Void RewindAbstractTests::SetUp()</Name>
              <FileRef uid="8" />
              <SequencePoints>
                <SequencePoint vc="4" uspid="3937" ordinal="0" offset="0" sl="21" sc="5" el="21" ec="5" bec="0" bev="0" fileid="8" />
                <SequencePoint vc="4" uspid="3938" ordinal="0" offset="1" sl="22" sc="9" el="22" ec="9" bec="0" bev="0" fileid="8" />
                <SequencePoint vc="4" uspid="3939" ordinal="0" offset="17" sl="23" sc="9" el="23" ec="9" bec="0" bev="0" fileid="8" />
                <SequencePoint vc="4" uspid="3940" ordinal="0" offset="34" sl="24" sc="5" el="24" ec="5" bec="0" bev="0" fileid="8" />
              </SequencePoints>
              <BranchPoints />
            </Method>
            <Method visited="true" cyclomaticComplexity="0" nPathComplexity="0" sequenceCoverage="100.0" branchCoverage="0" crapScore="0" isConstructor="false" isStatic="false" isGetter="false" isSetter="false">
              <Summary numSequencePoints="3" visitedSequencePoints="3" numBranchPoints="0" visitedBranchPoints="0" sequenceCoverage="100.0" branchCoverage="0" maxCyclomaticComplexity="0" minCyclomaticComplexity="0" maxCrapScore="0" minCrapScore="0" visitedClasses="0" numClasses="0" visitedMethods="1" numMethods="1" />
              <MetadataToken>100663320</MetadataToken>
              <Name>System.Void RewindAbstractTests::TearDown()</Name>
              <FileRef uid="8" />
              <SequencePoints>
                <SequencePoint vc="4" uspid="3941" ordinal="0" offset="0" sl="28" sc="5" el="28" ec="5" bec="0" bev="0" fileid="8" />
                <SequencePoint vc="4" uspid="3942" ordinal="0" offset="1" sl="29" sc="9" el="29" ec="9" bec="0" bev="0" fileid="8" />
                <SequencePoint vc="4" uspid="3943" ordinal="0" offset="13" sl="30" sc="5" el="30" ec="5" bec="0" bev="0" fileid="8" />
              </SequencePoints>
              <BranchPoints />
            </Method>
            <Method visited="true" cyclomaticComplexity="0" nPathComplexity="0" sequenceCoverage="100.0" branchCoverage="0" crapScore="0" isConstructor="false" isStatic="false" isGetter="false" isSetter="false">
              <Summary numSequencePoints="5" visitedSequencePoints="5" numBranchPoints="0" visitedBranchPoints="0" sequenceCoverage="100.0" branchCoverage="0" maxCyclomaticComplexity="0" minCyclomaticComplexity="0" maxCrapScore="0" minCrapScore="0" visitedClasses="0" numClasses="0" visitedMethods="1" numMethods="1" />
              <MetadataToken>100663321</MetadataToken>
              <Name>System.Void RewindAbstractTests::MainInit_InitializesFields()</Name>
              <FileRef uid="8" />
              <SequencePoints>
                <SequencePoint vc="1" uspid="3944" ordinal="0" offset="0" sl="34" sc="5" el="34" ec="5" bec="0" bev="0" fileid="8" />
                <SequencePoint vc="1" uspid="3945" ordinal="0" offset="1" sl="35" sc="9" el="35" ec="9" bec="0" bev="0" fileid="8" />
                <SequencePoint vc="1" uspid="3946" ordinal="0" offset="13" sl="36" sc="9" el="36" ec="9" bec="0" bev="0" fileid="8" />
                <SequencePoint vc="1" uspid="3947" ordinal="0" offset="25" sl="37" sc="9" el="37" ec="9" bec="0" bev="0" fileid="8" />
                <SequencePoint vc="1" uspid="3948" ordinal="0" offset="42" sl="38" sc="5" el="38" ec="5" bec="0" bev="0" fileid="8" />
              </SequencePoints>
              <BranchPoints />
            </Method>
            <Method visited="true" cyclomaticComplexity="0" nPathComplexity="0" sequenceCoverage="100.0" branchCoverage="0" crapScore="0" isConstructor="false" isStatic="false" isGetter="false" isSetter="false">
              <Summary numSequencePoints="14" visitedSequencePoints="14" numBranchPoints="0" visitedBranchPoints="0" sequenceCoverage="100.0" branchCoverage="0" maxCyclomaticComplexity="0" minCyclomaticComplexity="0" maxCrapScore="0" minCrapScore="0" visitedClasses="0" numClasses="0" visitedMethods="1" numMethods="1" />
              <MetadataToken>100663322</MetadataToken>
              <Name>System.Void RewindAbstractTests::TrackTransform_And_RestoreTransform_Works()</Name>
              <FileRef uid="8" />
              <SequencePoints>
                <SequencePoint vc="1" uspid="3949" ordinal="0" offset="0" sl="42" sc="5" el="42" ec="5" bec="0" bev="0" fileid="8" />
                <SequencePoint vc="1" uspid="3950" ordinal="0" offset="1" sl="43" sc="9" el="43" ec="9" bec="0" bev="0" fileid="8" />
                <SequencePoint vc="1" uspid="3951" ordinal="0" offset="13" sl="44" sc="9" el="44" ec="9" bec="0" bev="0" fileid="8" />
                <SequencePoint vc="1" uspid="3952" ordinal="0" offset="50" sl="45" sc="9" el="45" ec="9" bec="0" bev="0" fileid="8" />
                <SequencePoint vc="1" uspid="3953" ordinal="0" offset="87" sl="46" sc="9" el="46" ec="9" bec="0" bev="0" fileid="8" />
                <SequencePoint vc="1" uspid="3954" ordinal="0" offset="124" sl="47" sc="9" el="47" ec="9" bec="0" bev="0" fileid="8" />
                <SequencePoint vc="1" uspid="3955" ordinal="0" offset="136" sl="48" sc="9" el="48" ec="9" bec="0" bev="0" fileid="8" />
                <SequencePoint vc="1" uspid="3956" ordinal="0" offset="158" sl="49" sc="9" el="49" ec="9" bec="0" bev="0" fileid="8" />
                <SequencePoint vc="1" uspid="3957" ordinal="0" offset="180" sl="50" sc="9" el="50" ec="9" bec="0" bev="0" fileid="8" />
                <SequencePoint vc="1" uspid="3958" ordinal="0" offset="202" sl="51" sc="9" el="51" ec="9" bec="0" bev="0" fileid="8" />
                <SequencePoint vc="1" uspid="3959" ordinal="0" offset="219" sl="52" sc="9" el="52" ec="9" bec="0" bev="0" fileid="8" />
                <SequencePoint vc="1" uspid="3960" ordinal="0" offset="271" sl="53" sc="9" el="53" ec="9" bec="0" bev="0" fileid="8" />
                <SequencePoint vc="1" uspid="3961" ordinal="0" offset="343" sl="54" sc="9" el="54" ec="9" bec="0" bev="0" fileid="8" />
                <SequencePoint vc="1" uspid="3962" ordinal="0" offset="395" sl="55" sc="5" el="55" ec="5" bec="0" bev="0" fileid="8" />
              </SequencePoints>
              <BranchPoints />
            </Method>
            <Method visited="true" cyclomaticComplexity="0" nPathComplexity="0" sequenceCoverage="100.0" branchCoverage="0" crapScore="0" isConstructor="false" isStatic="false" isGetter="false" isSetter="false">
              <Summary numSequencePoints="13" visitedSequencePoints="13" numBranchPoints="0" visitedBranchPoints="0" sequenceCoverage="100.0" branchCoverage="0" maxCyclomaticComplexity="0" minCyclomaticComplexity="0" maxCrapScore="0" minCrapScore="0" visitedClasses="0" numClasses="0" visitedMethods="1" numMethods="1" />
              <MetadataToken>100663323</MetadataToken>
              <Name>System.Void RewindAbstractTests::TrackVelocity_And_RestoreVelocity_Works()</Name>
              <FileRef uid="8" />
              <SequencePoints>
                <SequencePoint vc="1" uspid="3963" ordinal="0" offset="0" sl="59" sc="5" el="59" ec="5" bec="0" bev="0" fileid="8" />
                <SequencePoint vc="1" uspid="3964" ordinal="0" offset="1" sl="60" sc="9" el="60" ec="9" bec="0" bev="0" fileid="8" />
                <SequencePoint vc="1" uspid="3965" ordinal="0" offset="13" sl="61" sc="9" el="61" ec="9" bec="0" bev="0" fileid="8" />
                <SequencePoint vc="1" uspid="3966" ordinal="0" offset="25" sl="62" sc="9" el="62" ec="9" bec="0" bev="0" fileid="8" />
                <SequencePoint vc="1" uspid="3967" ordinal="0" offset="52" sl="63" sc="9" el="63" ec="9" bec="0" bev="0" fileid="8" />
                <SequencePoint vc="1" uspid="3968" ordinal="0" offset="79" sl="65" sc="9" el="65" ec="9" bec="0" bev="0" fileid="8" />
                <SequencePoint vc="1" uspid="3969" ordinal="0" offset="92" sl="66" sc="9" el="66" ec="9" bec="0" bev="0" fileid="8" />
                <SequencePoint vc="1" uspid="3970" ordinal="0" offset="104" sl="67" sc="9" el="67" ec="9" bec="0" bev="0" fileid="8" />
                <SequencePoint vc="1" uspid="3971" ordinal="0" offset="116" sl="68" sc="9" el="68" ec="9" bec="0" bev="0" fileid="8" />
                <SequencePoint vc="1" uspid="3972" ordinal="0" offset="128" sl="69" sc="9" el="69" ec="9" bec="0" bev="0" fileid="8" />
                <SequencePoint vc="1" uspid="3973" ordinal="0" offset="145" sl="70" sc="9" el="70" ec="9" bec="0" bev="0" fileid="8" />
                <SequencePoint vc="1" uspid="3974" ordinal="0" offset="187" sl="71" sc="9" el="71" ec="9" bec="0" bev="0" fileid="8" />
                <SequencePoint vc="1" uspid="3975" ordinal="0" offset="229" sl="72" sc="5" el="72" ec="5" bec="0" bev="0" fileid="8" />
              </SequencePoints>
              <BranchPoints />
            </Method>
            <Method visited="true" cyclomaticComplexity="0" nPathComplexity="0" sequenceCoverage="100.0" branchCoverage="0" crapScore="0" isConstructor="false" isStatic="false" isGetter="false" isSetter="false">
              <Summary numSequencePoints="8" visitedSequencePoints="8" numBranchPoints="0" visitedBranchPoints="0" sequenceCoverage="100.0" branchCoverage="0" maxCyclomaticComplexity="0" minCyclomaticComplexity="0" maxCrapScore="0" minCrapScore="0" visitedClasses="0" numClasses="0" visitedMethods="1" numMethods="1" />
              <MetadataToken>100663324</MetadataToken>
              <Name>System.Void RewindAbstractTests::TrackObjectActiveState_And_RestoreObjectActiveState_Works()</Name>
              <FileRef uid="8" />
              <SequencePoints>
                <SequencePoint vc="1" uspid="3976" ordinal="0" offset="0" sl="77" sc="5" el="77" ec="5" bec="0" bev="0" fileid="8" />
                <SequencePoint vc="1" uspid="3977" ordinal="0" offset="1" sl="78" sc="9" el="78" ec="9" bec="0" bev="0" fileid="8" />
                <SequencePoint vc="1" uspid="3978" ordinal="0" offset="13" sl="79" sc="9" el="79" ec="9" bec="0" bev="0" fileid="8" />
                <SequencePoint vc="1" uspid="3979" ordinal="0" offset="26" sl="80" sc="9" el="80" ec="9" bec="0" bev="0" fileid="8" />
                <SequencePoint vc="1" uspid="3980" ordinal="0" offset="38" sl="81" sc="9" el="81" ec="9" bec="0" bev="0" fileid="8" />
                <SequencePoint vc="1" uspid="3981" ordinal="0" offset="51" sl="82" sc="9" el="82" ec="9" bec="0" bev="0" fileid="8" />
                <SequencePoint vc="1" uspid="3982" ordinal="0" offset="68" sl="83" sc="9" el="83" ec="9" bec="0" bev="0" fileid="8" />
                <SequencePoint vc="1" uspid="3983" ordinal="0" offset="85" sl="84" sc="5" el="84" ec="5" bec="0" bev="0" fileid="8" />
              </SequencePoints>
              <BranchPoints />
            </Method>
          </Methods>
        </Class>
        <Class>
          <Summary numSequencePoints="10" visitedSequencePoints="10" numBranchPoints="0" visitedBranchPoints="0" sequenceCoverage="100.0" branchCoverage="0.0" maxCyclomaticComplexity="0" minCyclomaticComplexity="0" maxCrapScore="0" minCrapScore="0" visitedClasses="1" numClasses="1" visitedMethods="6" numMethods="6" />
          <FullName>RewindAbstractTests/TestRewind</FullName>
          <Methods>
            <Method visited="true" cyclomaticComplexity="0" nPathComplexity="0" sequenceCoverage="100.0" branchCoverage="0" crapScore="0" isConstructor="false" isStatic="false" isGetter="false" isSetter="false">
              <Summary numSequencePoints="3" visitedSequencePoints="3" numBranchPoints="0" visitedBranchPoints="0" sequenceCoverage="100.0" branchCoverage="0" maxCyclomaticComplexity="0" minCyclomaticComplexity="0" maxCrapScore="0" minCrapScore="0" visitedClasses="0" numClasses="0" visitedMethods="1" numMethods="1" />
              <MetadataToken>100663328</MetadataToken>
              <Name>System.Void RewindAbstractTests/TestRewind::Track()</Name>
              <FileRef uid="8" />
              <SequencePoints>
                <SequencePoint vc="1" uspid="3984" ordinal="0" offset="0" sl="8" sc="38" el="8" ec="38" bec="0" bev="0" fileid="8" />
                <SequencePoint vc="1" uspid="3985" ordinal="0" offset="1" sl="8" sc="40" el="8" ec="40" bec="0" bev="0" fileid="8" />
                <SequencePoint vc="1" uspid="3986" ordinal="0" offset="8" sl="8" sc="58" el="8" ec="58" bec="0" bev="0" fileid="8" />
              </SequencePoints>
              <BranchPoints />
            </Method>
            <Method visited="true" cyclomaticComplexity="0" nPathComplexity="0" sequenceCoverage="100.0" branchCoverage="0" crapScore="0" isConstructor="false" isStatic="false" isGetter="false" isSetter="false">
              <Summary numSequencePoints="3" visitedSequencePoints="3" numBranchPoints="0" visitedBranchPoints="0" sequenceCoverage="100.0" branchCoverage="0" maxCyclomaticComplexity="0" minCyclomaticComplexity="0" maxCrapScore="0" minCrapScore="0" visitedClasses="0" numClasses="0" visitedMethods="1" numMethods="1" />
              <MetadataToken>100663329</MetadataToken>
              <Name>System.Void RewindAbstractTests/TestRewind::Rewind(System.Single)</Name>
              <FileRef uid="8" />
              <SequencePoints>
                <SequencePoint vc="1" uspid="3987" ordinal="0" offset="0" sl="9" sc="52" el="9" ec="52" bec="0" bev="0" fileid="8" />
                <SequencePoint vc="1" uspid="3988" ordinal="0" offset="1" sl="9" sc="54" el="9" ec="54" bec="0" bev="0" fileid="8" />
                <SequencePoint vc="1" uspid="3989" ordinal="0" offset="9" sl="9" sc="81" el="9" ec="81" bec="0" bev="0" fileid="8" />
              </SequencePoints>
              <BranchPoints />
            </Method>
            <Method visited="true" cyclomaticComplexity="0" nPathComplexity="0" sequenceCoverage="100.0" branchCoverage="0" crapScore="0" isConstructor="false" isStatic="false" isGetter="false" isSetter="false">
              <Summary numSequencePoints="1" visitedSequencePoints="1" numBranchPoints="0" visitedBranchPoints="0" sequenceCoverage="100.0" branchCoverage="0" maxCyclomaticComplexity="0" minCyclomaticComplexity="0" maxCrapScore="0" minCrapScore="0" visitedClasses="0" numClasses="0" visitedMethods="1" numMethods="1" />
              <MetadataToken>100663330</MetadataToken>
              <Name>System.Void RewindAbstractTests/TestRewind::CallTrackVelocity()</Name>
              <FileRef uid="8" />
              <SequencePoints>
                <SequencePoint vc="1" uspid="3990" ordinal="0" offset="0" sl="10" sc="44" el="10" ec="44" bec="0" bev="0" fileid="8" />
              </SequencePoints>
              <BranchPoints />
            </Method>
            <Method visited="true" cyclomaticComplexity="0" nPathComplexity="0" sequenceCoverage="100.0" branchCoverage="0" crapScore="0" isConstructor="false" isStatic="false" isGetter="false" isSetter="false">
              <Summary numSequencePoints="1" visitedSequencePoints="1" numBranchPoints="0" visitedBranchPoints="0" sequenceCoverage="100.0" branchCoverage="0" maxCyclomaticComplexity="0" minCyclomaticComplexity="0" maxCrapScore="0" minCrapScore="0" visitedClasses="0" numClasses="0" visitedMethods="1" numMethods="1" />
              <MetadataToken>100663331</MetadataToken>
              <Name>System.Void RewindAbstractTests/TestRewind::CallRestoreVelocity(System.Single)</Name>
              <FileRef uid="8" />
              <SequencePoints>
                <SequencePoint vc="1" uspid="3991" ordinal="0" offset="0" sl="11" sc="59" el="11" ec="59" bec="0" bev="0" fileid="8" />
              </SequencePoints>
              <BranchPoints />
            </Method>
            <Method visited="true" cyclomaticComplexity="0" nPathComplexity="0" sequenceCoverage="100.0" branchCoverage="0" crapScore="0" isConstructor="false" isStatic="false" isGetter="false" isSetter="false">
              <Summary numSequencePoints="1" visitedSequencePoints="1" numBranchPoints="0" visitedBranchPoints="0" sequenceCoverage="100.0" branchCoverage="0" maxCyclomaticComplexity="0" minCyclomaticComplexity="0" maxCrapScore="0" minCrapScore="0" visitedClasses="0" numClasses="0" visitedMethods="1" numMethods="1" />
              <MetadataToken>100663332</MetadataToken>
              <Name>System.Void RewindAbstractTests/TestRewind::CallTrackObjectActiveState()</Name>
              <FileRef uid="8" />
              <SequencePoints>
                <SequencePoint vc="1" uspid="3992" ordinal="0" offset="0" sl="12" sc="53" el="12" ec="53" bec="0" bev="0" fileid="8" />
              </SequencePoints>
              <BranchPoints />
            </Method>
            <Method visited="true" cyclomaticComplexity="0" nPathComplexity="0" sequenceCoverage="100.0" branchCoverage="0" crapScore="0" isConstructor="false" isStatic="false" isGetter="false" isSetter="false">
              <Summary numSequencePoints="1" visitedSequencePoints="1" numBranchPoints="0" visitedBranchPoints="0" sequenceCoverage="100.0" branchCoverage="0" maxCyclomaticComplexity="0" minCyclomaticComplexity="0" maxCrapScore="0" minCrapScore="0" visitedClasses="0" numClasses="0" visitedMethods="1" numMethods="1" />
              <MetadataToken>100663333</MetadataToken>
              <Name>System.Void RewindAbstractTests/TestRewind::CallRestoreObjectActiveState(System.Single)</Name>
              <FileRef uid="8" />
              <SequencePoints>
                <SequencePoint vc="1" uspid="3993" ordinal="0" offset="0" sl="13" sc="68" el="13" ec="68" bec="0" bev="0" fileid="8" />
              </SequencePoints>
              <BranchPoints />
            </Method>
          </Methods>
        </Class>
      </Classes>
    </Module>
    <Module>
      <Summary numSequencePoints="173" visitedSequencePoints="98" numBranchPoints="0" visitedBranchPoints="0" sequenceCoverage="56.65" branchCoverage="0.0" maxCyclomaticComplexity="0" minCyclomaticComplexity="0" maxCrapScore="0" minCrapScore="0" visitedClasses="4" numClasses="6" visitedMethods="26" numMethods="33" />
      <ModuleTime>0001-01-01T00:00:00</ModuleTime>
      <ModuleName>GameLogic</ModuleName>
      <Files>
        <File uid="9" fullPath="C:/Users/ITWORK/Desktop/Unity/TimeSplit/Assets/Scripts/DungeonCreator/AbstractNode.cs" />
        <File uid="10" fullPath="C:/Users/ITWORK/Desktop/Unity/TimeSplit/Assets/Scripts/DungeonCreator/BinarySpacePartitioner.cs" />
        <File uid="11" fullPath="C:/Users/ITWORK/Desktop/Unity/TimeSplit/Assets/Scripts/DungeonCreator/CorridorNode.cs" />
        <File uid="12" fullPath="C:/Users/ITWORK/Desktop/Unity/TimeSplit/Assets/Scripts/DungeonCreator/CorridorsGenerator.cs" />
        <File uid="13" fullPath="C:/Users/ITWORK/Desktop/Unity/TimeSplit/Assets/Scripts/DungeonCreator/DungeonGenerator.cs" />
        <File uid="14" fullPath="C:/Users/ITWORK/Desktop/Unity/TimeSplit/Assets/Scripts/DungeonCreator/DungeonMaker.cs" />
        <File uid="15" fullPath="C:/Users/ITWORK/Desktop/Unity/TimeSplit/Assets/Scripts/DungeonCreator/Line.cs" />
        <File uid="16" fullPath="C:/Users/ITWORK/Desktop/Unity/TimeSplit/Assets/Scripts/DungeonCreator/RoomGenerator.cs" />
        <File uid="17" fullPath="C:/Users/ITWORK/Desktop/Unity/TimeSplit/Assets/Scripts/DungeonCreator/RoomNode.cs" />
        <File uid="18" fullPath="C:/Users/ITWORK/Desktop/Unity/TimeSplit/Assets/Scripts/DungeonCreator/StructureHelper.cs" />
        <File uid="19" fullPath="C:/Users/ITWORK/Desktop/Unity/TimeSplit/Assets/Scripts/Enemies/Bullet.cs" />
        <File uid="20" fullPath="C:/Users/ITWORK/Desktop/Unity/TimeSplit/Assets/Scripts/Enemies/Enemy.cs" />
        <File uid="21" fullPath="C:/Users/ITWORK/Desktop/Unity/TimeSplit/Assets/Scripts/Enemies/EnemyHealth.cs" />
        <File uid="22" fullPath="C:/Users/ITWORK/Desktop/Unity/TimeSplit/Assets/Scripts/Enemies/EnemyPath.cs" />
        <File uid="23" fullPath="C:/Users/ITWORK/Desktop/Unity/TimeSplit/Assets/Scripts/Enemies/EnemyStates/AttackState.cs" />
        <File uid="24" fullPath="C:/Users/ITWORK/Desktop/Unity/TimeSplit/Assets/Scripts/Enemies/EnemyStates/PatrolState.cs" />
        <File uid="25" fullPath="C:/Users/ITWORK/Desktop/Unity/TimeSplit/Assets/Scripts/Enemies/EnemyStates/SearchState.cs" />
        <File uid="26" fullPath="C:/Users/ITWORK/Desktop/Unity/TimeSplit/Assets/Scripts/Enemies/EnemyStates/StationaryState.cs" />
        <File uid="27" fullPath="C:/Users/ITWORK/Desktop/Unity/TimeSplit/Assets/Scripts/Enemies/PatrollingEnemy.cs" />
        <File uid="28" fullPath="C:/Users/ITWORK/Desktop/Unity/TimeSplit/Assets/Scripts/Enemies/StateMachine.cs" />
        <File uid="29" fullPath="C:/Users/ITWORK/Desktop/Unity/TimeSplit/Assets/Scripts/Enemies/StationaryEnemy.cs" />
        <File uid="30" fullPath="C:/Users/ITWORK/Desktop/Unity/TimeSplit/Assets/Scripts/Enviroment/LevelEnder.cs" />
        <File uid="31" fullPath="C:/Users/ITWORK/Desktop/Unity/TimeSplit/Assets/Scripts/Generic/MonoSingleton.cs" />
        <File uid="32" fullPath="C:/Users/ITWORK/Desktop/Unity/TimeSplit/Assets/Scripts/HealthAbstract.cs" />
        <File uid="33" fullPath="C:/Users/ITWORK/Desktop/Unity/TimeSplit/Assets/Scripts/InputManager.cs" />
        <File uid="34" fullPath="C:/Users/ITWORK/Desktop/Unity/TimeSplit/Assets/Scripts/Inputs/InputSystem_Actions.cs" />
        <File uid="35" fullPath="C:/Users/ITWORK/Desktop/Unity/TimeSplit/Assets/Scripts/Interactables/AbstractInteractable.cs" />
        <File uid="36" fullPath="C:/Users/ITWORK/Desktop/Unity/TimeSplit/Assets/Scripts/Interactables/PickupableInteractable.cs" />
        <File uid="37" fullPath="C:/Users/ITWORK/Desktop/Unity/TimeSplit/Assets/Scripts/LevelManager.cs" />
        <File uid="38" fullPath="C:/Users/ITWORK/Desktop/Unity/TimeSplit/Assets/Scripts/Player/PlayerHealth.cs" />
        <File uid="39" fullPath="C:/Users/ITWORK/Desktop/Unity/TimeSplit/Assets/Scripts/Player/PlayerHold.cs" />
        <File uid="40" fullPath="C:/Users/ITWORK/Desktop/Unity/TimeSplit/Assets/Scripts/Player/PlayerInteract.cs" />
        <File uid="41" fullPath="C:/Users/ITWORK/Desktop/Unity/TimeSplit/Assets/Scripts/Player/PlayerLook.cs" />
        <File uid="42" fullPath="C:/Users/ITWORK/Desktop/Unity/TimeSplit/Assets/Scripts/Player/PlayerMovement.cs" />
        <File uid="43" fullPath="C:/Users/ITWORK/Desktop/Unity/TimeSplit/Assets/Scripts/TimeControl/CircularArray.cs" />
        <File uid="44" fullPath="C:/Users/ITWORK/Desktop/Unity/TimeSplit/Assets/Scripts/TimeControl/PressToRewind.cs" />
        <File uid="45" fullPath="C:/Users/ITWORK/Desktop/Unity/TimeSplit/Assets/Scripts/TimeControl/RewindAbstract.cs" />
        <File uid="46" fullPath="C:/Users/ITWORK/Desktop/Unity/TimeSplit/Assets/Scripts/TimeControl/RewindController.cs" />
        <File uid="47" fullPath="C:/Users/ITWORK/Desktop/Unity/TimeSplit/Assets/Scripts/TimeControl/RewindHealth.cs" />
        <File uid="48" fullPath="C:/Users/ITWORK/Desktop/Unity/TimeSplit/Assets/Scripts/TimeControl/RewindPoints.cs" />
        <File uid="49" fullPath="C:/Users/ITWORK/Desktop/Unity/TimeSplit/Assets/Scripts/TimeControl/RewindPosition.cs" />
        <File uid="50" fullPath="C:/Users/ITWORK/Desktop/Unity/TimeSplit/Assets/Scripts/TimeControl/RewindRigidbody.cs" />
        <File uid="51" fullPath="C:/Users/ITWORK/Desktop/Unity/TimeSplit/Assets/Scripts/UI/PointsController.cs" />
        <File uid="52" fullPath="C:/Users/ITWORK/Desktop/Unity/TimeSplit/Assets/Scripts/UI/PostProcessingManager.cs" />
        <File uid="53" fullPath="C:/Users/ITWORK/Desktop/Unity/TimeSplit/Assets/Scripts/UI/TimeClockHandController.cs" />
        <File uid="54" fullPath="C:/Users/ITWORK/Desktop/Unity/TimeSplit/Assets/Scripts/UI/TitleUiManager.cs" />
        <File uid="55" fullPath="C:/Users/ITWORK/Desktop/Unity/TimeSplit/Assets/Scripts/UI/UIManager.cs" />
        <File uid="56" fullPath="C:/Users/ITWORK/Desktop/Unity/TimeSplit/Assets/Scripts/Utils/FuzzyCompare.cs" />
        <File uid="57" fullPath="C:/Users/ITWORK/Desktop/Unity/TimeSplit/Assets/Scripts/Weapons/ShootableObject.cs" />
      </Files>
      <Classes>
        <Class>
          <Summary numSequencePoints="68" visitedSequencePoints="0" numBranchPoints="0" visitedBranchPoints="0" sequenceCoverage="0.0" branchCoverage="0.0" maxCyclomaticComplexity="0" minCyclomaticComplexity="0" maxCrapScore="0" minCrapScore="0" visitedClasses="0" numClasses="1" visitedMethods="0" numMethods="6" />
          <FullName>MonoSingleton[T]</FullName>
          <Methods>
            <Method visited="false" cyclomaticComplexity="0" nPathComplexity="0" sequenceCoverage="0.0" branchCoverage="0" crapScore="0" isConstructor="false" isStatic="true" isGetter="true" isSetter="false">
              <Summary numSequencePoints="15" visitedSequencePoints="0" numBranchPoints="0" visitedBranchPoints="0" sequenceCoverage="0.0" branchCoverage="0" maxCyclomaticComplexity="0" minCyclomaticComplexity="0" maxCrapScore="0" minCrapScore="0" visitedClasses="0" numClasses="0" visitedMethods="0" numMethods="1" />
              <MetadataToken>100663429</MetadataToken>
              <Name>static T MonoSingleton[T]::get_instance()</Name>
              <FileRef uid="31" />
              <SequencePoints>
                <SequencePoint vc="0" uspid="4957" ordinal="0" offset="0" sl="33" sc="0" el="33" ec="0" bec="0" bev="0" fileid="31" />
                <SequencePoint vc="0" uspid="4958" ordinal="0" offset="1" sl="35" sc="0" el="35" ec="0" bec="0" bev="0" fileid="31" />
                <SequencePoint vc="0" uspid="4959" ordinal="0" offset="21" sl="36" sc="0" el="36" ec="0" bec="0" bev="0" fileid="31" />
                <SequencePoint vc="0" uspid="4960" ordinal="0" offset="22" sl="37" sc="0" el="37" ec="0" bec="0" bev="0" fileid="31" />
                <SequencePoint vc="0" uspid="4961" ordinal="0" offset="30" sl="40" sc="0" el="40" ec="0" bec="0" bev="0" fileid="31" />
                <SequencePoint vc="0" uspid="4962" ordinal="0" offset="36" sl="41" sc="0" el="41" ec="0" bec="0" bev="0" fileid="31" />
                <SequencePoint vc="0" uspid="4963" ordinal="0" offset="51" sl="42" sc="0" el="42" ec="0" bec="0" bev="0" fileid="31" />
                <SequencePoint vc="0" uspid="4964" ordinal="0" offset="52" sl="43" sc="0" el="43" ec="0" bec="0" bev="0" fileid="31" />
                <SequencePoint vc="0" uspid="4965" ordinal="0" offset="65" sl="46" sc="0" el="46" ec="0" bec="0" bev="0" fileid="31" />
                <SequencePoint vc="0" uspid="4966" ordinal="0" offset="107" sl="47" sc="0" el="47" ec="0" bec="0" bev="0" fileid="31" />
                <SequencePoint vc="0" uspid="4967" ordinal="0" offset="118" sl="48" sc="0" el="48" ec="0" bec="0" bev="0" fileid="31" />
                <SequencePoint vc="0" uspid="4968" ordinal="0" offset="119" sl="49" sc="0" el="49" ec="0" bec="0" bev="0" fileid="31" />
                <SequencePoint vc="0" uspid="4969" ordinal="0" offset="141" sl="50" sc="0" el="50" ec="0" bec="0" bev="0" fileid="31" />
                <SequencePoint vc="0" uspid="4970" ordinal="0" offset="142" sl="51" sc="0" el="51" ec="0" bec="0" bev="0" fileid="31" />
                <SequencePoint vc="0" uspid="4971" ordinal="0" offset="150" sl="52" sc="0" el="52" ec="0" bec="0" bev="0" fileid="31" />
              </SequencePoints>
              <BranchPoints />
            </Method>
            <Method visited="false" cyclomaticComplexity="0" nPathComplexity="0" sequenceCoverage="0.0" branchCoverage="0" crapScore="0" isConstructor="false" isStatic="false" isGetter="false" isSetter="false">
              <Summary numSequencePoints="12" visitedSequencePoints="0" numBranchPoints="0" visitedBranchPoints="0" sequenceCoverage="0.0" branchCoverage="0" maxCyclomaticComplexity="0" minCyclomaticComplexity="0" maxCrapScore="0" minCrapScore="0" visitedClasses="0" numClasses="0" visitedMethods="0" numMethods="1" />
              <MetadataToken>100663430</MetadataToken>
              <Name>System.Void MonoSingleton[T]::Awake()</Name>
              <FileRef uid="31" />
              <SequencePoints>
                <SequencePoint vc="0" uspid="4972" ordinal="0" offset="0" sl="58" sc="0" el="58" ec="0" bec="0" bev="0" fileid="31" />
                <SequencePoint vc="0" uspid="4973" ordinal="0" offset="1" sl="59" sc="0" el="59" ec="0" bec="0" bev="0" fileid="31" />
                <SequencePoint vc="0" uspid="4974" ordinal="0" offset="66" sl="60" sc="0" el="60" ec="0" bec="0" bev="0" fileid="31" />
                <SequencePoint vc="0" uspid="4975" ordinal="0" offset="67" sl="61" sc="0" el="61" ec="0" bec="0" bev="0" fileid="31" />
                <SequencePoint vc="0" uspid="4976" ordinal="0" offset="78" sl="62" sc="0" el="62" ec="0" bec="0" bev="0" fileid="31" />
                <SequencePoint vc="0" uspid="4977" ordinal="0" offset="81" sl="63" sc="0" el="63" ec="0" bec="0" bev="0" fileid="31" />
                <SequencePoint vc="0" uspid="4978" ordinal="0" offset="101" sl="64" sc="0" el="64" ec="0" bec="0" bev="0" fileid="31" />
                <SequencePoint vc="0" uspid="4979" ordinal="0" offset="102" sl="65" sc="0" el="65" ec="0" bec="0" bev="0" fileid="31" />
                <SequencePoint vc="0" uspid="4980" ordinal="0" offset="124" sl="66" sc="0" el="66" ec="0" bec="0" bev="0" fileid="31" />
                <SequencePoint vc="0" uspid="4981" ordinal="0" offset="131" sl="67" sc="0" el="67" ec="0" bec="0" bev="0" fileid="31" />
                <SequencePoint vc="0" uspid="4982" ordinal="0" offset="133" sl="69" sc="0" el="69" ec="0" bec="0" bev="0" fileid="31" />
                <SequencePoint vc="0" uspid="4983" ordinal="0" offset="149" sl="70" sc="0" el="70" ec="0" bec="0" bev="0" fileid="31" />
              </SequencePoints>
              <BranchPoints />
            </Method>
            <Method visited="false" cyclomaticComplexity="0" nPathComplexity="0" sequenceCoverage="0.0" branchCoverage="0" crapScore="0" isConstructor="false" isStatic="false" isGetter="false" isSetter="false">
              <Summary numSequencePoints="16" visitedSequencePoints="0" numBranchPoints="0" visitedBranchPoints="0" sequenceCoverage="0.0" branchCoverage="0" maxCyclomaticComplexity="0" minCyclomaticComplexity="0" maxCrapScore="0" minCrapScore="0" visitedClasses="0" numClasses="0" visitedMethods="0" numMethods="1" />
              <MetadataToken>100663431</MetadataToken>
              <Name>System.Void MonoSingleton[T]::Init()</Name>
              <FileRef uid="31" />
              <SequencePoints>
                <SequencePoint vc="0" uspid="4984" ordinal="0" offset="0" sl="77" sc="0" el="77" ec="0" bec="0" bev="0" fileid="31" />
                <SequencePoint vc="0" uspid="4985" ordinal="0" offset="1" sl="78" sc="0" el="78" ec="0" bec="0" bev="0" fileid="31" />
                <SequencePoint vc="0" uspid="4986" ordinal="0" offset="11" sl="79" sc="0" el="79" ec="0" bec="0" bev="0" fileid="31" />
                <SequencePoint vc="0" uspid="4987" ordinal="0" offset="12" sl="80" sc="0" el="80" ec="0" bec="0" bev="0" fileid="31" />
                <SequencePoint vc="0" uspid="4988" ordinal="0" offset="14" sl="83" sc="0" el="83" ec="0" bec="0" bev="0" fileid="31" />
                <SequencePoint vc="0" uspid="4989" ordinal="0" offset="24" sl="84" sc="0" el="84" ec="0" bec="0" bev="0" fileid="31" />
                <SequencePoint vc="0" uspid="4990" ordinal="0" offset="25" sl="85" sc="0" el="85" ec="0" bec="0" bev="0" fileid="31" />
                <SequencePoint vc="0" uspid="4991" ordinal="0" offset="37" sl="86" sc="0" el="86" ec="0" bec="0" bev="0" fileid="31" />
                <SequencePoint vc="0" uspid="4992" ordinal="0" offset="38" sl="88" sc="0" el="88" ec="0" bec="0" bev="0" fileid="31" />
                <SequencePoint vc="0" uspid="4993" ordinal="0" offset="48" sl="89" sc="0" el="89" ec="0" bec="0" bev="0" fileid="31" />
                <SequencePoint vc="0" uspid="4994" ordinal="0" offset="49" sl="90" sc="0" el="90" ec="0" bec="0" bev="0" fileid="31" />
                <SequencePoint vc="0" uspid="4995" ordinal="0" offset="62" sl="91" sc="0" el="91" ec="0" bec="0" bev="0" fileid="31" />
                <SequencePoint vc="0" uspid="4996" ordinal="0" offset="63" sl="93" sc="0" el="93" ec="0" bec="0" bev="0" fileid="31" />
                <SequencePoint vc="0" uspid="4997" ordinal="0" offset="81" sl="95" sc="0" el="95" ec="0" bec="0" bev="0" fileid="31" />
                <SequencePoint vc="0" uspid="4998" ordinal="0" offset="88" sl="96" sc="0" el="96" ec="0" bec="0" bev="0" fileid="31" />
                <SequencePoint vc="0" uspid="4999" ordinal="0" offset="95" sl="97" sc="0" el="97" ec="0" bec="0" bev="0" fileid="31" />
              </SequencePoints>
              <BranchPoints />
            </Method>
            <Method visited="false" cyclomaticComplexity="0" nPathComplexity="0" sequenceCoverage="0.0" branchCoverage="0" crapScore="0" isConstructor="false" isStatic="false" isGetter="false" isSetter="false">
              <Summary numSequencePoints="12" visitedSequencePoints="0" numBranchPoints="0" visitedBranchPoints="0" sequenceCoverage="0.0" branchCoverage="0" maxCyclomaticComplexity="0" minCyclomaticComplexity="0" maxCrapScore="0" minCrapScore="0" visitedClasses="0" numClasses="0" visitedMethods="0" numMethods="1" />
              <MetadataToken>100663432</MetadataToken>
              <Name>System.Void MonoSingleton[T]::SceneManagerOnActiveSceneChanged(UnityEngine.SceneManagement.Scene, UnityEngine.SceneManagement.Scene)</Name>
              <FileRef uid="31" />
              <SequencePoints>
                <SequencePoint vc="0" uspid="5000" ordinal="0" offset="0" sl="100" sc="0" el="100" ec="0" bec="0" bev="0" fileid="31" />
                <SequencePoint vc="0" uspid="5001" ordinal="0" offset="1" sl="102" sc="0" el="102" ec="0" bec="0" bev="0" fileid="31" />
                <SequencePoint vc="0" uspid="5002" ordinal="0" offset="37" sl="103" sc="0" el="103" ec="0" bec="0" bev="0" fileid="31" />
                <SequencePoint vc="0" uspid="5003" ordinal="0" offset="38" sl="104" sc="0" el="104" ec="0" bec="0" bev="0" fileid="31" />
                <SequencePoint vc="0" uspid="5004" ordinal="0" offset="56" sl="105" sc="0" el="105" ec="0" bec="0" bev="0" fileid="31" />
                <SequencePoint vc="0" uspid="5005" ordinal="0" offset="67" sl="106" sc="0" el="106" ec="0" bec="0" bev="0" fileid="31" />
                <SequencePoint vc="0" uspid="5006" ordinal="0" offset="69" sl="109" sc="0" el="109" ec="0" bec="0" bev="0" fileid="31" />
                <SequencePoint vc="0" uspid="5007" ordinal="0" offset="79" sl="110" sc="0" el="110" ec="0" bec="0" bev="0" fileid="31" />
                <SequencePoint vc="0" uspid="5008" ordinal="0" offset="80" sl="111" sc="0" el="111" ec="0" bec="0" bev="0" fileid="31" />
                <SequencePoint vc="0" uspid="5009" ordinal="0" offset="82" sl="114" sc="0" el="114" ec="0" bec="0" bev="0" fileid="31" />
                <SequencePoint vc="0" uspid="5010" ordinal="0" offset="100" sl="115" sc="0" el="115" ec="0" bec="0" bev="0" fileid="31" />
                <SequencePoint vc="0" uspid="5011" ordinal="0" offset="111" sl="116" sc="0" el="116" ec="0" bec="0" bev="0" fileid="31" />
              </SequencePoints>
              <BranchPoints />
            </Method>
            <Method visited="false" cyclomaticComplexity="0" nPathComplexity="0" sequenceCoverage="0.0" branchCoverage="0" crapScore="0" isConstructor="false" isStatic="false" isGetter="false" isSetter="false">
              <Summary numSequencePoints="3" visitedSequencePoints="0" numBranchPoints="0" visitedBranchPoints="0" sequenceCoverage="0.0" branchCoverage="0" maxCyclomaticComplexity="0" minCyclomaticComplexity="0" maxCrapScore="0" minCrapScore="0" visitedClasses="0" numClasses="0" visitedMethods="0" numMethods="1" />
              <MetadataToken>100663434</MetadataToken>
              <Name>System.Void MonoSingleton[T]::OnApplicationQuit()</Name>
              <FileRef uid="31" />
              <SequencePoints>
                <SequencePoint vc="0" uspid="5012" ordinal="0" offset="0" sl="122" sc="0" el="122" ec="0" bec="0" bev="0" fileid="31" />
                <SequencePoint vc="0" uspid="5013" ordinal="0" offset="1" sl="123" sc="0" el="123" ec="0" bec="0" bev="0" fileid="31" />
                <SequencePoint vc="0" uspid="5014" ordinal="0" offset="12" sl="124" sc="0" el="124" ec="0" bec="0" bev="0" fileid="31" />
              </SequencePoints>
              <BranchPoints />
            </Method>
            <Method visited="false" cyclomaticComplexity="0" nPathComplexity="0" sequenceCoverage="0.0" branchCoverage="0" crapScore="0" isConstructor="false" isStatic="false" isGetter="false" isSetter="false">
              <Summary numSequencePoints="10" visitedSequencePoints="0" numBranchPoints="0" visitedBranchPoints="0" sequenceCoverage="0.0" branchCoverage="0" maxCyclomaticComplexity="0" minCyclomaticComplexity="0" maxCrapScore="0" minCrapScore="0" visitedClasses="0" numClasses="0" visitedMethods="0" numMethods="1" />
              <MetadataToken>100663435</MetadataToken>
              <Name>System.Void MonoSingleton[T]::OnDestroy()</Name>
              <FileRef uid="31" />
              <SequencePoints>
                <SequencePoint vc="0" uspid="5015" ordinal="0" offset="0" sl="127" sc="0" el="127" ec="0" bec="0" bev="0" fileid="31" />
                <SequencePoint vc="0" uspid="5016" ordinal="0" offset="1" sl="129" sc="0" el="129" ec="0" bec="0" bev="0" fileid="31" />
                <SequencePoint vc="0" uspid="5017" ordinal="0" offset="19" sl="131" sc="0" el="131" ec="0" bec="0" bev="0" fileid="31" />
                <SequencePoint vc="0" uspid="5018" ordinal="0" offset="26" sl="132" sc="0" el="132" ec="0" bec="0" bev="0" fileid="31" />
                <SequencePoint vc="0" uspid="5019" ordinal="0" offset="33" sl="133" sc="0" el="133" ec="0" bec="0" bev="0" fileid="31" />
                <SequencePoint vc="0" uspid="5020" ordinal="0" offset="53" sl="134" sc="0" el="134" ec="0" bec="0" bev="0" fileid="31" />
                <SequencePoint vc="0" uspid="5021" ordinal="0" offset="54" sl="135" sc="0" el="135" ec="0" bec="0" bev="0" fileid="31" />
                <SequencePoint vc="0" uspid="5022" ordinal="0" offset="56" sl="137" sc="0" el="137" ec="0" bec="0" bev="0" fileid="31" />
                <SequencePoint vc="0" uspid="5023" ordinal="0" offset="67" sl="138" sc="0" el="138" ec="0" bec="0" bev="0" fileid="31" />
                <SequencePoint vc="0" uspid="5024" ordinal="0" offset="74" sl="139" sc="0" el="139" ec="0" bec="0" bev="0" fileid="31" />
              </SequencePoints>
              <BranchPoints />
            </Method>
          </Methods>
        </Class>
        <Class>
          <Summary numSequencePoints="47" visitedSequencePoints="41" numBranchPoints="0" visitedBranchPoints="0" sequenceCoverage="87.23" branchCoverage="0.0" maxCyclomaticComplexity="0" minCyclomaticComplexity="0" maxCrapScore="0" minCrapScore="0" visitedClasses="1" numClasses="1" visitedMethods="7" numMethods="7" />
          <FullName>CircularArray[T]</FullName>
          <Methods>
            <Method visited="true" cyclomaticComplexity="0" nPathComplexity="0" sequenceCoverage="100.0" branchCoverage="0" crapScore="0" isConstructor="false" isStatic="false" isGetter="false" isSetter="false">
              <Summary numSequencePoints="11" visitedSequencePoints="11" numBranchPoints="0" visitedBranchPoints="0" sequenceCoverage="100.0" branchCoverage="0" maxCyclomaticComplexity="0" minCyclomaticComplexity="0" maxCrapScore="0" minCrapScore="0" visitedClasses="0" numClasses="0" visitedMethods="1" numMethods="1" />
              <MetadataToken>100663534</MetadataToken>
              <Name>System.Void CircularArray[T]::Write(T)</Name>
              <FileRef uid="43" />
              <SequencePoints>
                <SequencePoint vc="204" uspid="5512" ordinal="0" offset="0" sl="23" sc="0" el="23" ec="0" bec="0" bev="0" fileid="43" />
                <SequencePoint vc="204" uspid="5513" ordinal="0" offset="1" sl="24" sc="0" el="24" ec="0" bec="0" bev="0" fileid="43" />
                <SequencePoint vc="204" uspid="5514" ordinal="0" offset="15" sl="25" sc="0" el="25" ec="0" bec="0" bev="0" fileid="43" />
                <SequencePoint vc="1" uspid="5515" ordinal="0" offset="36" sl="26" sc="0" el="26" ec="0" bec="0" bev="0" fileid="43" />
                <SequencePoint vc="1" uspid="5516" ordinal="0" offset="37" sl="27" sc="0" el="27" ec="0" bec="0" bev="0" fileid="43" />
                <SequencePoint vc="1" uspid="5517" ordinal="0" offset="44" sl="28" sc="0" el="28" ec="0" bec="0" bev="0" fileid="43" />
                <SequencePoint vc="1" uspid="5518" ordinal="0" offset="62" sl="29" sc="0" el="29" ec="0" bec="0" bev="0" fileid="43" />
                <SequencePoint vc="203" uspid="5519" ordinal="0" offset="65" sl="31" sc="0" el="31" ec="0" bec="0" bev="0" fileid="43" />
                <SequencePoint vc="203" uspid="5520" ordinal="0" offset="66" sl="32" sc="0" el="32" ec="0" bec="0" bev="0" fileid="43" />
                <SequencePoint vc="203" uspid="5521" ordinal="0" offset="84" sl="33" sc="0" el="33" ec="0" bec="0" bev="0" fileid="43" />
                <SequencePoint vc="204" uspid="5522" ordinal="0" offset="85" sl="34" sc="0" el="34" ec="0" bec="0" bev="0" fileid="43" />
              </SequencePoints>
              <BranchPoints />
            </Method>
            <Method visited="true" cyclomaticComplexity="0" nPathComplexity="0" sequenceCoverage="100.0" branchCoverage="0" crapScore="0" isConstructor="false" isStatic="false" isGetter="false" isSetter="false">
              <Summary numSequencePoints="3" visitedSequencePoints="3" numBranchPoints="0" visitedBranchPoints="0" sequenceCoverage="100.0" branchCoverage="0" maxCyclomaticComplexity="0" minCyclomaticComplexity="0" maxCrapScore="0" minCrapScore="0" visitedClasses="0" numClasses="0" visitedMethods="1" numMethods="1" />
              <MetadataToken>100663535</MetadataToken>
              <Name>T CircularArray[T]::GetLastValue()</Name>
              <FileRef uid="43" />
              <SequencePoints>
                <SequencePoint vc="3" uspid="5523" ordinal="0" offset="0" sl="37" sc="0" el="37" ec="0" bec="0" bev="0" fileid="43" />
                <SequencePoint vc="3" uspid="5524" ordinal="0" offset="1" sl="38" sc="0" el="38" ec="0" bec="0" bev="0" fileid="43" />
                <SequencePoint vc="3" uspid="5525" ordinal="0" offset="21" sl="39" sc="0" el="39" ec="0" bec="0" bev="0" fileid="43" />
              </SequencePoints>
              <BranchPoints />
            </Method>
            <Method visited="true" cyclomaticComplexity="0" nPathComplexity="0" sequenceCoverage="66.67" branchCoverage="0" crapScore="0" isConstructor="false" isStatic="false" isGetter="false" isSetter="false">
              <Summary numSequencePoints="9" visitedSequencePoints="6" numBranchPoints="0" visitedBranchPoints="0" sequenceCoverage="66.67" branchCoverage="0" maxCyclomaticComplexity="0" minCyclomaticComplexity="0" maxCrapScore="0" minCrapScore="0" visitedClasses="0" numClasses="0" visitedMethods="1" numMethods="1" />
              <MetadataToken>100663536</MetadataToken>
              <Name>T CircularArray[T]::GetValue(System.Single)</Name>
              <FileRef uid="43" />
[...]
              <MetadataToken>100663559</MetadataToken>
              <Name>System.Void RewindAbstract::RestoreTransform(System.Single)</Name>
              <FileRef uid="45" />
              <SequencePoints>
                <SequencePoint vc="1" uspid="5649" ordinal="0" offset="0" sl="63" sc="5" el="63" ec="5" bec="0" bev="0" fileid="45" />
                <SequencePoint vc="1" uspid="5650" ordinal="0" offset="1" sl="64" sc="9" el="64" ec="9" bec="0" bev="0" fileid="45" />
                <SequencePoint vc="1" uspid="5651" ordinal="0" offset="14" sl="65" sc="9" el="65" ec="9" bec="0" bev="0" fileid="45" />
                <SequencePoint vc="1" uspid="5652" ordinal="0" offset="38" sl="66" sc="9" el="66" ec="9" bec="0" bev="0" fileid="45" />
                <SequencePoint vc="1" uspid="5653" ordinal="0" offset="56" sl="67" sc="5" el="67" ec="5" bec="0" bev="0" fileid="45" />
              </SequencePoints>
              <BranchPoints />
            </Method>
            <Method visited="true" cyclomaticComplexity="0" nPathComplexity="0" sequenceCoverage="100.0" branchCoverage="0" crapScore="0" isConstructor="false" isStatic="false" isGetter="false" isSetter="false">
              <Summary numSequencePoints="8" visitedSequencePoints="8" numBranchPoints="0" visitedBranchPoints="0" sequenceCoverage="100.0" branchCoverage="0" maxCyclomaticComplexity="0" minCyclomaticComplexity="0" maxCrapScore="0" minCrapScore="0" visitedClasses="0" numClasses="0" visitedMethods="1" numMethods="1" />
              <MetadataToken>100663560</MetadataToken>
              <Name>System.Void RewindAbstract::TrackVelocity()</Name>
              <FileRef uid="45" />
              <SequencePoints>
                <SequencePoint vc="1" uspid="5654" ordinal="0" offset="0" sl="77" sc="5" el="77" ec="5" bec="0" bev="0" fileid="45" />
                <SequencePoint vc="1" uspid="5655" ordinal="0" offset="1" sl="78" sc="9" el="78" ec="9" bec="0" bev="0" fileid="45" />
                <SequencePoint vc="1" uspid="5656" ordinal="0" offset="17" sl="79" sc="9" el="79" ec="9" bec="0" bev="0" fileid="45" />
                <SequencePoint vc="1" uspid="5657" ordinal="0" offset="18" sl="81" sc="13" el="81" ec="13" bec="0" bev="0" fileid="45" />
                <SequencePoint vc="1" uspid="5658" ordinal="0" offset="36" sl="82" sc="13" el="82" ec="13" bec="0" bev="0" fileid="45" />
                <SequencePoint vc="1" uspid="5659" ordinal="0" offset="54" sl="83" sc="13" el="83" ec="13" bec="0" bev="0" fileid="45" />
                <SequencePoint vc="1" uspid="5660" ordinal="0" offset="67" sl="84" sc="9" el="84" ec="9" bec="0" bev="0" fileid="45" />
                <SequencePoint vc="1" uspid="5661" ordinal="0" offset="68" sl="85" sc="5" el="85" ec="5" bec="0" bev="0" fileid="45" />
              </SequencePoints>
              <BranchPoints />
            </Method>
            <Method visited="true" cyclomaticComplexity="0" nPathComplexity="0" sequenceCoverage="100.0" branchCoverage="0" crapScore="0" isConstructor="false" isStatic="false" isGetter="false" isSetter="false">
              <Summary numSequencePoints="5" visitedSequencePoints="5" numBranchPoints="0" visitedBranchPoints="0" sequenceCoverage="100.0" branchCoverage="0" maxCyclomaticComplexity="0" minCyclomaticComplexity="0" maxCrapScore="0" minCrapScore="0" visitedClasses="0" numClasses="0" visitedMethods="1" numMethods="1" />
              <MetadataToken>100663561</MetadataToken>
              <Name>System.Void RewindAbstract::RestoreVelocity(System.Single)</Name>
              <FileRef uid="45" />
              <SequencePoints>
                <SequencePoint vc="1" uspid="5662" ordinal="0" offset="0" sl="87" sc="5" el="87" ec="5" bec="0" bev="0" fileid="45" />
                <SequencePoint vc="1" uspid="5663" ordinal="0" offset="1" sl="88" sc="9" el="88" ec="9" bec="0" bev="0" fileid="45" />
                <SequencePoint vc="1" uspid="5664" ordinal="0" offset="14" sl="89" sc="9" el="89" ec="9" bec="0" bev="0" fileid="45" />
                <SequencePoint vc="1" uspid="5665" ordinal="0" offset="32" sl="90" sc="9" el="90" ec="9" bec="0" bev="0" fileid="45" />
                <SequencePoint vc="1" uspid="5666" ordinal="0" offset="50" sl="91" sc="5" el="91" ec="5" bec="0" bev="0" fileid="45" />
              </SequencePoints>
              <BranchPoints />
            </Method>
            <Method visited="true" cyclomaticComplexity="0" nPathComplexity="0" sequenceCoverage="100.0" branchCoverage="0" crapScore="0" isConstructor="true" isStatic="false" isGetter="false" isSetter="false">
              <Summary numSequencePoints="3" visitedSequencePoints="3" numBranchPoints="0" visitedBranchPoints="0" sequenceCoverage="100.0" branchCoverage="0" maxCyclomaticComplexity="0" minCyclomaticComplexity="0" maxCrapScore="0" minCrapScore="0" visitedClasses="0" numClasses="0" visitedMethods="1" numMethods="1" />
              <MetadataToken>100663568</MetadataToken>
              <Name>RewindAbstract::RewindAbstract()</Name>
              <FileRef uid="45" />
              <SequencePoints>
                <SequencePoint vc="4" uspid="5694" ordinal="0" offset="0" sl="5" sc="44" el="5" ec="44" bec="0" bev="0" fileid="45" />
                <SequencePoint vc="4" uspid="5695" ordinal="0" offset="7" sl="30" sc="55" el="30" ec="55" bec="0" bev="0" fileid="45" />
                <SequencePoint vc="4" uspid="5696" ordinal="0" offset="14" sl="98" sc="5" el="98" ec="5" bec="0" bev="0" fileid="45" />
              </SequencePoints>
              <BranchPoints />
            </Method>
          </Methods>
        </Class>
        <Class>
          <Summary numSequencePoints="3" visitedSequencePoints="3" numBranchPoints="0" visitedBranchPoints="0" sequenceCoverage="100.0" branchCoverage="0.0" maxCyclomaticComplexity="0" minCyclomaticComplexity="0" maxCrapScore="0" minCrapScore="0" visitedClasses="1" numClasses="1" visitedMethods="1" numMethods="1" />
          <FullName>RewindController</FullName>
          <Methods>
            <Method visited="true" cyclomaticComplexity="0" nPathComplexity="0" sequenceCoverage="100.0" branchCoverage="0" crapScore="0" isConstructor="true" isStatic="false" isGetter="false" isSetter="false">
              <Summary numSequencePoints="3" visitedSequencePoints="3" numBranchPoints="0" visitedBranchPoints="0" sequenceCoverage="100.0" branchCoverage="0" maxCyclomaticComplexity="0" minCyclomaticComplexity="0" maxCrapScore="0" minCrapScore="0" visitedClasses="0" numClasses="0" visitedMethods="1" numMethods="1" />
              <MetadataToken>100663581</MetadataToken>
              <Name>RewindController::RewindController()</Name>
              <FileRef uid="46" />
              <SequencePoints>
                <SequencePoint vc="2" uspid="5752" ordinal="0" offset="0" sl="15" sc="57" el="15" ec="57" bec="0" bev="0" fileid="46" />
                <SequencePoint vc="2" uspid="5753" ordinal="0" offset="7" sl="16" sc="49" el="16" ec="49" bec="0" bev="0" fileid="46" />
                <SequencePoint vc="2" uspid="5754" ordinal="0" offset="14" sl="19" sc="5" el="19" ec="5" bec="0" bev="0" fileid="46" />
              </SequencePoints>
              <BranchPoints />
            </Method>
          </Methods>
        </Class>
        <Class>
          <Summary numSequencePoints="7" visitedSequencePoints="7" numBranchPoints="0" visitedBranchPoints="0" sequenceCoverage="100.0" branchCoverage="0.0" maxCyclomaticComplexity="0" minCyclomaticComplexity="0" maxCrapScore="0" minCrapScore="0" visitedClasses="1" numClasses="1" visitedMethods="7" numMethods="7" />
          <FullName>FuzzyCompare</FullName>
          <Methods>
            <Method visited="true" cyclomaticComplexity="0" nPathComplexity="0" sequenceCoverage="100.0" branchCoverage="0" crapScore="0" isConstructor="false" isStatic="true" isGetter="false" isSetter="false">
              <Summary numSequencePoints="1" visitedSequencePoints="1" numBranchPoints="0" visitedBranchPoints="0" sequenceCoverage="100.0" branchCoverage="0" maxCyclomaticComplexity="0" minCyclomaticComplexity="0" maxCrapScore="0" minCrapScore="0" visitedClasses="0" numClasses="0" visitedMethods="1" numMethods="1" />
              <MetadataToken>100663654</MetadataToken>
              <Name>static System.Boolean FuzzyCompare::FuzzyEquals0(System.Single, System.Double)</Name>
              <FileRef uid="56" />
              <SequencePoints>
                <SequencePoint vc="14" uspid="6080" ordinal="0" offset="0" sl="8" sc="80" el="8" ec="80" bec="0" bev="0" fileid="56" />
              </SequencePoints>
              <BranchPoints />
            </Method>
            <Method visited="true" cyclomaticComplexity="0" nPathComplexity="0" sequenceCoverage="100.0" branchCoverage="0" crapScore="0" isConstructor="false" isStatic="true" isGetter="false" isSetter="false">
              <Summary numSequencePoints="1" visitedSequencePoints="1" numBranchPoints="0" visitedBranchPoints="0" sequenceCoverage="100.0" branchCoverage="0" maxCyclomaticComplexity="0" minCyclomaticComplexity="0" maxCrapScore="0" minCrapScore="0" visitedClasses="0" numClasses="0" visitedMethods="1" numMethods="1" />
              <MetadataToken>100663655</MetadataToken>
              <Name>static System.Boolean FuzzyCompare::FuzzyEquals(System.Single, System.Single, System.Double)</Name>
              <FileRef uid="56" />
              <SequencePoints>
                <SequencePoint vc="17" uspid="6081" ordinal="0" offset="0" sl="9" sc="88" el="9" ec="88" bec="0" bev="0" fileid="56" />
              </SequencePoints>
              <BranchPoints />
            </Method>
            <Method visited="true" cyclomaticComplexity="0" nPathComplexity="0" sequenceCoverage="100.0" branchCoverage="0" crapScore="0" isConstructor="false" isStatic="true" isGetter="false" isSetter="false">
              <Summary numSequencePoints="1" visitedSequencePoints="1" numBranchPoints="0" visitedBranchPoints="0" sequenceCoverage="100.0" branchCoverage="0" maxCyclomaticComplexity="0" minCyclomaticComplexity="0" maxCrapScore="0" minCrapScore="0" visitedClasses="0" numClasses="0" visitedMethods="1" numMethods="1" />
              <MetadataToken>100663656</MetadataToken>
              <Name>static System.Boolean FuzzyCompare::FuzzyEquals(UnityEngine.Vector2, UnityEngine.Vector2, System.Double)</Name>
              <FileRef uid="56" />
              <SequencePoints>
                <SequencePoint vc="3" uspid="6082" ordinal="0" offset="0" sl="10" sc="96" el="10" ec="96" bec="0" bev="0" fileid="56" />
              </SequencePoints>
              <BranchPoints />
            </Method>
            <Method visited="true" cyclomaticComplexity="0" nPathComplexity="0" sequenceCoverage="100.0" branchCoverage="0" crapScore="0" isConstructor="false" isStatic="true" isGetter="false" isSetter="false">
              <Summary numSequencePoints="1" visitedSequencePoints="1" numBranchPoints="0" visitedBranchPoints="0" sequenceCoverage="100.0" branchCoverage="0" maxCyclomaticComplexity="0" minCyclomaticComplexity="0" maxCrapScore="0" minCrapScore="0" visitedClasses="0" numClasses="0" visitedMethods="1" numMethods="1" />
              <MetadataToken>100663657</MetadataToken>
              <Name>static System.Boolean FuzzyCompare::FuzzyEquals0(UnityEngine.Vector2, System.Double)</Name>
              <FileRef uid="56" />
              <SequencePoints>
                <SequencePoint vc="1" uspid="6083" ordinal="0" offset="0" sl="11" sc="86" el="11" ec="86" bec="0" bev="0" fileid="56" />
              </SequencePoints>
              <BranchPoints />
            </Method>
            <Method visited="true" cyclomaticComplexity="0" nPathComplexity="0" sequenceCoverage="100.0" branchCoverage="0" crapScore="0" isConstructor="false" isStatic="true" isGetter="false" isSetter="false">
              <Summary numSequencePoints="1" visitedSequencePoints="1" numBranchPoints="0" visitedBranchPoints="0" sequenceCoverage="100.0" branchCoverage="0" maxCyclomaticComplexity="0" minCyclomaticComplexity="0" maxCrapScore="0" minCrapScore="0" visitedClasses="0" numClasses="0" visitedMethods="1" numMethods="1" />
              <MetadataToken>100663658</MetadataToken>
              <Name>static System.Boolean FuzzyCompare::FuzzyEquals(UnityEngine.Vector3, UnityEngine.Vector3, System.Double)</Name>
              <FileRef uid="56" />
              <SequencePoints>
                <SequencePoint vc="4" uspid="6084" ordinal="0" offset="0" sl="12" sc="96" el="12" ec="96" bec="0" bev="0" fileid="56" />
              </SequencePoints>
              <BranchPoints />
            </Method>
            <Method visited="true" cyclomaticComplexity="0" nPathComplexity="0" sequenceCoverage="100.0" branchCoverage="0" crapScore="0" isConstructor="false" isStatic="true" isGetter="false" isSetter="false">
              <Summary numSequencePoints="1" visitedSequencePoints="1" numBranchPoints="0" visitedBranchPoints="0" sequenceCoverage="100.0" branchCoverage="0" maxCyclomaticComplexity="0" minCyclomaticComplexity="0" maxCrapScore="0" minCrapScore="0" visitedClasses="0" numClasses="0" visitedMethods="1" numMethods="1" />
              <MetadataToken>100663659</MetadataToken>
              <Name>static System.Boolean FuzzyCompare::FuzzyEquals0(UnityEngine.Vector3, System.Double)</Name>
              <FileRef uid="56" />
              <SequencePoints>
                <SequencePoint vc="1" uspid="6085" ordinal="0" offset="0" sl="13" sc="86" el="13" ec="86" bec="0" bev="0" fileid="56" />
              </SequencePoints>
              <BranchPoints />
            </Method>
            <Method visited="true" cyclomaticComplexity="0" nPathComplexity="0" sequenceCoverage="100.0" branchCoverage="0" crapScore="0" isConstructor="false" isStatic="true" isGetter="false" isSetter="false">
              <Summary numSequencePoints="1" visitedSequencePoints="1" numBranchPoints="0" visitedBranchPoints="0" sequenceCoverage="100.0" branchCoverage="0" maxCyclomaticComplexity="0" minCyclomaticComplexity="0" maxCrapScore="0" minCrapScore="0" visitedClasses="0" numClasses="0" visitedMethods="1" numMethods="1" />
              <MetadataToken>100663660</MetadataToken>
              <Name>static System.Boolean FuzzyCompare::IsValidViewingVector(UnityEngine.Vector3)</Name>
              <FileRef uid="56" />
              <SequencePoints>
                <SequencePoint vc="2" uspid="6086" ordinal="0" offset="0" sl="14" sc="64" el="14" ec="64" bec="0" bev="0" fileid="56" />
              </SequencePoints>
              <BranchPoints />
            </Method>
          </Methods>
        </Class>
        <Class>
          <Summary numSequencePoints="1" visitedSequencePoints="0" numBranchPoints="0" visitedBranchPoints="0" sequenceCoverage="0.0" branchCoverage="0.0" maxCyclomaticComplexity="0" minCyclomaticComplexity="0" maxCrapScore="0" minCrapScore="0" visitedClasses="0" numClasses="1" visitedMethods="0" numMethods="1" />
          <FullName>MonoSingleton[T]/&lt;&gt;c</FullName>
          <Methods>
            <Method visited="false" cyclomaticComplexity="0" nPathComplexity="0" sequenceCoverage="0.0" branchCoverage="0" crapScore="0" isConstructor="false" isStatic="false" isGetter="false" isSetter="false">
              <Summary numSequencePoints="1" visitedSequencePoints="0" numBranchPoints="0" visitedBranchPoints="0" sequenceCoverage="0.0" branchCoverage="0" maxCyclomaticComplexity="0" minCyclomaticComplexity="0" maxCrapScore="0" minCrapScore="0" visitedClasses="0" numClasses="0" visitedMethods="0" numMethods="1" />
              <MetadataToken>100663709</MetadataToken>
              <Name>System.Boolean MonoSingleton[T]/&lt;&gt;c::&lt;get_instance&gt;b__5_0(T)</Name>
              <FileRef uid="31" />
              <SequencePoints>
                <SequencePoint vc="0" uspid="6139" ordinal="0" offset="0" sl="46" sc="0" el="46" ec="0" bec="0" bev="0" fileid="31" />
              </SequencePoints>
              <BranchPoints />
            </Method>
          </Methods>
        </Class>
      </Classes>
    </Module>
    <Module>
      <Summary numSequencePoints="4" visitedSequencePoints="0" numBranchPoints="0" visitedBranchPoints="0" sequenceCoverage="0.0" branchCoverage="0.0" maxCyclomaticComplexity="0" minCyclomaticComplexity="0" maxCrapScore="0" minCrapScore="0" visitedClasses="0" numClasses="1" visitedMethods="0" numMethods="1" />
      <ModuleTime>0001-01-01T00:00:00</ModuleTime>
      <ModuleName>PlayModeTests</ModuleName>
      <Files>
        <File uid="58" fullPath="C:/Users/ITWORK/Desktop/Unity/TimeSplit/Assets/PlayModeTests/EnemyTests.cs" />
        <File uid="59" fullPath="C:/Users/ITWORK/Desktop/Unity/TimeSplit/Assets/PlayModeTests/Performance/RewindPositionPerformanceTest.cs" />
        <File uid="60" fullPath="C:/Users/ITWORK/Desktop/Unity/TimeSplit/Assets/PlayModeTests/PickupableInteractableTests.cs" />
        <File uid="61" fullPath="C:/Users/ITWORK/Desktop/Unity/TimeSplit/Assets/PlayModeTests/PlayerHoldTests.cs" />
        <File uid="62" fullPath="C:/Users/ITWORK/Desktop/Unity/TimeSplit/Assets/PlayModeTests/PlayerInteractTests.cs" />
        <File uid="63" fullPath="C:/Users/ITWORK/Desktop/Unity/TimeSplit/Assets/PlayModeTests/PlayerLookTests.cs" />
        <File uid="64" fullPath="C:/Users/ITWORK/Desktop/Unity/TimeSplit/Assets/PlayModeTests/PlayerMovementTests.cs" />
        <File uid="65" fullPath="C:/Users/ITWORK/Desktop/Unity/TimeSplit/Assets/PlayModeTests/PointsControllerTests.cs" />
        <File uid="66" fullPath="C:/Users/ITWORK/Desktop/Unity/TimeSplit/Assets/PlayModeTests/RewindAbstractTests.cs" />
        <File uid="67" fullPath="C:/Users/ITWORK/Desktop/Unity/TimeSplit/Assets/PlayModeTests/RewindControllerTests.cs" />
        <File uid="68" fullPath="C:/Users/ITWORK/Desktop/Unity/TimeSplit/Assets/PlayModeTests/StateMachineTests.cs" />
      </Files>
      <Classes>
        <Class>
          <Summary numSequencePoints="4" visitedSequencePoints="0" numBranchPoints="0" visitedBranchPoints="0" sequenceCoverage="0.0" branchCoverage="0.0" maxCyclomaticComplexity="0" minCyclomaticComplexity="0" maxCrapScore="0" minCrapScore="0" visitedClasses="0" numClasses="1" visitedMethods="0" numMethods="1" />
          <FullName>PlayerHoldTests</FullName>
          <Methods>
            <Method visited="false" cyclomaticComplexity="0" nPathComplexity="0" sequenceCoverage="0.0" branchCoverage="0" crapScore="0" isConstructor="false" isStatic="false" isGetter="false" isSetter="false">
              <Summary numSequencePoints="4" visitedSequencePoints="0" numBranchPoints="0" visitedBranchPoints="0" sequenceCoverage="0.0" branchCoverage="0" maxCyclomaticComplexity="0" minCyclomaticComplexity="0" maxCrapScore="0" minCrapScore="0" visitedClasses="0" numClasses="0" visitedMethods="0" numMethods="1" />
              <MetadataToken>100663331</MetadataToken>
              <Name>T PlayerHoldTests::GetPrivateField[T](System.Object, System.String)</Name>
              <FileRef uid="61" />
              <SequencePoints>
                <SequencePoint vc="0" uspid="6581" ordinal="0" offset="0" sl="101" sc="0" el="101" ec="0" bec="0" bev="0" fileid="61" />
                <SequencePoint vc="0" uspid="6582" ordinal="0" offset="1" sl="102" sc="0" el="102" ec="0" bec="0" bev="0" fileid="61" />
                <SequencePoint vc="0" uspid="6583" ordinal="0" offset="16" sl="103" sc="0" el="103" ec="0" bec="0" bev="0" fileid="61" />
                <SequencePoint vc="0" uspid="6584" ordinal="0" offset="31" sl="104" sc="0" el="104" ec="0" bec="0" bev="0" fileid="61" />
              </SequencePoints>
              <BranchPoints />
            </Method>
          </Methods>
        </Class>
      </Classes>
    </Module>
  </Modules>
</CoverageSession>