<?xml version="1.0" encoding="utf-8"?>
<CoverageSession xmlns:xsd="http://www.w3.org/2001/XMLSchema" xmlns:xsi="http://www.w3.org/2001/XMLSchema-instance" Version="0.0.0.0">
  <Summary numSequencePoints="120" visitedSequencePoints="0" numBranchPoints="0" visitedBranchPoints="0" sequenceCoverage="0.0" branchCoverage="0.0" maxCyclomaticComplexity="0" minCyclomaticComplexity="0" maxCrapScore="0" minCrapScore="0" visitedClasses="0" numClasses="4" visitedMethods="0" numMethods="15" />
  <Modules>
    <Module>
      <Summary numSequencePoints="116" visitedSequencePoints="0" numBranchPoints="0" visitedBranchPoints="0" sequenceCoverage="0.0" branchCoverage="0.0" maxCyclomaticComplexity="0" minCyclomaticComplexity="0" maxCrapScore="0" minCrapScore="0" visitedClasses="0" numClasses="3" visitedMethods="0" numMethods="14" />
      <ModuleTime>0001-01-01T00:00:00</ModuleTime>
      <ModuleName>GameLogic</ModuleName>
      <Files>
        <File uid="9" fullPath="C:/Users/ITWORK/Desktop/Unity/TimeSplit/Assets/Scripts/DungeonCreator/AbstractNode.cs" />
        <File uid="10" fullPath="C:/Users/ITWORK/Desktop/Unity/TimeSplit/Assets/Scripts/DungeonCreator/BinarySpacePartitioner.cs" />
        <File uid="11" fullPath="C:/Users/ITWORK/Desktop/Unity/TimeSplit/Assets/Scripts/DungeonCreator/CorridorNode.cs" />
        <File uid="12" fullPath="C:/Users/ITWORK/Desktop/Unity/TimeSplit/Assets/Scripts/DungeonCreator/CorridorsGenerator.cs" />
        <File uid="13" fullPath="C:/Users/ITWORK/Desktop/Unity/TimeSplit/Assets/Scripts/DungeonCreator/DungeonGenerator.cs" />
        <File uid="14" fullPath="C:/Users/ITWORK/Desktop/Unity/TimeSplit/Assets/Scripts/DungeonCreator/DungeonMaker.cs" />
        <File uid="15" fullPath="C:/Users/ITWORK/Desktop/Unity/TimeSplit/Assets/Scripts/DungeonCreator/Line.cs" />
        <File uid="16" fullPath="C:/Users/ITWORK/Desktop/Unity/TimeSplit/Assets/Scripts/DungeonCreator/RoomGenerator.cs" />
        <File uid="17" fullPath="C:/Users/ITWORK/Desktop/Unity/TimeSplit/Assets/Scripts/DungeonCreator/RoomNode.cs" />
        <File uid="18" fullPath="C:/Users/ITWORK/Desktop/Unity/TimeSplit/Assets/Scripts/DungeonCreator/StructureHelper.cs" />
        <File uid="19" fullPath="C:/Users/ITWORK/Desktop/Unity/TimeSplit/Assets/Scripts/Enemies/Bullet.cs" />
        <File uid="20" fullPath="C:/Users/ITWORK/Desktop/Unity/TimeSplit/Assets/Scripts/Enemies/Enemy.cs" />
        <File uid="21" fullPath="C:/Users/ITWORK/Desktop/Unity/TimeSplit/Assets/Scripts/Enemies/EnemyHealth.cs" />
        <File uid="22" fullPath="C:/Users/ITWORK/Desktop/Unity/TimeSplit/Assets/Scripts/Enemies/EnemyPath.cs" />
        <File uid="23" fullPath="C:/Users/ITWORK/Desktop/Unity/TimeSplit/Assets/Scripts/Enemies/EnemyStates/AttackState.cs" />
        <File uid="24" fullPath="C:/Users/ITWORK/Desktop/Unity/TimeSplit/Assets/Scripts/Enemies/EnemyStates/PatrolState.cs" />
        <File uid="25" fullPath="C:/Users/ITWORK/Desktop/Unity/TimeSplit/Assets/Scripts/Enemies/EnemyStates/SearchState.cs" />
        <File uid="26" fullPath="C:/Users/ITWORK/Desktop/Unity/TimeSplit/Assets/Scripts/Enemies/EnemyStates/StationaryState.cs" />
        <File uid="27" fullPath="C:/Users/ITWORK/Desktop/Unity/TimeSplit/Assets/Scripts/Enemies/PatrollingEnemy.cs" />
        <File uid="28" fullPath="C:/Users/ITWORK/Desktop/Unity/TimeSplit/Assets/Scripts/Enemies/StateMachine.cs" />
        <File uid="29" fullPath="C:/Users/ITWORK/Desktop/Unity/TimeSplit/Assets/Scripts/Enemies/StationaryEnemy.cs" />
        <File uid="30" fullPath="C:/Users/ITWORK/Desktop/Unity/TimeSplit/Assets/Scripts/Enviroment/LevelEnder.cs" />
        <File uid="31" fullPath="C:/Users/ITWORK/Desktop/Unity/TimeSplit/Assets/Scripts/Generic/MonoSingleton.cs" />
        <File uid="32" fullPath="C:/Users/ITWORK/Desktop/Unity/TimeSplit/Assets/Scripts/HealthAbstract.cs" />
        <File uid="33" fullPath="C:/Users/ITWORK/Desktop/Unity/TimeSplit/Assets/Scripts/InputManager.cs" />
        <File uid="34" fullPath="C:/Users/ITWORK/Desktop/Unity/TimeSplit/Assets/Scripts/Inputs/InputSystem_Actions.cs" />
        <File uid="35" fullPath="C:/Users/ITWORK/Desktop/Unity/TimeSplit/Assets/Scripts/Interactables/AbstractInteractable.cs" />
        <File uid="36" fullPath="C:/Users/ITWORK/Desktop/Unity/TimeSplit/Assets/Scripts/Interactables/PickupableInteractable.cs" />
        <File uid="37" fullPath="C:/Users/ITWORK/Desktop/Unity/TimeSplit/Assets/Scripts/LevelManager.cs" />
        <File uid="38" fullPath="C:/Users/ITWORK/Desktop/Unity/TimeSplit/Assets/Scripts/Player/PlayerHealth.cs" />
        <File uid="39" fullPath="C:/Users/ITWORK/Desktop/Unity/TimeSplit/Assets/Scripts/Player/PlayerHold.cs" />
        <File uid="40" fullPath="C:/Users/ITWORK/Desktop/Unity/TimeSplit/Assets/Scripts/Player/PlayerInteract.cs" />
        <File uid="41" fullPath="C:/Users/ITWORK/Desktop/Unity/TimeSplit/Assets/Scripts/Player/PlayerLook.cs" />
        <File uid="42" fullPath="C:/Users/ITWORK/Desktop/Unity/TimeSplit/Assets/Scripts/Player/PlayerMovement.cs" />
        <File uid="43" fullPath="C:/Users/ITWORK/Desktop/Unity/TimeSplit/Assets/Scripts/TimeControl/CircularArray.cs" />
        <File uid="44" fullPath="C:/Users/ITWORK/Desktop/Unity/TimeSplit/Assets/Scripts/TimeControl/PressToRewind.cs" />
        <File uid="45" fullPath="C:/Users/ITWORK/Desktop/Unity/TimeSplit/Assets/Scripts/TimeControl/RewindAbstract.cs" />
        <File uid="46" fullPath="C:/Users/ITWORK/Desktop/Unity/TimeSplit/Assets/Scripts/TimeControl/RewindController.cs" />
        <File uid="47" fullPath="C:/Users/ITWORK/Desktop/Unity/TimeSplit/Assets/Scripts/TimeControl/RewindHealth.cs" />
        <File uid="48" fullPath="C:/Users/ITWORK/Desktop/Unity/TimeSplit/Assets/Scripts/TimeControl/RewindPoints.cs" />
        <File uid="49" fullPath="C:/Users/ITWORK/Desktop/Unity/TimeSplit/Assets/Scripts/TimeControl/RewindPosition.cs" />
        <File uid="50" fullPath="C:/Users/ITWORK/Desktop/Unity/TimeSplit/Assets/Scripts/TimeControl/RewindRigidbody.cs" />
        <File uid="51" fullPath="C:/Users/ITWORK/Desktop/Unity/TimeSplit/Assets/Scripts/UI/PointsController.cs" />
        <File uid="52" fullPath="C:/Users/ITWORK/Desktop/Unity/TimeSplit/Assets/Scripts/UI/PostProcessingManager.cs" />
        <File uid="53" fullPath="C:/Users/ITWORK/Desktop/Unity/TimeSplit/Assets/Scripts/UI/TimeClockHandController.cs" />
        <File uid="54" fullPath="C:/Users/ITWORK/Desktop/Unity/TimeSplit/Assets/Scripts/UI/TitleUiManager.cs" />
        <File uid="55" fullPath="C:/Users/ITWORK/Desktop/Unity/TimeSplit/Assets/Scripts/UI/UIManager.cs" />
        <File uid="56" fullPath="C:/Users/ITWORK/Desktop/Unity/TimeSplit/Assets/Scripts/Utils/FuzzyCompare.cs" />
        <File uid="57" fullPath="C:/Users/ITWORK/Desktop/Unity/TimeSplit/Assets/Scripts/Weapons/ShootableObject.cs" />
      </Files>
      <Classes>
        <Class>
          <Summary numSequencePoints="68" visitedSequencePoints="0" numBranchPoints="0" visitedBranchPoints="0" sequenceCoverage="0.0" branchCoverage="0.0" maxCyclomaticComplexity="0" minCyclomaticComplexity="0" maxCrapScore="0" minCrapScore="0" visitedClasses="0" numClasses="1" visitedMethods="0" numMethods="6" />
          <FullName>MonoSingleton[T]</FullName>
          <Methods>
            <Method visited="false" cyclomaticComplexity="0" nPathComplexity="0" sequenceCoverage="0.0" branchCoverage="0" crapScore="0" isConstructor="false" isStatic="true" isGetter="true" isSetter="false">
              <Summary numSequencePoints="15" visitedSequencePoints="0" numBranchPoints="0" visitedBranchPoints="0" sequenceCoverage="0.0" branchCoverage="0" maxCyclomaticComplexity="0" minCyclomaticComplexity="0" maxCrapScore="0" minCrapScore="0" visitedClasses="0" numClasses="0" visitedMethods="0" numMethods="1" />
              <MetadataToken>100663429</MetadataToken>
              <Name>static T MonoSingleton[T]::get_instance()</Name>
              <FileRef uid="31" />
              <SequencePoints>
                <SequencePoint vc="0" uspid="4957" ordinal="0" offset="0" sl="33" sc="0" el="33" ec="0" bec="0" bev="0" fileid="31" />
                <SequencePoint vc="0" uspid="4958" ordinal="0" offset="1" sl="35" sc="0" el="35" ec="0" bec="0" bev="0" fileid="31" />
                <SequencePoint vc="0" uspid="4959" ordinal="0" offset="21" sl="36" sc="0" el="36" ec="0" bec="0" bev="0" fileid="31" />
                <SequencePoint vc="0" uspid="4960" ordinal="0" offset="22" sl="37" sc="0" el="37" ec="0" bec="0" bev="0" fileid="31" />
                <SequencePoint vc="0" uspid="4961" ordinal="0" offset="30" sl="40" sc="0" el="40" ec="0" bec="0" bev="0" fileid="31" />
                <SequencePoint vc="0" uspid="4962" ordinal="0" offset="36" sl="41" sc="0" el="41" ec="0" bec="0" bev="0" fileid="31" />
                <SequencePoint vc="0" uspid="4963" ordinal="0" offset="51" sl="42" sc="0" el="42" ec="0" bec="0" bev="0" fileid="31" />
                <SequencePoint vc="0" uspid="4964" ordinal="0" offset="52" sl="43" sc="0" el="43" ec="0" bec="0" bev="0" fileid="31" />
                <SequencePoint vc="0" uspid="4965" ordinal="0" offset="65" sl="46" sc="0" el="46" ec="0" bec="0" bev="0" fileid="31" />
                <SequencePoint vc="0" uspid="4966" ordinal="0" offset="107" sl="47" sc="0" el="47" ec="0" bec="0" bev="0" fileid="31" />
                <SequencePoint vc="0" uspid="4967" ordinal="0" offset="118" sl="48" sc="0" el="48" ec="0" bec="0" bev="0" fileid="31" />
                <SequencePoint vc="0" uspid="4968" ordinal="0" offset="119" sl="49" sc="0" el="49" ec="0" bec="0" bev="0" fileid="31" />
                <SequencePoint vc="0" uspid="4969" ordinal="0" offset="141" sl="50" sc="0" el="50" ec="0" bec="0" bev="0" fileid="31" />
                <SequencePoint vc="0" uspid="4970" ordinal="0" offset="142" sl="51" sc="0" el="51" ec="0" bec="0" bev="0" fileid="31" />
                <SequencePoint vc="0" uspid="4971" ordinal="0" offset="150" sl="52" sc="0" el="52" ec="0" bec="0" bev="0" fileid="31" />
              </SequencePoints>
              <BranchPoints />
            </Method>
            <Method visited="false" cyclomaticComplexity="0" nPathComplexity="0" sequenceCoverage="0.0" branchCoverage="0" crapScore="0" isConstructor="false" isStatic="false" isGetter="false" isSetter="false">
              <Summary numSequencePoints="12" visitedSequencePoints="0" numBranchPoints="0" visitedBranchPoints="0" sequenceCoverage="0.0" branchCoverage="0" maxCyclomaticComplexity="0" minCyclomaticComplexity="0" maxCrapScore="0" minCrapScore="0" visitedClasses="0" numClasses="0" visitedMethods="0" numMethods="1" />
              <MetadataToken>100663430</MetadataToken>
              <Name>System.Void MonoSingleton[T]::Awake()</Name>
              <FileRef uid="31" />
              <SequencePoints>
                <SequencePoint vc="0" uspid="4972" ordinal="0" offset="0" sl="58" sc="0" el="58" ec="0" bec="0" bev="0" fileid="31" />
                <SequencePoint vc="0" uspid="4973" ordinal="0" offset="1" sl="59" sc="0" el="59" ec="0" bec="0" bev="0" fileid="31" />
                <SequencePoint vc="0" uspid="4974" ordinal="0" offset="66" sl="60" sc="0" el="60" ec="0" bec="0" bev="0" fileid="31" />
                <SequencePoint vc="0" uspid="4975" ordinal="0" offset="67" sl="61" sc="0" el="61" ec="0" bec="0" bev="0" fileid="31" />
                <SequencePoint vc="0" uspid="4976" ordinal="0" offset="78" sl="62" sc="0" el="62" ec="0" bec="0" bev="0" fileid="31" />
                <SequencePoint vc="0" uspid="4977" ordinal="0" offset="81" sl="63" sc="0" el="63" ec="0" bec="0" bev="0" fileid="31" />
                <SequencePoint vc="0" uspid="4978" ordinal="0" offset="101" sl="64" sc="0" el="64" ec="0" bec="0" bev="0" fileid="31" />
                <SequencePoint vc="0" uspid="4979" ordinal="0" offset="102" sl="65" sc="0" el="65" ec="0" bec="0" bev="0" fileid="31" />
                <SequencePoint vc="0" uspid="4980" ordinal="0" offset="124" sl="66" sc="0" el="66" ec="0" bec="0" bev="0" fileid="31" />
                <SequencePoint vc="0" uspid="4981" ordinal="0" offset="131" sl="67" sc="0" el="67" ec="0" bec="0" bev="0" fileid="31" />
                <SequencePoint vc="0" uspid="4982" ordinal="0" offset="133" sl="69" sc="0" el="69" ec="0" bec="0" bev="0" fileid="31" />
                <SequencePoint vc="0" uspid="4983" ordinal="0" offset="149" sl="70" sc="0" el="70" ec="0" bec="0" bev="0" fileid="31" />
              </SequencePoints>
              <BranchPoints />
            </Method>
            <Method visited="false" cyclomaticComplexity="0" nPathComplexity="0" sequenceCoverage="0.0" branchCoverage="0" crapScore="0" isConstructor="false" isStatic="false" isGetter="false" isSetter="false">
              <Summary numSequencePoints="16" visitedSequencePoints="0" numBranchPoints="0" visitedBranchPoints="0" sequenceCoverage="0.0" branchCoverage="0" maxCyclomaticComplexity="0" minCyclomaticComplexity="0" maxCrapScore="0" minCrapScore="0" visitedClasses="0" numClasses="0" visitedMethods="0" numMethods="1" />
              <MetadataToken>100663431</MetadataToken>
              <Name>System.Void MonoSingleton[T]::Init()</Name>
              <FileRef uid="31" />
              <SequencePoints>
                <SequencePoint vc="0" uspid="4984" ordinal="0" offset="0" sl="77" sc="0" el="77" ec="0" bec="0" bev="0" fileid="31" />
                <SequencePoint vc="0" uspid="4985" ordinal="0" offset="1" sl="78" sc="0" el="78" ec="0" bec="0" bev="0" fileid="31" />
                <SequencePoint vc="0" uspid="4986" ordinal="0" offset="11" sl="79" sc="0" el="79" ec="0" bec="0" bev="0" fileid="31" />
                <SequencePoint vc="0" uspid="4987" ordinal="0" offset="12" sl="80" sc="0" el="80" ec="0" bec="0" bev="0" fileid="31" />
                <SequencePoint vc="0" uspid="4988" ordinal="0" offset="14" sl="83" sc="0" el="83" ec="0" bec="0" bev="0" fileid="31" />
                <SequencePoint vc="0" uspid="4989" ordinal="0" offset="24" sl="84" sc="0" el="84" ec="0" bec="0" bev="0" fileid="31" />
                <SequencePoint vc="0" uspid="4990" ordinal="0" offset="25" sl="85" sc="0" el="85" ec="0" bec="0" bev="0" fileid="31" />
                <SequencePoint vc="0" uspid="4991" ordinal="0" offset="37" sl="86" sc="0" el="86" ec="0" bec="0" bev="0" fileid="31" />
                <SequencePoint vc="0" uspid="4992" ordinal="0" offset="38" sl="88" sc="0" el="88" ec="0" bec="0" bev="0" fileid="31" />
                <SequencePoint vc="0" uspid="4993" ordinal="0" offset="48" sl="89" sc="0" el="89" ec="0" bec="0" bev="0" fileid="31" />
                <SequencePoint vc="0" uspid="4994" ordinal="0" offset="49" sl="90" sc="0" el="90" ec="0" bec="0" bev="0" fileid="31" />
                <SequencePoint vc="0" uspid="4995" ordinal="0" offset="62" sl="91" sc="0" el="91" ec="0" bec="0" bev="0" fileid="31" />
                <SequencePoint vc="0" uspid="4996" ordinal="0" offset="63" sl="93" sc="0" el="93" ec="0" bec="0" bev="0" fileid="31" />
                <SequencePoint vc="0" uspid="4997" ordinal="0" offset="81" sl="95" sc="0" el="95" ec="0" bec="0" bev="0" fileid="31" />
                <SequencePoint vc="0" uspid="4998" ordinal="0" offset="88" sl="96" sc="0" el="96" ec="0" bec="0" bev="0" fileid="31" />
                <SequencePoint vc="0" uspid="4999" ordinal="0" offset="95" sl="97" sc="0" el="97" ec="0" bec="0" bev="0" fileid="31" />
              </SequencePoints>
              <BranchPoints />
            </Method>
            <Method visited="false" cyclomaticComplexity="0" nPathComplexity="0" sequenceCoverage="0.0" branchCoverage="0" crapScore="0" isConstructor="false" isStatic="false" isGetter="false" isSetter="false">
              <Summary numSequencePoints="12" visitedSequencePoints="0" numBranchPoints="0" visitedBranchPoints="0" sequenceCoverage="0.0" branchCoverage="0" maxCyclomaticComplexity="0" minCyclomaticComplexity="0" maxCrapScore="0" minCrapScore="0" visitedClasses="0" numClasses="0" visitedMethods="0" numMethods="1" />
              <MetadataToken>100663432</MetadataToken>
              <Name>System.Void MonoSingleton[T]::SceneManagerOnActiveSceneChanged(UnityEngine.SceneManagement.Scene, UnityEngine.SceneManagement.Scene)</Name>
              <FileRef uid="31" />
              <SequencePoints>
                <SequencePoint vc="0" uspid="5000" ordinal="0" offset="0" sl="100" sc="0" el="100" ec="0" bec="0" bev="0" fileid="31" />
                <SequencePoint vc="0" uspid="5001" ordinal="0" offset="1" sl="102" sc="0" el="102" ec="0" bec="0" bev="0" fileid="31" />
                <SequencePoint vc="0" uspid="5002" ordinal="0" offset="37" sl="103" sc="0" el="103" ec="0" bec="0" bev="0" fileid="31" />
                <SequencePoint vc="0" uspid="5003" ordinal="0" offset="38" sl="104" sc="0" el="104" ec="0" bec="0" bev="0" fileid="31" />
                <SequencePoint vc="0" uspid="5004" ordinal="0" offset="56" sl="105" sc="0" el="105" ec="0" bec="0" bev="0" fileid="31" />
                <SequencePoint vc="0" uspid="5005" ordinal="0" offset="67" sl="106" sc="0" el="106" ec="0" bec="0" bev="0" fileid="31" />
                <SequencePoint vc="0" uspid="5006" ordinal="0" offset="69" sl="109" sc="0" el="109" ec="0" bec="0" bev="0" fileid="31" />
                <SequencePoint vc="0" uspid="5007" ordinal="0" offset="79" sl="110" sc="0" el="110" ec="0" bec="0" bev="0" fileid="31" />
                <SequencePoint vc="0" uspid="5008" ordinal="0" offset="80" sl="111" sc="0" el="111" ec="0" bec="0" bev="0" fileid="31" />
                <SequencePoint vc="0" uspid="5009" ordinal="0" offset="82" sl="114" sc="0" el="114" ec="0" bec="0" bev="0" fileid="31" />
                <SequencePoint vc="0" uspid="5010" ordinal="0" offset="100" sl="115" sc="0" el="115" ec="0" bec="0" bev="0" fileid="31" />
                <SequencePoint vc="0" uspid="5011" ordinal="0" offset="111" sl="116" sc="0" el="116" ec="0" bec="0" bev="0" fileid="31" />
              </SequencePoints>
              <BranchPoints />
            </Method>
            <Method visited="false" cyclomaticComplexity="0" nPathComplexity="0" sequenceCoverage="0.0" branchCoverage="0" crapScore="0" isConstructor="false" isStatic="false" isGetter="false" isSetter="false">
              <Summary numSequencePoints="3" visitedSequencePoints="0" numBranchPoints="0" visitedBranchPoints="0" sequenceCoverage="0.0" branchCoverage="0" maxCyclomaticComplexity="0" minCyclomaticComplexity="0" maxCrapScore="0" minCrapScore="0" visitedClasses="0" numClasses="0" visitedMethods="0" numMethods="1" />
              <MetadataToken>100663434</MetadataToken>
              <Name>System.Void MonoSingleton[T]::OnApplicationQuit()</Name>
              <FileRef uid="31" />
              <SequencePoints>
                <SequencePoint vc="0" uspid="5012" ordinal="0" offset="0" sl="122" sc="0" el="122" ec="0" bec="0" bev="0" fileid="31" />
                <SequencePoint vc="0" uspid="5013" ordinal="0" offset="1" sl="123" sc="0" el="123" ec="0" bec="0" bev="0" fileid="31" />
                <SequencePoint vc="0" uspid="5014" ordinal="0" offset="12" sl="124" sc="0" el="124" ec="0" bec="0" bev="0" fileid="31" />
              </SequencePoints>
              <BranchPoints />
            </Method>
            <Method visited="false" cyclomaticComplexity="0" nPathComplexity="0" sequenceCoverage="0.0" branchCoverage="0" crapScore="0" isConstructor="false" isStatic="false" isGetter="false" isSetter="false">
              <Summary numSequencePoints="10" visitedSequencePoints="0" numBranchPoints="0" visitedBranchPoints="0" sequenceCoverage="0.0" branchCoverage="0" maxCyclomaticComplexity="0" minCyclomaticComplexity="0" maxCrapScore="0" minCrapScore="0" visitedClasses="0" numClasses="0" visitedMethods="0" numMethods="1" />
              <MetadataToken>100663435</MetadataToken>
              <Name>System.Void MonoSingleton[T]::OnDestroy()</Name>
              <FileRef uid="31" />
              <SequencePoints>
                <SequencePoint vc="0" uspid="5015" ordinal="0" offset="0" sl="127" sc="0" el="127" ec="0" bec="0" bev="0" fileid="31" />
                <SequencePoint vc="0" uspid="5016" ordinal="0" offset="1" sl="129" sc="0" el="129" ec="0" bec="0" bev="0" fileid="31" />
                <SequencePoint vc="0" uspid="5017" ordinal="0" offset="19" sl="131" sc="0" el="131" ec="0" bec="0" bev="0" fileid="31" />
                <SequencePoint vc="0" uspid="5018" ordinal="0" offset="26" sl="132" sc="0" el="132" ec="0" bec="0" bev="0" fileid="31" />
                <SequencePoint vc="0" uspid="5019" ordinal="0" offset="33" sl="133" sc="0" el="133" ec="0" bec="0" bev="0" fileid="31" />
                <SequencePoint vc="0" uspid="5020" ordinal="0" offset="53" sl="134" sc="0" el="134" ec="0" bec="0" bev="0" fileid="31" />
                <SequencePoint vc="0" uspid="5021" ordinal="0" offset="54" sl="135" sc="0" el="135" ec="0" bec="0" bev="0" fileid="31" />
                <SequencePoint vc="0" uspid="5022" ordinal="0" offset="56" sl="137" sc="0" el="137" ec="0" bec="0" bev="0" fileid="31" />
                <SequencePoint vc="0" uspid="5023" ordinal="0" offset="67" sl="138" sc="0" el="138" ec="0" bec="0" bev="0" fileid="31" />
                <SequencePoint vc="0" uspid="5024" ordinal="0" offset="74" sl="139" sc="0" el="139" ec="0" bec="0" bev="0" fileid="31" />
              </SequencePoints>
              <BranchPoints />
            </Method>
          </Methods>
        </Class>
        <Class>
          <Summary numSequencePoints="47" visitedSequencePoints="0" numBranchPoints="0" visitedBranchPoints="0" sequenceCoverage="0.0" branchCoverage="0.0" maxCyclomaticComplexity="0" minCyclomaticComplexity="0" maxCrapScore="0" minCrapScore="0" visitedClasses="0" numClasses="1" visitedMethods="0" numMethods="7" />
          <FullName>CircularArray[T]</FullName>
          <Methods>
            <Method visited="false" cyclomaticComplexity="0" nPathComplexity="0" sequenceCoverage="0.0" branchCoverage="0" crapScore="0" isConstructor="false" isStatic="false" isGetter="false" isSetter="false">
              <Summary numSequencePoints="11" visitedSequencePoints="0" numBranchPoints="0" visitedBranchPoints="0" sequenceCoverage="0.0" branchCoverage="0" maxCyclomaticComplexity="0" minCyclomaticComplexity="0" maxCrapScore="0" minCrapScore="0" visitedClasses="0" numClasses="0" visitedMethods="0" numMethods="1" />
              <MetadataToken>100663534</MetadataToken>
              <Name>System.Void CircularArray[T]::Write(T)</Name>
              <FileRef uid="43" />
              <SequencePoints>
                <SequencePoint vc="0" uspid="5512" ordinal="0" offset="0" sl="23" sc="0" el="23" ec="0" bec="0" bev="0" fileid="43" />
                <SequencePoint vc="0" uspid="5513" ordinal="0" offset="1" sl="24" sc="0" el="24" ec="0" bec="0" bev="0" fileid="43" />
                <SequencePoint vc="0" uspid="5514" ordinal="0" offset="15" sl="25" sc="0" el="25" ec="0" bec="0" bev="0" fileid="43" />
                <SequencePoint vc="0" uspid="5515" ordinal="0" offset="36" sl="26" sc="0" el="26" ec="0" bec="0" bev="0" fileid="43" />
                <SequencePoint vc="0" uspid="5516" ordinal="0" offset="37" sl="27" sc="0" el="27" ec="0" bec="0" bev="0" fileid="43" />
                <SequencePoint vc="0" uspid="5517" ordinal="0" offset="44" sl="28" sc="0" el="28" ec="0" bec="0" bev="0" fileid="43" />
                <SequencePoint vc="0" uspid="5518" ordinal="0" offset="62" sl="29" sc="0" el="29" ec="0" bec="0" bev="0" fileid="43" />
                <SequencePoint vc="0" uspid="5519" ordinal="0" offset="65" sl="31" sc="0" el="31" ec="0" bec="0" bev="0" fileid="43" />
                <SequencePoint vc="0" uspid="5520" ordinal="0" offset="66" sl="32" sc="0" el="32" ec="0" bec="0" bev="0" fileid="43" />
                <SequencePoint vc="0" uspid="5521" ordinal="0" offset="84" sl="33" sc="0" el="33" ec="0" bec="0" bev="0" fileid="43" />
                <SequencePoint vc="0" uspid="5522" ordinal="0" offset="85" sl="34" sc="0" el="34" ec="0" bec="0" bev="0" fileid="43" />
              </SequencePoints>
              <BranchPoints />
            </Method>
            <Method visited="false" cyclomaticComplexity="0" nPathComplexity="0" sequenceCoverage="0.0" branchCoverage="0" crapScore="0" isConstructor="false" isStatic="false" isGetter="false" isSetter="false">
              <Summary numSequencePoints="3" visitedSequencePoints="0" numBranchPoints="0" visitedBranchPoints="0" sequenceCoverage="0.0" branchCoverage="0" maxCyclomaticComplexity="0" minCyclomaticComplexity="0" maxCrapScore="0" minCrapScore="0" visitedClasses="0" numClasses="0" visitedMethods="0" numMethods="1" />
              <MetadataToken>100663535</MetadataToken>
              <Name>T CircularArray[T]::GetLastValue()</Name>
              <FileRef uid="43" />
              <SequencePoints>
                <SequencePoint vc="0" uspid="5523" ordinal="0" offset="0" sl="37" sc="0" el="37" ec="0" bec="0" bev="0" fileid="43" />
                <SequencePoint vc="0" uspid="5524" ordinal="0" offset="1" sl="38" sc="0" el="38" ec="0" bec="0" bev="0" fileid="43" />
                <SequencePoint vc="0" uspid="5525" ordinal="0" offset="21" sl="39" sc="0" el="39" ec="0" bec="0" bev="0" fileid="43" />
              </SequencePoints>
              <BranchPoints />
            </Method>
            <Method visited="false" cyclomaticComplexity="0" nPathComplexity="0" sequenceCoverage="0.0" branchCoverage="0" crapScore="0" isConstructor="false" isStatic="false" isGetter="false" isSetter="false">
              <Summary numSequencePoints="9" visitedSequencePoints="0" numBranchPoints="0" visitedBranchPoints="0" sequenceCoverage="0.0" branchCoverage="0" maxCyclomaticComplexity="0" minCyclomaticComplexity="0" maxCrapScore="0" minCrapScore="0" visitedClasses="0" numClasses="0" visitedMethods="0" numMethods="1" />
              <MetadataToken>100663536</MetadataToken>
              <Name>T CircularArray[T]::GetValue(System.Single)</Name>
              <FileRef uid="43" />
              <SequencePoints>
                <SequencePoint vc="0" uspid="5526" ordinal="0" offset="0" sl="42" sc="0" el="42" ec="0" bec="0" bev="0" fileid="43" />
                <SequencePoint vc="0" uspid="5527" ordinal="0" offset="1" sl="43" sc="0" el="43" ec="0" bec="0" bev="0" fileid="43" />
                <SequencePoint vc="0" uspid="5528" ordinal="0" offset="11" sl="45" sc="0" el="45" ec="0" bec="0" bev="0" fileid="43" />
                <SequencePoint vc="0" uspid="5529" ordinal="0" offset="26" sl="46" sc="0" el="46" ec="0" bec="0" bev="0" fileid="43" />
                <SequencePoint vc="0" uspid="5530" ordinal="0" offset="27" sl="47" sc="0" el="47" ec="0" bec="0" bev="0" fileid="43" />
                <SequencePoint vc="0" uspid="5531" ordinal="0" offset="43" sl="48" sc="0" el="48" ec="0" bec="0" bev="0" fileid="43" />
                <SequencePoint vc="0" uspid="5532" ordinal="0" offset="58" sl="51" sc="0" el="51" ec="0" bec="0" bev="0" fileid="43" />
                <SequencePoint vc="0" uspid="5533" ordinal="0" offset="59" sl="52" sc="0" el="52" ec="0" bec="0" bev="0" fileid="43" />
                <SequencePoint vc="0" uspid="5534" ordinal="0" offset="81" sl="54" sc="0" el="54" ec="0" bec="0" bev="0" fileid="43" />
              </SequencePoints>
              <BranchPoints />
            </Method>
            <Method visited="false" cyclomaticComplexity="0" nPathComplexity="0" sequenceCoverage="0.0" branchCoverage="0" crapScore="0" isConstructor="false" isStatic="false" isGetter="false" isSetter="false">
              <Summary numSequencePoints="10" visitedSequencePoints="0" numBranchPoints="0" visitedBranchPoints="0" sequenceCoverage="0.0" branchCoverage="0" maxCyclomaticComplexity="0" minCyclomaticComplexity="0" maxCrapScore="0" minCrapScore="0" visitedClasses="0" numClasses="0" visitedMethods="0" numMethods="1" />
              <MetadataToken>100663537</MetadataToken>
              <Name>System.Void CircularArray[T]::MoveCurrentIndex(System.Single)</Name>
              <FileRef uid="43" />
              <SequencePoints>
                <SequencePoint vc="0" uspid="5535" ordinal="0" offset="0" sl="56" sc="0" el="56" ec="0" bec="0" bev="0" fileid="43" />
                <SequencePoint vc="0" uspid="5536" ordinal="0" offset="1" sl="57" sc="0" el="57" ec="0" bec="0" bev="0" fileid="43" />
                <SequencePoint vc="0" uspid="5537" ordinal="0" offset="11" sl="59" sc="0" el="59" ec="0" bec="0" bev="0" fileid="43" />
                <SequencePoint vc="0" uspid="5538" ordinal="0" offset="26" sl="60" sc="0" el="60" ec="0" bec="0" bev="0" fileid="43" />
                <SequencePoint vc="0" uspid="5539" ordinal="0" offset="27" sl="61" sc="0" el="61" ec="0" bec="0" bev="0" fileid="43" />
                <SequencePoint vc="0" uspid="5540" ordinal="0" offset="48" sl="62" sc="0" el="62" ec="0" bec="0" bev="0" fileid="43" />
                <SequencePoint vc="0" uspid="5541" ordinal="0" offset="51" sl="64" sc="0" el="64" ec="0" bec="0" bev="0" fileid="43" />
                <SequencePoint vc="0" uspid="5542" ordinal="0" offset="52" sl="65" sc="0" el="65" ec="0" bec="0" bev="0" fileid="43" />
                <SequencePoint vc="0" uspid="5543" ordinal="0" offset="66" sl="66" sc="0" el="66" ec="0" bec="0" bev="0" fileid="43" />
                <SequencePoint vc="0" uspid="5544" ordinal="0" offset="67" sl="67" sc="0" el="67" ec="0" bec="0" bev="0" fileid="43" />
              </SequencePoints>
              <BranchPoints />
            </Method>
            <Method visited="false" cyclomaticComplexity="0" nPathComplexity="0" sequenceCoverage="0.0" branchCoverage="0" crapScore="0" isConstructor="false" isStatic="false" isGetter="false" isSetter="false">
              <Summary numSequencePoints="3" visitedSequencePoints="0" numBranchPoints="0" visitedBranchPoints="0" sequenceCoverage="0.0" branchCoverage="0" maxCyclomaticComplexity="0" minCyclomaticComplexity="0" maxCrapScore="0" minCrapScore="0" visitedClasses="0" numClasses="0" visitedMethods="0" numMethods="1" />
              <MetadataToken>100663538</MetadataToken>
              <Name>System.Void CircularArray[T]::OnMoveCurrentIndex(System.Single)</Name>
              <FileRef uid="43" />
              <SequencePoints>
                <SequencePoint vc="0" uspid="5545" ordinal="0" offset="0" sl="69" sc="0" el="69" ec="0" bec="0" bev="0" fileid="43" />
                <SequencePoint vc="0" uspid="5546" ordinal="0" offset="1" sl="70" sc="0" el="70" ec="0" bec="0" bev="0" fileid="43" />
                <SequencePoint vc="0" uspid="5547" ordinal="0" offset="9" sl="71" sc="0" el="71" ec="0" bec="0" bev="0" fileid="43" />
              </SequencePoints>
              <BranchPoints />
            </Method>
            <Method visited="false" cyclomaticComplexity="0" nPathComplexity="0" sequenceCoverage="0.0" branchCoverage="0" crapScore="0" isConstructor="true" isStatic="false" isGetter="false" isSetter="false">
              <Summary numSequencePoints="3" visitedSequencePoints="0" numBranchPoints="0" visitedBranchPoints="0" sequenceCoverage="0.0" branchCoverage="0" maxCyclomaticComplexity="0" minCyclomaticComplexity="0" maxCrapScore="0" minCrapScore="0" visitedClasses="0" numClasses="0" visitedMethods="0" numMethods="1" />
              <MetadataToken>100663532</MetadataToken>
              <Name>CircularArray[T]::CircularArray()</Name>
              <FileRef uid="43" />
              <SequencePoints>
                <SequencePoint vc="0" uspid="5548" ordinal="0" offset="0" sl="10" sc="0" el="10" ec="0" bec="0" bev="0" fileid="43" />
                <SequencePoint vc="0" uspid="5549" ordinal="0" offset="13" sl="11" sc="0" el="11" ec="0" bec="0" bev="0" fileid="43" />
                <SequencePoint vc="0" uspid="5550" ordinal="0" offset="14" sl="12" sc="0" el="12" ec="0" bec="0" bev="0" fileid="43" />
              </SequencePoints>
              <BranchPoints />
            </Method>
            <Method visited="false" cyclomaticComplexity="0" nPathComplexity="0" sequenceCoverage="0.0" branchCoverage="0" crapScore="0" isConstructor="true" isStatic="false" isGetter="false" isSetter="false">
              <Summary numSequencePoints="8" visitedSequencePoints="0" numBranchPoints="0" visitedBranchPoints="0" sequenceCoverage="0.0" branchCoverage="0" maxCyclomaticComplexity="0" minCyclomaticComplexity="0" maxCrapScore="0" minCrapScore="0" visitedClasses="0" numClasses="0" visitedMethods="0" numMethods="1" />
              <MetadataToken>100663533</MetadataToken>
              <Name>CircularArray[T]::CircularArray(System.Int32)</Name>
              <FileRef uid="43" />
              <SequencePoints>
                <SequencePoint vc="0" uspid="5551" ordinal="0" offset="0" sl="6" sc="0" el="6" ec="0" bec="0" bev="0" fileid="43" />
                <SequencePoint vc="0" uspid="5552" ordinal="0" offset="7" sl="14" sc="0" el="14" ec="0" bec="0" bev="0" fileid="43" />
                <SequencePoint vc="0" uspid="5553" ordinal="0" offset="14" sl="15" sc="0" el="15" ec="0" bec="0" bev="0" fileid="43" />
                <SequencePoint vc="0" uspid="5554" ordinal="0" offset="15" sl="16" sc="0" el="16" ec="0" bec="0" bev="0" fileid="43" />
                <SequencePoint vc="0" uspid="5555" ordinal="0" offset="32" sl="17" sc="0" el="17" ec="0" bec="0" bev="0" fileid="43" />
                <SequencePoint vc="0" uspid="5556" ordinal="0" offset="48" sl="18" sc="0" el="18" ec="0" bec="0" bev="0" fileid="43" />
                <SequencePoint vc="0" uspid="5557" ordinal="0" offset="65" sl="19" sc="0" el="19" ec="0" bec="0" bev="0" fileid="43" />
                <SequencePoint vc="0" uspid="5558" ordinal="0" offset="97" sl="20" sc="0" el="20" ec="0" bec="0" bev="0" fileid="43" />
              </SequencePoints>
              <BranchPoints />
            </Method>
          </Methods>
        </Class>
        <Class>
          <Summary numSequencePoints="1" visitedSequencePoints="0" numBranchPoints="0" visitedBranchPoints="0" sequenceCoverage="0.0" branchCoverage="0.0" maxCyclomaticComplexity="0" minCyclomaticComplexity="0" maxCrapScore="0" minCrapScore="0" visitedClasses="0" numClasses="1" visitedMethods="0" numMethods="1" />
          <FullName>MonoSingleton[T]/&lt;&gt;c</FullName>
          <Methods>
            <Method visited="false" cyclomaticComplexity="0" nPathComplexity="0" sequenceCoverage="0.0" branchCoverage="0" crapScore="0" isConstructor="false" isStatic="false" isGetter="false" isSetter="false">
              <Summary numSequencePoints="1" visitedSequencePoints="0" numBranchPoints="0" visitedBranchPoints="0" sequenceCoverage="0.0" branchCoverage="0" maxCyclomaticComplexity="0" minCyclomaticComplexity="0" maxCrapScore="0" minCrapScore="0" visitedClasses="0" numClasses="0" visitedMethods="0" numMethods="1" />
              <MetadataToken>100663709</MetadataToken>
              <Name>System.Boolean MonoSingleton[T]/&lt;&gt;c::&lt;get_instance&gt;b__5_0(T)</Name>
              <FileRef uid="31" />
              <SequencePoints>
                <SequencePoint vc="0" uspid="6139" ordinal="0" offset="0" sl="46" sc="0" el="46" ec="0" bec="0" bev="0" fileid="31" />
              </SequencePoints>
              <BranchPoints />
            </Method>
          </Methods>
        </Class>
      </Classes>
    </Module>
    <Module>
      <Summary numSequencePoints="4" visitedSequencePoints="0" numBranchPoints="0" visitedBranchPoints="0" sequenceCoverage="0.0" branchCoverage="0.0" maxCyclomaticComplexity="0" minCyclomaticComplexity="0" maxCrapScore="0" minCrapScore="0" visitedClasses="0" numClasses="1" visitedMethods="0" numMethods="1" />
      <ModuleTime>0001-01-01T00:00:00</ModuleTime>
      <ModuleName>PlayModeTests</ModuleName>
      <Files>
        <File uid="58" fullPath="C:/Users/ITWORK/Desktop/Unity/TimeSplit/Assets/PlayModeTests/EnemyTests.cs" />
        <File uid="59" fullPath="C:/Users/ITWORK/Desktop/Unity/TimeSplit/Assets/PlayModeTests/Performance/RewindPositionPerformanceTest.cs" />
        <File uid="60" fullPath="C:/Users/ITWORK/Desktop/Unity/TimeSplit/Assets/PlayModeTests/PickupableInteractableTests.cs" />
        <File uid="61" fullPath="C:/Users/ITWORK/Desktop/Unity/TimeSplit/Assets/PlayModeTests/PlayerHoldTests.cs" />
        <File uid="62" fullPath="C:/Users/ITWORK/Desktop/Unity/TimeSplit/Assets/PlayModeTests/PlayerInteractTests.cs" />
        <File uid="63" fullPath="C:/Users/ITWORK/Desktop/Unity/TimeSplit/Assets/PlayModeTests/PlayerLookTests.cs" />
        <File uid="64" fullPath="C:/Users/ITWORK/Desktop/Unity/TimeSplit/Assets/PlayModeTests/PlayerMovementTests.cs" />
        <File uid="65" fullPath="C:/Users/ITWORK/Desktop/Unity/TimeSplit/Assets/PlayModeTests/PointsControllerTests.cs" />
        <File uid="66" fullPath="C:/Users/ITWORK/Desktop/Unity/TimeSplit/Assets/PlayModeTests/RewindAbstractTests.cs" />
        <File uid="67" fullPath="C:/Users/ITWORK/Desktop/Unity/TimeSplit/Assets/PlayModeTests/RewindControllerTests.cs" />
        <File uid="68" fullPath="C:/Users/ITWORK/Desktop/Unity/TimeSplit/Assets/PlayModeTests/StateMachineTests.cs" />
      </Files>
      <Classes>
        <Class>
          <Summary numSequencePoints="4" visitedSequencePoints="0" numBranchPoints="0" visitedBranchPoints="0" sequenceCoverage="0.0" branchCoverage="0.0" maxCyclomaticComplexity="0" minCyclomaticComplexity="0" maxCrapScore="0" minCrapScore="0" visitedClasses="0" numClasses="1" visitedMethods="0" numMethods="1" />
          <FullName>PlayerHoldTests</FullName>
          <Methods>
            <Method visited="false" cyclomaticComplexity="0" nPathComplexity="0" sequenceCoverage="0.0" branchCoverage="0" crapScore="0" isConstructor="false" isStatic="false" isGetter="false" isSetter="false">
              <Summary numSequencePoints="4" visitedSequencePoints="0" numBranchPoints="0" visitedBranchPoints="0" sequenceCoverage="0.0" branchCoverage="0" maxCyclomaticComplexity="0" minCyclomaticComplexity="0" maxCrapScore="0" minCrapScore="0" visitedClasses="0" numClasses="0" visitedMethods="0" numMethods="1" />
              <MetadataToken>100663331</MetadataToken>
              <Name>T PlayerHoldTests::GetPrivateField[T](System.Object, System.String)</Name>
              <FileRef uid="61" />
              <SequencePoints>
                <SequencePoint vc="0" uspid="6581" ordinal="0" offset="0" sl="101" sc="0" el="101" ec="0" bec="0" bev="0" fileid="61" />
                <SequencePoint vc="0" uspid="6582" ordinal="0" offset="1" sl="102" sc="0" el="102" ec="0" bec="0" bev="0" fileid="61" />
                <SequencePoint vc="0" uspid="6583" ordinal="0" offset="16" sl="103" sc="0" el="103" ec="0" bec="0" bev="0" fileid="61" />
                <SequencePoint vc="0" uspid="6584" ordinal="0" offset="31" sl="104" sc="0" el="104" ec="0" bec="0" bev="0" fileid="61" />
              </SequencePoints>
              <BranchPoints />
            </Method>
          </Methods>
        </Class>
      </Classes>
    </Module>
  </Modules>
</CoverageSession>